2016-12-29 18:56:44 INFO  [main] INFO:23 - Unpacking .apk...
2016-12-29 18:56:44 INFO  [main] INFO:23 - In-memory .apk decoder...
2016-12-29 18:56:44 INFO  [main] INFO:23 - Decoding file \/\res\drawable\empty.xml
2016-12-29 18:56:44 INFO  [main] INFO:23 - Decoding file \/\res\xml\device_admin_data.xml
2016-12-29 18:56:44 INFO  [main] INFO:23 - Decoding file \/\AndroidManifest.xml
2016-12-29 18:56:44 INFO  [main] INFO:23 - 

Reading app metadata...

2016-12-29 18:56:44 INFO  [main] INFO:23 - 

Parsing AndroidManifest.xml...

2016-12-29 18:56:44 INFO  [main] INFO:23 - [OK] Skipping native .so files analysis cause no native code found inside
2016-12-29 18:56:44 INFO  [main] INFO:23 - 

Parsing Android Certificate...

2016-12-29 18:56:44 INFO  [main] INFO:23 - 

Parsing Android resource files...

2016-12-29 18:56:46 INFO  [main] INFO:23 - Loading .dex contents...
2016-12-29 18:56:46 INFO  [main] INFO:23 - Loading .dex contents...
2016-12-29 18:58:27 INFO  [main] INFO:23 - Unpacking .apk...
2016-12-29 18:58:27 INFO  [main] INFO:23 - In-memory .apk decoder...
2016-12-29 18:58:27 INFO  [main] INFO:23 - Decoding file \/\res\drawable\empty.xml
2016-12-29 18:58:27 INFO  [main] INFO:23 - Decoding file \/\res\xml\device_admin_data.xml
2016-12-29 18:58:27 INFO  [main] INFO:23 - Decoding file \/\AndroidManifest.xml
2016-12-29 18:58:27 INFO  [main] INFO:23 - 

Reading app metadata...

2016-12-29 18:58:27 INFO  [main] INFO:23 - 

Parsing AndroidManifest.xml...

2016-12-29 18:58:27 INFO  [main] INFO:23 - [OK] Skipping native .so files analysis cause no native code found inside
2016-12-29 18:58:27 INFO  [main] INFO:23 - 

Parsing Android Certificate...

2016-12-29 18:58:27 INFO  [main] INFO:23 - 

Parsing Android resource files...

2016-12-29 18:58:28 INFO  [main] INFO:23 - Loading .dex contents...
2016-12-29 18:58:28 INFO  [main] INFO:23 - Loading .dex contents...
2016-12-29 19:06:26 INFO  [main] INFO:23 - Unpacking .apk...
2016-12-29 19:06:26 INFO  [main] INFO:23 - In-memory .apk decoder...
2016-12-29 19:06:26 INFO  [main] INFO:23 - Decoding file \/\res\drawable\empty.xml
2016-12-29 19:06:26 INFO  [main] INFO:23 - Decoding file \/\res\xml\device_admin_data.xml
2016-12-29 19:06:26 INFO  [main] INFO:23 - Decoding file \/\AndroidManifest.xml
2016-12-29 19:06:26 INFO  [main] INFO:23 - 

Reading app metadata...

2016-12-29 19:06:26 INFO  [main] INFO:23 - 

Parsing AndroidManifest.xml...

2016-12-29 19:06:26 INFO  [main] INFO:23 - [OK] Skipping native .so files analysis cause no native code found inside
2016-12-29 19:06:26 INFO  [main] INFO:23 - 

Parsing Android Certificate...

2016-12-29 19:06:26 INFO  [main] INFO:23 - 

Parsing Android resource files...

2016-12-29 19:06:27 INFO  [main] INFO:23 - Loading .dex contents...
2016-12-29 19:06:27 INFO  [main] INFO:23 - Loading .dex contents...
2016-12-29 19:06:58 INFO  [main] INFO:23 - Unpacking .apk...
2016-12-29 19:06:58 INFO  [main] INFO:23 - In-memory .apk decoder...
2016-12-29 19:06:58 INFO  [main] INFO:23 - Decoding file \/\res\drawable\empty.xml
2016-12-29 19:06:58 INFO  [main] INFO:23 - Decoding file \/\res\xml\device_admin_data.xml
2016-12-29 19:06:58 INFO  [main] INFO:23 - Decoding file \/\AndroidManifest.xml
2016-12-29 19:06:58 INFO  [main] INFO:23 - 

Reading app metadata...

2016-12-29 19:06:58 INFO  [main] INFO:23 - 

Parsing AndroidManifest.xml...

2016-12-29 19:06:58 INFO  [main] INFO:23 - [OK] Skipping native .so files analysis cause no native code found inside
2016-12-29 19:06:58 INFO  [main] INFO:23 - 

Parsing Android Certificate...

2016-12-29 19:06:58 INFO  [main] INFO:23 - 

Parsing Android resource files...

2016-12-29 19:06:59 INFO  [main] INFO:23 - Loading .dex contents...
2016-12-29 19:06:59 INFO  [main] INFO:23 - Loading .dex contents...
2016-12-29 19:07:17 INFO  [main] INFO:23 - Unpacking .apk...
2016-12-29 19:07:17 INFO  [main] INFO:23 - In-memory .apk decoder...
2016-12-29 19:07:17 INFO  [main] INFO:23 - Decoding file \/\res\drawable\empty.xml
2016-12-29 19:07:17 INFO  [main] INFO:23 - Decoding file \/\res\xml\device_admin_data.xml
2016-12-29 19:07:17 INFO  [main] INFO:23 - Decoding file \/\AndroidManifest.xml
2016-12-29 19:07:17 INFO  [main] INFO:23 - 

Reading app metadata...

2016-12-29 19:07:17 INFO  [main] INFO:23 - 

Parsing AndroidManifest.xml...

2016-12-29 19:07:17 INFO  [main] INFO:23 - [OK] Skipping native .so files analysis cause no native code found inside
2016-12-29 19:07:17 INFO  [main] INFO:23 - 

Parsing Android Certificate...

2016-12-29 19:07:18 INFO  [main] INFO:23 - 

Parsing Android resource files...

2016-12-29 19:07:18 INFO  [main] INFO:23 - Loading .dex contents...
2016-12-29 19:07:18 INFO  [main] INFO:23 - Loading .dex contents...
2016-12-29 19:08:49 INFO  [main] INFO:23 - Unpacking .apk...
2016-12-29 19:08:49 INFO  [main] INFO:23 - In-memory .apk decoder...
2016-12-29 19:08:49 INFO  [main] INFO:23 - Decoding file \/\res\drawable\empty.xml
2016-12-29 19:08:49 INFO  [main] INFO:23 - Decoding file \/\res\xml\device_admin_data.xml
2016-12-29 19:08:49 INFO  [main] INFO:23 - Decoding file \/\AndroidManifest.xml
2016-12-29 19:08:49 INFO  [main] INFO:23 - 

Reading app metadata...

2016-12-29 19:08:49 INFO  [main] INFO:23 - 

Parsing AndroidManifest.xml...

2016-12-29 19:08:50 INFO  [main] INFO:23 - [OK] Skipping native .so files analysis cause no native code found inside
2016-12-29 19:08:50 INFO  [main] INFO:23 - 

Parsing Android Certificate...

2016-12-29 19:08:50 INFO  [main] INFO:23 - 

Parsing Android resource files...

2016-12-29 19:08:51 INFO  [main] INFO:23 - Loading .dex contents...
2016-12-29 19:08:51 INFO  [main] INFO:23 - Loading .dex contents...
2016-12-29 19:08:55 INFO  [main] INFO:23 - Unpacking .apk...
2016-12-29 19:08:55 INFO  [main] INFO:23 - In-memory .apk decoder...
2016-12-29 19:08:55 INFO  [main] INFO:23 - Decoding file \/\res\drawable\empty.xml
2016-12-29 19:08:55 INFO  [main] INFO:23 - Decoding file \/\res\xml\device_admin_data.xml
2016-12-29 19:08:55 INFO  [main] INFO:23 - Decoding file \/\AndroidManifest.xml
2016-12-29 19:08:56 INFO  [main] INFO:23 - 

Reading app metadata...

2016-12-29 19:08:56 INFO  [main] INFO:23 - 

Parsing AndroidManifest.xml...

2016-12-29 19:08:56 INFO  [main] INFO:23 - [OK] Skipping native .so files analysis cause no native code found inside
2016-12-29 19:08:56 INFO  [main] INFO:23 - 

Parsing Android Certificate...

2016-12-29 19:08:56 INFO  [main] INFO:23 - 

Parsing Android resource files...

2016-12-29 19:09:01 INFO  [main] INFO:23 - Unpacking .apk...
2016-12-29 19:09:02 INFO  [main] INFO:23 - In-memory .apk decoder...
2016-12-29 19:09:02 INFO  [main] INFO:23 - Decoding file \/\res\drawable\empty.xml
2016-12-29 19:09:02 INFO  [main] INFO:23 - Decoding file \/\res\xml\device_admin_data.xml
2016-12-29 19:09:02 INFO  [main] INFO:23 - Decoding file \/\AndroidManifest.xml
2016-12-29 19:09:02 INFO  [main] INFO:23 - 

Reading app metadata...

2016-12-29 19:09:02 INFO  [main] INFO:23 - 

Parsing AndroidManifest.xml...

2016-12-29 19:09:02 INFO  [main] INFO:23 - [OK] Skipping native .so files analysis cause no native code found inside
2016-12-29 19:09:02 INFO  [main] INFO:23 - 

Parsing Android Certificate...

2016-12-29 19:09:02 INFO  [main] INFO:23 - 

Parsing Android resource files...

2016-12-29 19:09:03 INFO  [main] INFO:23 - Loading .dex contents...
2016-12-29 19:09:03 INFO  [main] INFO:23 - Loading .dex contents...
2016-12-29 19:09:06 INFO  [main] INFO:23 - Unpacking .apk...
2016-12-29 19:09:06 INFO  [main] INFO:23 - In-memory .apk decoder...
2016-12-29 19:09:06 INFO  [main] INFO:23 - Decoding file \/\res\drawable\empty.xml
2016-12-29 19:09:06 INFO  [main] INFO:23 - Decoding file \/\res\xml\device_admin_data.xml
2016-12-29 19:09:06 INFO  [main] INFO:23 - Decoding file \/\AndroidManifest.xml
2016-12-29 19:09:06 INFO  [main] INFO:23 - 

Reading app metadata...

2016-12-29 19:09:07 INFO  [main] INFO:23 - 

Parsing AndroidManifest.xml...

2016-12-29 19:09:07 INFO  [main] INFO:23 - [OK] Skipping native .so files analysis cause no native code found inside
2016-12-29 19:09:07 INFO  [main] INFO:23 - 

Parsing Android Certificate...

2016-12-29 19:09:07 INFO  [main] INFO:23 - 

Parsing Android resource files...

2016-12-29 19:09:09 INFO  [main] INFO:23 - Loading .dex contents...
2016-12-29 19:09:09 INFO  [main] INFO:23 - Loading .dex contents...
2016-12-29 19:09:32 INFO  [main] INFO:23 - Unpacking .apk...
2016-12-29 19:09:32 INFO  [main] INFO:23 - In-memory .apk decoder...
2016-12-29 19:09:32 INFO  [main] INFO:23 - Decoding file \/\res\drawable\empty.xml
2016-12-29 19:09:32 INFO  [main] INFO:23 - Decoding file \/\res\xml\device_admin_data.xml
2016-12-29 19:09:32 INFO  [main] INFO:23 - Decoding file \/\AndroidManifest.xml
2016-12-29 19:09:32 INFO  [main] INFO:23 - 

Reading app metadata...

2016-12-29 19:09:32 INFO  [main] INFO:23 - 

Parsing AndroidManifest.xml...

2016-12-29 19:09:32 INFO  [main] INFO:23 - [OK] Skipping native .so files analysis cause no native code found inside
2016-12-29 19:09:32 INFO  [main] INFO:23 - 

Parsing Android Certificate...

2016-12-29 19:09:32 INFO  [main] INFO:23 - 

Parsing Android resource files...

2016-12-29 19:09:33 INFO  [main] INFO:23 - Loading .dex contents...
2016-12-29 19:09:33 INFO  [main] INFO:23 - Loading .dex contents...
2016-12-29 19:09:54 INFO  [main] INFO:23 - Unpacking .apk...
2016-12-29 19:09:54 INFO  [main] INFO:23 - In-memory .apk decoder...
2016-12-29 19:09:54 INFO  [main] INFO:23 - Decoding file \/\res\drawable\empty.xml
2016-12-29 19:09:54 INFO  [main] INFO:23 - Decoding file \/\res\xml\device_admin_data.xml
2016-12-29 19:09:54 INFO  [main] INFO:23 - Decoding file \/\AndroidManifest.xml
2016-12-29 19:09:54 INFO  [main] INFO:23 - 

Reading app metadata...

2016-12-29 19:09:54 INFO  [main] INFO:23 - 

Parsing AndroidManifest.xml...

2016-12-29 19:09:54 INFO  [main] INFO:23 - [OK] Skipping native .so files analysis cause no native code found inside
2016-12-29 19:09:54 INFO  [main] INFO:23 - 

Parsing Android Certificate...

2016-12-29 19:09:54 INFO  [main] INFO:23 - 

Parsing Android resource files...

2016-12-29 19:09:55 INFO  [main] INFO:23 - Loading .dex contents...
2016-12-29 19:09:55 INFO  [main] INFO:23 - Loading .dex contents...
2016-12-29 19:10:39 INFO  [main] INFO:23 - Unpacking .apk...
2016-12-29 19:10:39 INFO  [main] INFO:23 - In-memory .apk decoder...
2016-12-29 19:10:39 INFO  [main] INFO:23 - Decoding file \/\res\drawable\empty.xml
2016-12-29 19:10:39 INFO  [main] INFO:23 - Decoding file \/\res\xml\device_admin_data.xml
2016-12-29 19:10:39 INFO  [main] INFO:23 - Decoding file \/\AndroidManifest.xml
2016-12-29 19:10:39 INFO  [main] INFO:23 - 

Reading app metadata...

2016-12-29 19:10:40 INFO  [main] INFO:23 - 

Parsing AndroidManifest.xml...

2016-12-29 19:10:40 INFO  [main] INFO:23 - [OK] Skipping native .so files analysis cause no native code found inside
2016-12-29 19:10:40 INFO  [main] INFO:23 - 

Parsing Android Certificate...

2016-12-29 19:10:40 INFO  [main] INFO:23 - 

Parsing Android resource files...

2016-12-29 19:10:41 INFO  [main] INFO:23 - Loading .dex contents...
2016-12-29 19:10:41 INFO  [main] INFO:23 - Loading .dex contents...
2016-12-29 19:22:15 INFO  [main] INFO:23 - Unpacking .apk...
2016-12-29 19:22:15 INFO  [main] INFO:23 - In-memory .apk decoder...
2016-12-29 19:22:15 INFO  [main] INFO:23 - Decoding file \/\res\drawable\empty.xml
2016-12-29 19:22:15 INFO  [main] INFO:23 - Decoding file \/\res\xml\device_admin_data.xml
2016-12-29 19:22:15 INFO  [main] INFO:23 - Decoding file \/\AndroidManifest.xml
2016-12-29 19:22:15 INFO  [main] INFO:23 - 

Reading app metadata...

2016-12-29 19:22:15 INFO  [main] INFO:23 - 

Parsing AndroidManifest.xml...

2016-12-29 19:22:15 INFO  [main] INFO:23 - [OK] Skipping native .so files analysis cause no native code found inside
2016-12-29 19:22:15 INFO  [main] INFO:23 - 

Parsing Android Certificate...

2016-12-29 19:22:15 INFO  [main] INFO:23 - 

Parsing Android resource files...

2016-12-29 19:22:16 INFO  [main] INFO:23 - Loading .dex contents...
2016-12-29 19:22:16 INFO  [main] INFO:23 - Loading .dex contents...
2016-12-29 19:22:46 INFO  [main] INFO:23 - Unpacking .apk...
2016-12-29 19:22:46 INFO  [main] INFO:23 - In-memory .apk decoder...
2016-12-29 19:22:46 INFO  [main] INFO:23 - Decoding file \/\res\drawable\empty.xml
2016-12-29 19:22:46 INFO  [main] INFO:23 - Decoding file \/\res\xml\device_admin_data.xml
2016-12-29 19:22:46 INFO  [main] INFO:23 - Decoding file \/\AndroidManifest.xml
2016-12-29 19:22:46 INFO  [main] INFO:23 - 

Reading app metadata...

2016-12-29 19:22:46 INFO  [main] INFO:23 - 

Parsing AndroidManifest.xml...

2016-12-29 19:22:46 INFO  [main] INFO:23 - [OK] Skipping native .so files analysis cause no native code found inside
2016-12-29 19:22:46 INFO  [main] INFO:23 - 

Parsing Android Certificate...

2016-12-29 19:22:46 INFO  [main] INFO:23 - 

Parsing Android resource files...

2016-12-29 19:22:48 INFO  [main] INFO:23 - Loading .dex contents...
2016-12-29 19:22:48 INFO  [main] INFO:23 - Loading .dex contents...
2016-12-29 19:23:08 INFO  [main] INFO:23 - Unpacking .apk...
2016-12-29 19:23:08 INFO  [main] INFO:23 - In-memory .apk decoder...
2016-12-29 19:23:08 INFO  [main] INFO:23 - Decoding file \/\res\drawable\empty.xml
2016-12-29 19:23:08 INFO  [main] INFO:23 - Decoding file \/\res\xml\device_admin_data.xml
2016-12-29 19:23:08 INFO  [main] INFO:23 - Decoding file \/\AndroidManifest.xml
2016-12-29 19:23:08 INFO  [main] INFO:23 - 

Reading app metadata...

2016-12-29 19:23:08 INFO  [main] INFO:23 - 

Parsing AndroidManifest.xml...

2016-12-29 19:23:09 INFO  [main] INFO:23 - [OK] Skipping native .so files analysis cause no native code found inside
2016-12-29 19:23:09 INFO  [main] INFO:23 - 

Parsing Android Certificate...

2016-12-29 19:23:09 INFO  [main] INFO:23 - 

Parsing Android resource files...

2016-12-29 19:23:10 INFO  [main] INFO:23 - Loading .dex contents...
2016-12-29 19:23:10 INFO  [main] INFO:23 - Loading .dex contents...
2016-12-29 19:24:36 INFO  [main] INFO:23 - Unpacking .apk...
2016-12-29 19:24:36 INFO  [main] INFO:23 - In-memory .apk decoder...
2016-12-29 19:24:36 INFO  [main] INFO:23 - Decoding file \/\res\drawable\empty.xml
2016-12-29 19:24:36 INFO  [main] INFO:23 - Decoding file \/\res\xml\device_admin_data.xml
2016-12-29 19:24:36 INFO  [main] INFO:23 - Decoding file \/\AndroidManifest.xml
2016-12-29 19:24:36 INFO  [main] INFO:23 - 

Reading app metadata...

2016-12-29 19:24:36 INFO  [main] INFO:23 - 

Parsing AndroidManifest.xml...

2016-12-29 19:24:36 INFO  [main] INFO:23 - [OK] Skipping native .so files analysis cause no native code found inside
2016-12-29 19:24:36 INFO  [main] INFO:23 - 

Parsing Android Certificate...

2016-12-29 19:24:37 INFO  [main] INFO:23 - 

Parsing Android resource files...

2016-12-29 19:24:38 INFO  [main] INFO:23 - Loading .dex contents...
2016-12-29 19:24:38 INFO  [main] INFO:23 - Loading .dex contents...
2016-12-29 19:25:01 INFO  [main] INFO:23 - Unpacking .apk...
2016-12-29 19:25:01 INFO  [main] INFO:23 - In-memory .apk decoder...
2016-12-29 19:25:01 INFO  [main] INFO:23 - Decoding file \/\res\drawable\empty.xml
2016-12-29 19:25:01 INFO  [main] INFO:23 - Decoding file \/\res\xml\device_admin_data.xml
2016-12-29 19:25:01 INFO  [main] INFO:23 - Decoding file \/\AndroidManifest.xml
2016-12-29 19:25:01 INFO  [main] INFO:23 - 

Reading app metadata...

2016-12-29 19:25:01 INFO  [main] INFO:23 - 

Parsing AndroidManifest.xml...

2016-12-29 19:25:01 INFO  [main] INFO:23 - [OK] Skipping native .so files analysis cause no native code found inside
2016-12-29 19:25:01 INFO  [main] INFO:23 - 

Parsing Android Certificate...

2016-12-29 19:25:01 INFO  [main] INFO:23 - 

Parsing Android resource files...

2016-12-29 19:25:02 INFO  [main] INFO:23 - Loading .dex contents...
2016-12-29 19:25:02 INFO  [main] INFO:23 - Loading .dex contents...
2016-12-29 19:27:51 INFO  [main] INFO:23 - Unpacking .apk...
2016-12-29 19:27:51 INFO  [main] INFO:23 - In-memory .apk decoder...
2016-12-29 19:27:51 INFO  [main] INFO:23 - Decoding file \/\res\drawable\empty.xml
2016-12-29 19:27:51 INFO  [main] INFO:23 - Decoding file \/\res\xml\device_admin_data.xml
2016-12-29 19:27:51 INFO  [main] INFO:23 - Decoding file \/\AndroidManifest.xml
2016-12-29 19:27:51 INFO  [main] INFO:23 - 

Reading app metadata...

2016-12-29 19:27:51 INFO  [main] INFO:23 - 

Parsing AndroidManifest.xml...

2016-12-29 19:27:51 INFO  [main] INFO:23 - [OK] Skipping native .so files analysis cause no native code found inside
2016-12-29 19:27:51 INFO  [main] INFO:23 - 

Parsing Android Certificate...

2016-12-29 19:27:51 INFO  [main] INFO:23 - 

Parsing Android resource files...

2016-12-29 19:27:52 INFO  [main] INFO:23 - Loading .dex contents...
2016-12-29 19:27:52 INFO  [main] INFO:23 - Loading .dex contents...
2016-12-29 19:28:15 INFO  [main] INFO:23 - Unpacking .apk...
2016-12-29 19:28:15 INFO  [main] INFO:23 - In-memory .apk decoder...
2016-12-29 19:28:15 INFO  [main] INFO:23 - Decoding file \/\res\drawable\empty.xml
2016-12-29 19:28:16 INFO  [main] INFO:23 - Decoding file \/\res\xml\device_admin_data.xml
2016-12-29 19:28:16 INFO  [main] INFO:23 - Decoding file \/\AndroidManifest.xml
2016-12-29 19:28:16 INFO  [main] INFO:23 - 

Reading app metadata...

2016-12-29 19:28:16 INFO  [main] INFO:23 - 

Parsing AndroidManifest.xml...

2016-12-29 19:28:16 INFO  [main] INFO:23 - [OK] Skipping native .so files analysis cause no native code found inside
2016-12-29 19:28:16 INFO  [main] INFO:23 - 

Parsing Android Certificate...

2016-12-29 19:28:16 INFO  [main] INFO:23 - 

Parsing Android resource files...

2016-12-29 19:28:17 INFO  [main] INFO:23 - Loading .dex contents...
2016-12-29 19:28:17 INFO  [main] INFO:23 - Loading .dex contents...
2016-12-29 19:29:21 INFO  [main] INFO:23 - Unpacking .apk...
2016-12-29 19:29:21 INFO  [main] INFO:23 - In-memory .apk decoder...
2016-12-29 19:29:21 INFO  [main] INFO:23 - Decoding file \/\res\drawable\empty.xml
2016-12-29 19:29:21 INFO  [main] INFO:23 - Decoding file \/\res\xml\device_admin_data.xml
2016-12-29 19:29:21 INFO  [main] INFO:23 - Decoding file \/\AndroidManifest.xml
2016-12-29 19:29:21 INFO  [main] INFO:23 - 

Reading app metadata...

2016-12-29 19:29:21 INFO  [main] INFO:23 - 

Parsing AndroidManifest.xml...

2016-12-29 19:29:21 INFO  [main] INFO:23 - [OK] Skipping native .so files analysis cause no native code found inside
2016-12-29 19:29:21 INFO  [main] INFO:23 - 

Parsing Android Certificate...

2016-12-29 19:29:21 INFO  [main] INFO:23 - 

Parsing Android resource files...

2016-12-29 19:29:22 INFO  [main] INFO:23 - Loading .dex contents...
2016-12-29 19:29:22 INFO  [main] INFO:23 - Loading .dex contents...
2016-12-29 19:30:05 INFO  [main] INFO:23 - Unpacking .apk...
2016-12-29 19:30:05 INFO  [main] INFO:23 - In-memory .apk decoder...
2016-12-29 19:30:05 INFO  [main] INFO:23 - Decoding file \/\res\drawable\empty.xml
2016-12-29 19:30:05 INFO  [main] INFO:23 - Decoding file \/\res\xml\device_admin_data.xml
2016-12-29 19:30:05 INFO  [main] INFO:23 - Decoding file \/\AndroidManifest.xml
2016-12-29 19:30:05 INFO  [main] INFO:23 - 

Reading app metadata...

2016-12-29 19:30:05 INFO  [main] INFO:23 - 

Parsing AndroidManifest.xml...

2016-12-29 19:30:05 INFO  [main] INFO:23 - [OK] Skipping native .so files analysis cause no native code found inside
2016-12-29 19:30:05 INFO  [main] INFO:23 - 

Parsing Android Certificate...

2016-12-29 19:30:05 INFO  [main] INFO:23 - 

Parsing Android resource files...

2016-12-29 19:30:06 INFO  [main] INFO:23 - Loading .dex contents...
2016-12-29 19:30:06 INFO  [main] INFO:23 - Loading .dex contents...
2016-12-29 19:30:45 INFO  [main] INFO:23 - Unpacking .apk...
2016-12-29 19:30:45 INFO  [main] INFO:23 - In-memory .apk decoder...
2016-12-29 19:30:45 INFO  [main] INFO:23 - Decoding file \/\res\drawable\empty.xml
2016-12-29 19:30:45 INFO  [main] INFO:23 - Decoding file \/\res\xml\device_admin_data.xml
2016-12-29 19:30:45 INFO  [main] INFO:23 - Decoding file \/\AndroidManifest.xml
2016-12-29 19:30:45 INFO  [main] INFO:23 - 

Reading app metadata...

2016-12-29 19:30:45 INFO  [main] INFO:23 - 

Parsing AndroidManifest.xml...

2016-12-29 19:30:46 INFO  [main] INFO:23 - [OK] Skipping native .so files analysis cause no native code found inside
2016-12-29 19:30:46 INFO  [main] INFO:23 - 

Parsing Android Certificate...

2016-12-29 19:30:46 INFO  [main] INFO:23 - 

Parsing Android resource files...

2016-12-29 19:30:47 INFO  [main] INFO:23 - Loading .dex contents...
2016-12-29 19:30:47 INFO  [main] INFO:23 - Loading .dex contents...
2016-12-29 19:31:15 INFO  [main] INFO:23 - Unpacking .apk...
2016-12-29 19:31:15 INFO  [main] INFO:23 - In-memory .apk decoder...
2016-12-29 19:31:15 INFO  [main] INFO:23 - Decoding file \/\res\drawable\empty.xml
2016-12-29 19:31:16 INFO  [main] INFO:23 - Decoding file \/\res\xml\device_admin_data.xml
2016-12-29 19:31:16 INFO  [main] INFO:23 - Decoding file \/\AndroidManifest.xml
2016-12-29 19:31:16 INFO  [main] INFO:23 - 

Reading app metadata...

2016-12-29 19:31:16 INFO  [main] INFO:23 - 

Parsing AndroidManifest.xml...

2016-12-29 19:31:16 INFO  [main] INFO:23 - [OK] Skipping native .so files analysis cause no native code found inside
2016-12-29 19:31:16 INFO  [main] INFO:23 - 

Parsing Android Certificate...

2016-12-29 19:31:16 INFO  [main] INFO:23 - 

Parsing Android resource files...

2016-12-29 19:31:17 INFO  [main] INFO:23 - Loading .dex contents...
2016-12-29 19:31:17 INFO  [main] INFO:23 - Loading .dex contents...
2016-12-29 19:33:37 INFO  [main] INFO:23 - Unpacking .apk...
2016-12-29 19:33:37 INFO  [main] INFO:23 - In-memory .apk decoder...
2016-12-29 19:33:37 INFO  [main] INFO:23 - Decoding file \/\res\drawable\empty.xml
2016-12-29 19:33:37 INFO  [main] INFO:23 - Decoding file \/\res\xml\device_admin_data.xml
2016-12-29 19:33:37 INFO  [main] INFO:23 - Decoding file \/\AndroidManifest.xml
2016-12-29 19:33:37 INFO  [main] INFO:23 - 

Reading app metadata...

2016-12-29 19:33:37 INFO  [main] INFO:23 - 

Parsing AndroidManifest.xml...

2016-12-29 19:33:38 INFO  [main] INFO:23 - [OK] Skipping native .so files analysis cause no native code found inside
2016-12-29 19:33:38 INFO  [main] INFO:23 - 

Parsing Android Certificate...

2016-12-29 19:33:38 INFO  [main] INFO:23 - 

Parsing Android resource files...

2016-12-29 19:33:39 INFO  [main] INFO:23 - Loading .dex contents...
2016-12-29 19:33:39 INFO  [main] INFO:23 - Loading .dex contents...
2016-12-29 19:34:00 INFO  [main] INFO:23 - Unpacking .apk...
2016-12-29 19:34:00 INFO  [main] INFO:23 - In-memory .apk decoder...
2016-12-29 19:34:00 INFO  [main] INFO:23 - Decoding file \/\res\drawable\empty.xml
2016-12-29 19:34:00 INFO  [main] INFO:23 - Decoding file \/\res\xml\device_admin_data.xml
2016-12-29 19:34:00 INFO  [main] INFO:23 - Decoding file \/\AndroidManifest.xml
2016-12-29 19:34:00 INFO  [main] INFO:23 - 

Reading app metadata...

2016-12-29 19:34:00 INFO  [main] INFO:23 - 

Parsing AndroidManifest.xml...

2016-12-29 19:34:01 INFO  [main] INFO:23 - [OK] Skipping native .so files analysis cause no native code found inside
2016-12-29 19:34:01 INFO  [main] INFO:23 - 

Parsing Android Certificate...

2016-12-29 19:34:01 INFO  [main] INFO:23 - 

Parsing Android resource files...

2016-12-29 19:34:02 INFO  [main] INFO:23 - Loading .dex contents...
2016-12-29 19:34:02 INFO  [main] INFO:23 - Loading .dex contents...
2016-12-29 19:34:30 INFO  [main] INFO:23 - Unpacking .apk...
2016-12-29 19:34:30 INFO  [main] INFO:23 - In-memory .apk decoder...
2016-12-29 19:34:30 INFO  [main] INFO:23 - Decoding file \/\res\drawable\empty.xml
2016-12-29 19:34:30 INFO  [main] INFO:23 - Decoding file \/\res\xml\device_admin_data.xml
2016-12-29 19:34:30 INFO  [main] INFO:23 - Decoding file \/\AndroidManifest.xml
2016-12-29 19:34:30 INFO  [main] INFO:23 - 

Reading app metadata...

2016-12-29 19:34:31 INFO  [main] INFO:23 - 

Parsing AndroidManifest.xml...

2016-12-29 19:34:31 INFO  [main] INFO:23 - [OK] Skipping native .so files analysis cause no native code found inside
2016-12-29 19:34:31 INFO  [main] INFO:23 - 

Parsing Android Certificate...

2016-12-29 19:34:31 INFO  [main] INFO:23 - 

Parsing Android resource files...

2016-12-29 19:34:32 INFO  [main] INFO:23 - Loading .dex contents...
2016-12-29 19:34:32 INFO  [main] INFO:23 - Loading .dex contents...
2016-12-29 19:34:47 INFO  [main] INFO:23 - Unpacking .apk...
2016-12-29 19:34:47 INFO  [main] INFO:23 - In-memory .apk decoder...
2016-12-29 19:34:47 INFO  [main] INFO:23 - Decoding file \/\res\drawable\empty.xml
2016-12-29 19:34:47 INFO  [main] INFO:23 - Decoding file \/\res\xml\device_admin_data.xml
2016-12-29 19:34:47 INFO  [main] INFO:23 - Decoding file \/\AndroidManifest.xml
2016-12-29 19:34:47 INFO  [main] INFO:23 - 

Reading app metadata...

2016-12-29 19:34:47 INFO  [main] INFO:23 - 

Parsing AndroidManifest.xml...

2016-12-29 19:34:48 INFO  [main] INFO:23 - [OK] Skipping native .so files analysis cause no native code found inside
2016-12-29 19:34:48 INFO  [main] INFO:23 - 

Parsing Android Certificate...

2016-12-29 19:34:48 INFO  [main] INFO:23 - 

Parsing Android resource files...

2016-12-29 19:34:48 INFO  [main] INFO:23 - Loading .dex contents...
2016-12-29 19:34:48 INFO  [main] INFO:23 - Loading .dex contents...
2016-12-29 19:37:11 INFO  [main] INFO:23 - Unpacking .apk...
2016-12-29 19:37:11 INFO  [main] INFO:23 - In-memory .apk decoder...
2016-12-29 19:37:11 INFO  [main] INFO:23 - Decoding file \/\res\drawable\empty.xml
2016-12-29 19:37:11 INFO  [main] INFO:23 - Decoding file \/\res\xml\device_admin_data.xml
2016-12-29 19:37:11 INFO  [main] INFO:23 - Decoding file \/\AndroidManifest.xml
2016-12-29 19:37:11 INFO  [main] INFO:23 - 

Reading app metadata...

2016-12-29 19:37:11 INFO  [main] INFO:23 - 

Parsing AndroidManifest.xml...

2016-12-29 19:37:12 INFO  [main] INFO:23 - [OK] Skipping native .so files analysis cause no native code found inside
2016-12-29 19:37:12 INFO  [main] INFO:23 - 

Parsing Android Certificate...

2016-12-29 19:37:12 INFO  [main] INFO:23 - 

Parsing Android resource files...

2016-12-29 19:37:13 INFO  [main] INFO:23 - Loading .dex contents...
2016-12-29 19:37:13 INFO  [main] INFO:23 - Loading .dex contents...
2016-12-29 19:38:49 INFO  [main] INFO:23 - Unpacking .apk...
2016-12-29 19:38:49 INFO  [main] INFO:23 - In-memory .apk decoder...
2016-12-29 19:38:49 INFO  [main] INFO:23 - Decoding file \/\res\drawable\empty.xml
2016-12-29 19:38:49 INFO  [main] INFO:23 - Decoding file \/\res\xml\device_admin_data.xml
2016-12-29 19:38:49 INFO  [main] INFO:23 - Decoding file \/\AndroidManifest.xml
2016-12-29 19:38:49 INFO  [main] INFO:23 - 

Reading app metadata...

2016-12-29 19:38:50 INFO  [main] INFO:23 - 

Parsing AndroidManifest.xml...

2016-12-29 19:38:50 INFO  [main] INFO:23 - [OK] Skipping native .so files analysis cause no native code found inside
2016-12-29 19:38:50 INFO  [main] INFO:23 - 

Parsing Android Certificate...

2016-12-29 19:38:50 INFO  [main] INFO:23 - 

Parsing Android resource files...

2016-12-29 19:38:51 INFO  [main] INFO:23 - Loading .dex contents...
2016-12-29 19:38:51 INFO  [main] INFO:23 - Loading .dex contents...
2016-12-29 19:40:07 INFO  [main] INFO:23 - Unpacking .apk...
2016-12-29 19:40:07 INFO  [main] INFO:23 - In-memory .apk decoder...
2016-12-29 19:40:07 INFO  [main] INFO:23 - Decoding file \/\res\drawable\empty.xml
2016-12-29 19:40:07 INFO  [main] INFO:23 - Decoding file \/\res\xml\device_admin_data.xml
2016-12-29 19:40:07 INFO  [main] INFO:23 - Decoding file \/\AndroidManifest.xml
2016-12-29 19:40:07 INFO  [main] INFO:23 - 

Reading app metadata...

2016-12-29 19:40:08 INFO  [main] INFO:23 - 

Parsing AndroidManifest.xml...

2016-12-29 19:40:08 INFO  [main] INFO:23 - [OK] Skipping native .so files analysis cause no native code found inside
2016-12-29 19:40:08 INFO  [main] INFO:23 - 

Parsing Android Certificate...

2016-12-29 19:40:08 INFO  [main] INFO:23 - 

Parsing Android resource files...

2016-12-29 19:40:09 INFO  [main] INFO:23 - Loading .dex contents...
2016-12-29 19:40:09 INFO  [main] INFO:23 - Loading .dex contents...
2016-12-29 19:40:36 INFO  [main] INFO:23 - Unpacking .apk...
2016-12-29 19:40:36 INFO  [main] INFO:23 - In-memory .apk decoder...
2016-12-29 19:40:36 INFO  [main] INFO:23 - Decoding file \/\res\drawable\empty.xml
2016-12-29 19:40:36 INFO  [main] INFO:23 - Decoding file \/\res\xml\device_admin_data.xml
2016-12-29 19:40:36 INFO  [main] INFO:23 - Decoding file \/\AndroidManifest.xml
2016-12-29 19:40:36 INFO  [main] INFO:23 - 

Reading app metadata...

2016-12-29 19:40:36 INFO  [main] INFO:23 - 

Parsing AndroidManifest.xml...

2016-12-29 19:40:36 INFO  [main] INFO:23 - [OK] Skipping native .so files analysis cause no native code found inside
2016-12-29 19:40:36 INFO  [main] INFO:23 - 

Parsing Android Certificate...

2016-12-29 19:40:37 INFO  [main] INFO:23 - 

Parsing Android resource files...

2016-12-29 19:40:37 INFO  [main] INFO:23 - Loading .dex contents...
2016-12-29 19:40:37 INFO  [main] INFO:23 - Loading .dex contents...
2016-12-29 19:41:25 INFO  [main] INFO:23 - Matched rule: get package manager
2016-12-29 19:42:20 INFO  [main] INFO:23 - Unpacking .apk...
2016-12-29 19:42:20 INFO  [main] INFO:23 - In-memory .apk decoder...
2016-12-29 19:42:20 INFO  [main] INFO:23 - Decoding file \/\res\drawable\empty.xml
2016-12-29 19:42:20 INFO  [main] INFO:23 - Decoding file \/\res\xml\device_admin_data.xml
2016-12-29 19:42:20 INFO  [main] INFO:23 - Decoding file \/\AndroidManifest.xml
2016-12-29 19:42:20 INFO  [main] INFO:23 - 

Reading app metadata...

2016-12-29 19:42:20 INFO  [main] INFO:23 - 

Parsing AndroidManifest.xml...

2016-12-29 19:42:21 INFO  [main] INFO:23 - [OK] Skipping native .so files analysis cause no native code found inside
2016-12-29 19:42:21 INFO  [main] INFO:23 - 

Parsing Android Certificate...

2016-12-29 19:42:21 INFO  [main] INFO:23 - 

Parsing Android resource files...

2016-12-29 19:42:22 INFO  [main] INFO:23 - Loading .dex contents...
2016-12-29 19:42:22 INFO  [main] INFO:23 - Loading .dex contents...
2016-12-29 19:42:26 INFO  [main] INFO:23 - Matched rule: Get's Android package manager
2016-12-29 19:43:00 INFO  [main] INFO:23 - Unpacking .apk...
2016-12-29 19:43:00 INFO  [main] INFO:23 - In-memory .apk decoder...
2016-12-29 19:43:00 INFO  [main] INFO:23 - Decoding file \/\res\drawable\empty.xml
2016-12-29 19:43:00 INFO  [main] INFO:23 - Decoding file \/\res\xml\device_admin_data.xml
2016-12-29 19:43:00 INFO  [main] INFO:23 - Decoding file \/\AndroidManifest.xml
2016-12-29 19:43:00 INFO  [main] INFO:23 - 

Reading app metadata...

2016-12-29 19:43:00 INFO  [main] INFO:23 - 

Parsing AndroidManifest.xml...

2016-12-29 19:43:00 INFO  [main] INFO:23 - [OK] Skipping native .so files analysis cause no native code found inside
2016-12-29 19:43:00 INFO  [main] INFO:23 - 

Parsing Android Certificate...

2016-12-29 19:43:00 INFO  [main] INFO:23 - 

Parsing Android resource files...

2016-12-29 19:43:01 INFO  [main] INFO:23 - Loading .dex contents...
2016-12-29 19:43:01 INFO  [main] INFO:23 - Loading .dex contents...
2016-12-29 19:43:05 INFO  [main] INFO:23 - Matched rule: Get's Android package manager
2016-12-29 19:47:46 INFO  [main] INFO:23 - Unpacking .apk...
2016-12-29 19:47:46 INFO  [main] INFO:23 - In-memory .apk decoder...
2016-12-29 19:47:46 INFO  [main] INFO:23 - Decoding file \/\res\drawable\empty.xml
2016-12-29 19:47:46 INFO  [main] INFO:23 - Decoding file \/\res\xml\device_admin_data.xml
2016-12-29 19:47:46 INFO  [main] INFO:23 - Decoding file \/\AndroidManifest.xml
2016-12-29 19:47:46 INFO  [main] INFO:23 - 

Reading app metadata...

2016-12-29 19:47:46 INFO  [main] INFO:23 - 

Parsing AndroidManifest.xml...

2016-12-29 19:47:46 INFO  [main] INFO:23 - [OK] Skipping native .so files analysis cause no native code found inside
2016-12-29 19:47:46 INFO  [main] INFO:23 - 

Parsing Android Certificate...

2016-12-29 19:47:46 INFO  [main] INFO:23 - 

Parsing Android resource files...

2016-12-29 19:47:47 INFO  [main] INFO:23 - Loading .dex contents...
2016-12-29 19:47:47 INFO  [main] INFO:23 - Loading .dex contents...
2016-12-29 19:47:50 INFO  [main] INFO:23 - Matched rule: Get Information from Installed Applications
#author: @zerjioang
2016-12-29 19:47:50 INFO  [main] INFO:23 - Matched rule: Get Native Heap size
#author: @zerjioang
2016-12-29 19:47:50 INFO  [main] INFO:23 - Matched rule: Get's Android package manager
2016-12-29 19:50:59 INFO  [main] INFO:23 - Unpacking .apk...
2016-12-29 19:50:59 INFO  [main] INFO:23 - In-memory .apk decoder...
2016-12-29 19:50:59 INFO  [main] INFO:23 - Decoding file \/\AndroidManifest.xml
2016-12-29 19:50:59 INFO  [main] INFO:23 - 

Reading app metadata...

2016-12-29 19:52:26 INFO  [main] INFO:23 - Unpacking .apk...
2016-12-29 19:52:26 INFO  [main] INFO:23 - In-memory .apk decoder...
2016-12-29 19:52:26 INFO  [main] INFO:23 - Decoding file \/\AndroidManifest.xml
2016-12-29 19:52:26 INFO  [main] INFO:23 - 

Reading app metadata...

2016-12-29 19:53:25 INFO  [main] INFO:23 - Unpacking .apk...
2016-12-29 19:53:25 INFO  [main] INFO:23 - In-memory .apk decoder...
2016-12-29 19:53:25 INFO  [main] INFO:23 - Decoding file \/\AndroidManifest.xml
2016-12-29 19:53:25 INFO  [main] INFO:23 - 

Reading app metadata...

2016-12-29 19:53:25 INFO  [main] INFO:23 - 

Parsing AndroidManifest.xml...

2016-12-29 19:53:25 INFO  [main] INFO:23 - [OK] Skipping native .so files analysis cause no native code found inside
2016-12-29 19:53:25 INFO  [main] INFO:23 - 

Parsing Android Certificate...

2016-12-29 19:53:25 INFO  [main] INFO:23 - 

Parsing Android resource files...

2016-12-29 19:53:26 INFO  [main] INFO:23 - Loading .dex contents...
2016-12-29 19:53:27 INFO  [main] INFO:23 - Loading .dex contents...
2016-12-29 19:53:29 INFO  [main] INFO:23 - Matched rule: Get's Android package manager
2016-12-29 20:04:21 INFO  [main] INFO:23 - Unpacking .apk...
2016-12-29 20:04:21 INFO  [main] INFO:23 - In-memory .apk decoder...
2016-12-29 20:04:21 INFO  [main] INFO:23 - Decoding file \/\AndroidManifest.xml
2016-12-29 20:04:21 INFO  [main] INFO:23 - 

Reading app metadata...

2016-12-29 20:04:21 INFO  [main] INFO:23 - 

Parsing AndroidManifest.xml...

2016-12-29 20:04:21 INFO  [main] INFO:23 - [OK] Skipping native .so files analysis cause no native code found inside
2016-12-29 20:04:21 INFO  [main] INFO:23 - 

Parsing Android Certificate...

2016-12-29 20:04:21 INFO  [main] INFO:23 - 

Parsing Android resource files...

2016-12-29 20:04:23 INFO  [main] INFO:23 - Loading .dex contents...
2016-12-29 20:04:23 INFO  [main] INFO:23 - Loading .dex contents...
2016-12-29 20:04:25 INFO  [main] INFO:23 - Matched rule: Cipher streams usage detected.
#author: @zerjioang
2016-12-29 20:04:25 INFO  [main] INFO:23 - Matched rule: Get's Android package manager
2016-12-29 20:04:52 INFO  [main] INFO:23 - Unpacking .apk...
2016-12-29 20:04:52 INFO  [main] INFO:23 - In-memory .apk decoder...
2016-12-29 20:04:52 INFO  [main] INFO:23 - Decoding file \/\AndroidManifest.xml
2016-12-29 20:04:52 INFO  [main] INFO:23 - 

Reading app metadata...

2016-12-29 20:04:52 INFO  [main] INFO:23 - 

Parsing AndroidManifest.xml...

2016-12-29 20:04:52 INFO  [main] INFO:23 - [OK] Skipping native .so files analysis cause no native code found inside
2016-12-29 20:04:52 INFO  [main] INFO:23 - 

Parsing Android Certificate...

2016-12-29 20:04:52 INFO  [main] INFO:23 - 

Parsing Android resource files...

2016-12-29 20:04:53 INFO  [main] INFO:23 - Loading .dex contents...
2016-12-29 20:04:53 INFO  [main] INFO:23 - Loading .dex contents...
2016-12-29 20:05:19 INFO  [main] INFO:23 - Unpacking .apk...
2016-12-29 20:05:19 INFO  [main] INFO:23 - In-memory .apk decoder...
2016-12-29 20:05:19 INFO  [main] INFO:23 - Decoding file \/\AndroidManifest.xml
2016-12-29 20:05:19 INFO  [main] INFO:23 - 

Reading app metadata...

2016-12-29 20:05:19 INFO  [main] INFO:23 - 

Parsing AndroidManifest.xml...

2016-12-29 20:05:19 INFO  [main] INFO:23 - [OK] Skipping native .so files analysis cause no native code found inside
2016-12-29 20:05:19 INFO  [main] INFO:23 - 

Parsing Android Certificate...

2016-12-29 20:05:19 INFO  [main] INFO:23 - 

Parsing Android resource files...

2016-12-29 20:05:20 INFO  [main] INFO:23 - Loading .dex contents...
2016-12-29 20:05:20 INFO  [main] INFO:23 - Loading .dex contents...
2016-12-29 20:05:22 INFO  [main] INFO:23 - Matched rule: Cipher streams usage detected.
#author: @zerjioang
2016-12-29 20:05:22 INFO  [main] INFO:23 - Matched rule: Get's Android package manager
2016-12-29 20:05:22 INFO  [main] INFO:23 - Matched rule: Open a stream to access assets resources
#author: @zerjioang
2016-12-29 20:06:51 INFO  [main] INFO:23 - Unpacking .apk...
2016-12-29 20:06:51 INFO  [main] INFO:23 - In-memory .apk decoder...
2016-12-29 20:06:51 INFO  [main] INFO:23 - Decoding file \/\AndroidManifest.xml
2016-12-29 20:06:51 INFO  [main] INFO:23 - 

Reading app metadata...

2016-12-29 20:06:51 INFO  [main] INFO:23 - 

Parsing AndroidManifest.xml...

2016-12-29 20:06:51 INFO  [main] INFO:23 - [OK] Skipping native .so files analysis cause no native code found inside
2016-12-29 20:06:51 INFO  [main] INFO:23 - 

Parsing Android Certificate...

2016-12-29 20:06:51 INFO  [main] INFO:23 - 

Parsing Android resource files...

2016-12-29 20:06:52 INFO  [main] INFO:23 - Loading .dex contents...
2016-12-29 20:06:52 INFO  [main] INFO:23 - Loading .dex contents...
2016-12-29 20:06:55 INFO  [main] INFO:23 - Matched rule: Cipher streams usage detected.
2016-12-29 20:06:55 INFO  [main] INFO:23 - Matched rule: Get's Android package manager
2016-12-29 20:06:55 INFO  [main] INFO:23 - Matched rule: Read assets
2016-12-29 20:06:55 INFO  [main] INFO:23 - Matched rule: Open a stream to access assets resources
2016-12-29 20:08:21 INFO  [main] INFO:23 - Unpacking .apk...
2016-12-29 20:08:21 INFO  [main] INFO:23 - In-memory .apk decoder...
2016-12-29 20:08:21 INFO  [main] INFO:23 - Decoding file \/\AndroidManifest.xml
2016-12-29 20:08:21 INFO  [main] INFO:23 - Decoding file \/\res\layout\main.xml
2016-12-29 20:08:21 INFO  [main] INFO:23 - 

Reading app metadata...

2016-12-29 20:08:22 INFO  [main] INFO:23 - 

Parsing AndroidManifest.xml...

2016-12-29 20:08:22 INFO  [main] INFO:23 - [OK] Skipping native .so files analysis cause no native code found inside
2016-12-29 20:08:22 INFO  [main] INFO:23 - 

Parsing Android Certificate...

2016-12-29 20:08:22 INFO  [main] INFO:23 - 

Parsing Android resource files...

2016-12-29 20:08:23 INFO  [main] INFO:23 - Loading .dex contents...
2016-12-29 20:08:23 INFO  [main] INFO:23 - Loading .dex contents...
2016-12-29 20:09:58 INFO  [main] INFO:23 - Unpacking .apk...
2016-12-29 20:09:58 INFO  [main] INFO:23 - In-memory .apk decoder...
2016-12-29 20:09:58 INFO  [main] INFO:23 - Decoding file \/\AndroidManifest.xml
2016-12-29 20:09:58 INFO  [main] INFO:23 - Decoding file \/\res\layout\videoview.xml
2016-12-29 20:09:58 INFO  [main] INFO:23 - Decoding file \/\res\layout\activity_main.xml
2016-12-29 20:09:58 INFO  [main] INFO:23 - Decoding file \/\res\layout\cameraview.xml
2016-12-29 20:09:58 INFO  [main] INFO:23 - 

Reading app metadata...

2016-12-29 20:09:58 INFO  [main] INFO:23 - 

Parsing AndroidManifest.xml...

2016-12-29 20:09:58 INFO  [main] INFO:23 - [OK] Skipping native .so files analysis cause no native code found inside
2016-12-29 20:09:58 INFO  [main] INFO:23 - 

Parsing Android Certificate...

2016-12-29 20:09:58 INFO  [main] INFO:23 - [OK] Skipping resource analysis
2016-12-29 20:09:58 INFO  [main] INFO:23 - Loading .dex contents...
2016-12-29 20:09:59 INFO  [main] INFO:23 - Loading .dex contents...
2016-12-29 20:11:33 INFO  [main] INFO:23 - Unpacking .apk...
2016-12-29 20:11:33 INFO  [main] INFO:23 - In-memory .apk decoder...
2016-12-29 20:11:33 INFO  [main] INFO:23 - Decoding file \/\AndroidManifest.xml
2016-12-29 20:11:33 INFO  [main] INFO:23 - Decoding file \/\res\layout\videoview.xml
2016-12-29 20:11:34 INFO  [main] INFO:23 - Decoding file \/\res\layout\activity_main.xml
2016-12-29 20:11:34 INFO  [main] INFO:23 - Decoding file \/\res\layout\cameraview.xml
2016-12-29 20:11:34 INFO  [main] INFO:23 - 

Reading app metadata...

2016-12-29 20:11:34 INFO  [main] INFO:23 - 

Parsing AndroidManifest.xml...

2016-12-29 20:11:34 INFO  [main] INFO:23 - [OK] Skipping native .so files analysis cause no native code found inside
2016-12-29 20:11:34 INFO  [main] INFO:23 - 

Parsing Android Certificate...

2016-12-29 20:11:34 INFO  [main] INFO:23 - [OK] Skipping resource analysis
2016-12-29 20:11:34 INFO  [main] INFO:23 - Loading .dex contents...
2016-12-29 20:11:34 INFO  [main] INFO:23 - Loading .dex contents...
2016-12-29 20:12:10 INFO  [main] INFO:23 - Unpacking .apk...
2016-12-29 20:12:10 INFO  [main] INFO:23 - In-memory .apk decoder...
2016-12-29 20:12:10 INFO  [main] INFO:23 - Decoding file \/\AndroidManifest.xml
2016-12-29 20:12:10 INFO  [main] INFO:23 - Decoding file \/\res\layout\videoview.xml
2016-12-29 20:12:10 INFO  [main] INFO:23 - Decoding file \/\res\layout\activity_main.xml
2016-12-29 20:12:10 INFO  [main] INFO:23 - Decoding file \/\res\layout\cameraview.xml
2016-12-29 20:12:10 INFO  [main] INFO:23 - 

Reading app metadata...

2016-12-29 20:12:10 INFO  [main] INFO:23 - 

Parsing AndroidManifest.xml...

2016-12-29 20:12:11 INFO  [main] INFO:23 - [OK] Skipping native .so files analysis cause no native code found inside
2016-12-29 20:12:11 INFO  [main] INFO:23 - 

Parsing Android Certificate...

2016-12-29 20:12:11 INFO  [main] INFO:23 - [OK] Skipping resource analysis
2016-12-29 20:12:37 INFO  [main] INFO:23 - Loading .dex contents...
2016-12-29 20:12:54 INFO  [main] INFO:23 - Loading .dex contents...
2016-12-29 20:14:05 INFO  [main] INFO:23 - Unpacking .apk...
2016-12-29 20:14:05 INFO  [main] INFO:23 - In-memory .apk decoder...
2016-12-29 20:14:05 INFO  [main] INFO:23 - Decoding file \/\AndroidManifest.xml
2016-12-29 20:14:05 INFO  [main] INFO:23 - Decoding file \/\res\layout\videoview.xml
2016-12-29 20:14:05 INFO  [main] INFO:23 - Decoding file \/\res\layout\activity_main.xml
2016-12-29 20:14:05 INFO  [main] INFO:23 - Decoding file \/\res\layout\cameraview.xml
2016-12-29 20:14:05 INFO  [main] INFO:23 - 

Reading app metadata...

2016-12-29 20:14:05 INFO  [main] INFO:23 - 

Parsing AndroidManifest.xml...

2016-12-29 20:14:05 INFO  [main] INFO:23 - [OK] Skipping native .so files analysis cause no native code found inside
2016-12-29 20:14:05 INFO  [main] INFO:23 - 

Parsing Android Certificate...

2016-12-29 20:14:05 INFO  [main] INFO:23 - [OK] Skipping resource analysis
2016-12-29 20:14:05 INFO  [main] INFO:23 - Loading .dex contents...
2016-12-29 20:14:05 INFO  [main] INFO:23 - Loading .dex contents...
2016-12-29 20:14:23 INFO  [main] INFO:23 - Matched rule: Get Information from Installed Applications
2016-12-29 20:14:23 INFO  [main] INFO:23 - Matched rule: Get's Android package manager
2016-12-29 20:17:22 INFO  [main] INFO:23 - Unpacking .apk...
2016-12-29 20:17:22 INFO  [main] INFO:23 - In-memory .apk decoder...
2016-12-29 20:17:22 INFO  [main] INFO:23 - Decoding file \/\AndroidManifest.xml
2016-12-29 20:17:22 INFO  [main] INFO:23 - Decoding file \/\res\layout\videoview.xml
2016-12-29 20:17:22 INFO  [main] INFO:23 - Decoding file \/\res\layout\activity_main.xml
2016-12-29 20:17:22 INFO  [main] INFO:23 - Decoding file \/\res\layout\cameraview.xml
2016-12-29 20:17:22 INFO  [main] INFO:23 - 

Reading app metadata...

2016-12-29 20:17:22 INFO  [main] INFO:23 - 

Parsing AndroidManifest.xml...

2016-12-29 20:17:22 INFO  [main] INFO:23 - [OK] Skipping native .so files analysis cause no native code found inside
2016-12-29 20:17:22 INFO  [main] INFO:23 - 

Parsing Android Certificate...

2016-12-29 20:17:22 INFO  [main] INFO:23 - [OK] Skipping resource analysis
2016-12-29 20:17:23 INFO  [main] INFO:23 - Loading .dex contents...
2016-12-29 20:17:23 INFO  [main] INFO:23 - Loading .dex contents...
2016-12-29 20:17:42 INFO  [main] INFO:23 - Matched rule: Get Information from Installed Applications
2016-12-29 20:17:42 INFO  [main] INFO:23 - Matched rule: Get's Android package manager
2016-12-29 20:50:25 INFO  [main] INFO:23 - Unpacking .apk...
2016-12-29 20:50:25 INFO  [main] INFO:23 - In-memory .apk decoder...
2016-12-29 20:50:25 INFO  [main] INFO:23 - Decoding file \/\AndroidManifest.xml
2016-12-29 20:50:26 INFO  [main] INFO:23 - Decoding file \/\res\layout\videoview.xml
2016-12-29 20:50:26 INFO  [main] INFO:23 - Decoding file \/\res\layout\activity_main.xml
2016-12-29 20:50:26 INFO  [main] INFO:23 - Decoding file \/\res\layout\cameraview.xml
2016-12-29 20:50:26 INFO  [main] INFO:23 - 

Reading app metadata...

2016-12-29 20:50:26 INFO  [main] INFO:23 - 

Parsing AndroidManifest.xml...

2016-12-29 20:50:26 INFO  [main] INFO:23 - [OK] Skipping native .so files analysis cause no native code found inside
2016-12-29 20:50:26 INFO  [main] INFO:23 - 

Parsing Android Certificate...

2016-12-29 20:50:26 INFO  [main] INFO:23 - [OK] Skipping resource analysis
2016-12-29 20:50:26 INFO  [main] INFO:23 - Loading .dex contents...
2016-12-29 20:50:26 INFO  [main] INFO:23 - Loading .dex contents...
2016-12-29 20:50:45 INFO  [main] INFO:23 - Matched rule: Creates an SMS from scratch that later can be send via GSM or 4G
#author: @zerjioang
2016-12-29 20:50:45 INFO  [main] INFO:23 - Matched rule: This application uses crypto algorithms
2016-12-29 20:50:45 INFO  [main] INFO:23 - Matched rule: This application reads your device's installed applications.
2016-12-29 20:50:45 INFO  [main] INFO:23 - Matched rule: This application reads your device's ID, also known as IMEI
2016-12-29 20:50:45 INFO  [main] INFO:23 - Matched rule: This application reads your device's MAC address
2016-12-29 20:50:45 INFO  [main] INFO:23 - Matched rule: This application reads your device's SIM information, specifically, your network provider name
2016-12-29 20:50:45 INFO  [main] INFO:23 - Matched rule: This application reads your devices's running tasks
2016-12-29 20:50:45 INFO  [main] INFO:23 - Matched rule: Get Information from Installed Applications
2016-12-29 20:50:45 INFO  [main] INFO:23 - Matched rule: Get's Android package manager
2016-12-29 20:50:45 INFO  [main] INFO:23 - Matched rule: Re-locks the camera to prevent other processes from accessing it.
2016-12-29 20:50:45 INFO  [main] INFO:23 - Matched rule: Get the number of cameras installed on the device.
#author: @zerjioang
2016-12-29 20:50:45 INFO  [main] INFO:23 - Matched rule: Triggers an asynchronous image capture.
2016-12-29 20:50:45 INFO  [main] INFO:23 - Matched rule: This application is able to know your last location.
2016-12-29 20:50:45 INFO  [main] INFO:23 - Matched rule: This application reads your device's current GPS Location's latitude
2016-12-29 20:50:45 INFO  [main] INFO:23 - Matched rule: This application reads your device's current GPS Location's longitude
2016-12-29 20:50:45 INFO  [main] INFO:23 - Matched rule: Read incoming SMS source number
2016-12-29 20:50:45 INFO  [main] INFO:23 - Matched rule: Read incoming SMS text content without user interaction
2016-12-29 20:50:45 INFO  [main] INFO:23 - Matched rule: Send an SMS without user interaction
2016-12-29 20:50:45 INFO  [main] INFO:23 - Matched rule: This application open a Socket stream.
#author: @zerjioang
2016-12-29 20:50:45 INFO  [main] INFO:23 - Matched rule: This application is able to create system PIPES
2016-12-29 20:50:45 INFO  [main] INFO:23 - Matched rule: This application is able to get System File Descriptors
2017-03-09 16:23:13 INFO  [main] INFO:23 - Unpacking .apk...
2017-03-09 16:23:13 INFO  [main] INFO:23 - In-memory .apk decoder...
2017-03-09 16:23:13 INFO  [main] INFO:23 - Decoding file \/\AndroidManifest.xml
2017-03-09 16:23:13 INFO  [main] INFO:23 - Decoding file \/\res\layout\videoview.xml
2017-03-09 16:23:13 INFO  [main] INFO:23 - Decoding file \/\res\layout\activity_main.xml
2017-03-09 16:23:13 INFO  [main] INFO:23 - Decoding file \/\res\layout\cameraview.xml
2017-03-09 16:23:13 INFO  [main] INFO:23 - 

Reading app metadata...

2017-03-09 16:23:14 INFO  [main] INFO:23 - 

Parsing AndroidManifest.xml...

2017-03-09 16:23:14 INFO  [main] INFO:23 - [OK] Skipping native .so files analysis cause no native code found inside
2017-03-09 16:23:14 INFO  [main] INFO:23 - 

Parsing Android Certificate...

2017-03-09 16:23:14 INFO  [main] INFO:23 - [OK] Skipping resource analysis
2017-03-09 16:23:14 INFO  [main] INFO:23 - Loading .dex contents...
2017-03-09 16:23:15 INFO  [main] INFO:23 - Loading .dex contents...
2017-03-09 16:23:37 INFO  [main] INFO:23 - Matched rule: Creates an SMS from scratch that later can be send via GSM or 4G
#author: @zerjioang
2017-03-09 16:23:37 INFO  [main] INFO:23 - Matched rule: This application uses crypto algorithms
2017-03-09 16:23:37 INFO  [main] INFO:23 - Matched rule: This application reads your device's installed applications.
2017-03-09 16:23:37 INFO  [main] INFO:23 - Matched rule: This application reads your device's ID, also known as IMEI
2017-03-09 16:23:37 INFO  [main] INFO:23 - Matched rule: This application reads your device's MAC address
2017-03-09 16:23:37 INFO  [main] INFO:23 - Matched rule: This application reads your device's SIM information, specifically, your network provider name
2017-03-09 16:23:37 INFO  [main] INFO:23 - Matched rule: This application reads your devices's running tasks
2017-03-09 16:23:37 INFO  [main] INFO:23 - Matched rule: Get Information from Installed Applications
2017-03-09 16:23:37 INFO  [main] INFO:23 - Matched rule: Get's Android package manager
2017-03-09 16:23:37 INFO  [main] INFO:23 - Matched rule: Re-locks the camera to prevent other processes from accessing it.
2017-03-09 16:23:37 INFO  [main] INFO:23 - Matched rule: Get the number of cameras installed on the device.
#author: @zerjioang
2017-03-09 16:23:37 INFO  [main] INFO:23 - Matched rule: Triggers an asynchronous image capture.
2017-03-09 16:23:37 INFO  [main] INFO:23 - Matched rule: This application is able to know your last location.
2017-03-09 16:23:37 INFO  [main] INFO:23 - Matched rule: This application reads your device's current GPS Location's latitude
2017-03-09 16:23:37 INFO  [main] INFO:23 - Matched rule: This application reads your device's current GPS Location's longitude
2017-03-09 16:23:37 INFO  [main] INFO:23 - Matched rule: Read incoming SMS source number
2017-03-09 16:23:37 INFO  [main] INFO:23 - Matched rule: Read incoming SMS text content without user interaction
2017-03-09 16:23:37 INFO  [main] INFO:23 - Matched rule: Send an SMS without user interaction
2017-03-09 16:23:37 INFO  [main] INFO:23 - Matched rule: This application open a Socket stream.
#author: @zerjioang
2017-03-09 16:23:37 INFO  [main] INFO:23 - Matched rule: This application is able to create system PIPES
2017-03-09 16:23:37 INFO  [main] INFO:23 - Matched rule: This application is able to get System File Descriptors
2017-03-09 16:29:36 INFO  [main] INFO:23 - Unpacking .apk...
2017-03-09 16:30:22 INFO  [main] INFO:23 - Unpacking .apk...
2017-03-09 16:30:22 INFO  [main] INFO:23 - In-memory .apk decoder...
2017-03-09 16:30:22 INFO  [main] INFO:23 - Decoding file \/\AndroidManifest.xml
2017-03-09 16:30:22 INFO  [main] INFO:23 - Decoding file \/\res\layout\videoview.xml
2017-03-09 16:30:22 INFO  [main] INFO:23 - Decoding file \/\res\layout\activity_main.xml
2017-03-09 16:30:22 INFO  [main] INFO:23 - Decoding file \/\res\layout\cameraview.xml
2017-03-09 16:39:40 INFO  [main] INFO:23 - Unpacking .apk...
2017-03-09 16:39:40 INFO  [main] INFO:23 - In-memory .apk decoder...
2017-03-09 16:39:40 INFO  [main] INFO:23 - 

Reading app metadata...

2017-03-09 16:39:41 INFO  [main] INFO:23 - 

Parsing AndroidManifest.xml...

2017-03-09 16:39:41 INFO  [main] INFO:23 - [OK] Skipping native .so files analysis cause no native code found inside
2017-03-09 16:39:41 INFO  [main] INFO:23 - 

Parsing Android Certificate...

2017-03-09 16:39:41 INFO  [main] INFO:23 - [OK] Skipping resource analysis
2017-03-09 16:39:41 INFO  [main] INFO:23 - Loading .dex contents...
2017-03-09 16:39:41 INFO  [main] INFO:23 - Loading .dex contents...
2017-03-09 16:40:16 INFO  [main] INFO:23 - Unpacking .apk...
2017-03-09 16:40:17 INFO  [main] INFO:23 - In-memory .apk decoder...
2017-03-09 16:40:17 INFO  [main] INFO:23 - 

Reading app metadata...

2017-03-09 16:40:17 INFO  [main] INFO:23 - 

Parsing AndroidManifest.xml...

2017-03-09 16:40:17 INFO  [main] INFO:23 - [OK] Skipping native .so files analysis cause no native code found inside
2017-03-09 16:40:17 INFO  [main] INFO:23 - 

Parsing Android Certificate...

2017-03-09 16:40:17 INFO  [main] INFO:23 - [OK] Skipping resource analysis
2017-03-09 16:41:29 INFO  [main] INFO:23 - Unpacking .apk...
2017-03-09 16:41:29 INFO  [main] INFO:23 - In-memory .apk decoder...
2017-03-09 16:41:29 INFO  [main] INFO:23 - 

Reading app metadata...

2017-03-09 16:41:29 INFO  [main] INFO:23 - 

Parsing AndroidManifest.xml...

2017-03-09 16:41:29 INFO  [main] INFO:23 - [OK] Skipping native .so files analysis cause no native code found inside
2017-03-09 16:41:29 INFO  [main] INFO:23 - 

Parsing Android Certificate...

2017-03-09 16:41:29 INFO  [main] INFO:23 - [OK] Skipping resource analysis
2017-03-09 16:44:13 INFO  [main] INFO:23 - Unpacking .apk...
2017-03-09 16:44:13 INFO  [main] INFO:23 - In-memory .apk decoder...
2017-03-09 16:44:13 INFO  [main] INFO:23 - 

Reading app metadata...

2017-03-09 16:44:13 INFO  [main] INFO:23 - 

Parsing AndroidManifest.xml...

2017-03-09 16:44:13 INFO  [main] INFO:23 - [OK] Skipping native .so files analysis cause no native code found inside
2017-03-09 16:44:13 INFO  [main] INFO:23 - 

Parsing Android Certificate...

2017-03-09 16:44:13 INFO  [main] INFO:23 - [OK] Skipping resource analysis
2017-03-09 16:45:19 INFO  [main] INFO:23 - Unpacking .apk...
2017-03-09 16:45:19 INFO  [main] INFO:23 - In-memory .apk decoder...
2017-03-09 16:45:19 INFO  [main] INFO:23 - 

Reading app metadata...

2017-03-09 16:45:19 INFO  [main] INFO:23 - 

Parsing AndroidManifest.xml...

2017-03-09 16:45:19 INFO  [main] INFO:23 - [OK] Skipping native .so files analysis cause no native code found inside
2017-03-09 16:45:19 INFO  [main] INFO:23 - 

Parsing Android Certificate...

2017-03-09 16:45:19 INFO  [main] INFO:23 - [OK] Skipping resource analysis
2017-03-09 17:07:22 INFO  [main] INFO:23 - Unpacking .apk...
2017-03-09 17:07:22 INFO  [main] INFO:23 - In-memory .apk decoder...
2017-03-09 17:07:22 INFO  [main] INFO:23 - 

Reading app metadata...

2017-03-09 17:07:22 INFO  [main] INFO:23 - 

Parsing AndroidManifest.xml...

2017-03-09 17:07:22 INFO  [main] INFO:23 - [OK] Skipping native .so files analysis cause no native code found inside
2017-03-09 17:07:22 INFO  [main] INFO:23 - 

Parsing Android Certificate...

2017-03-09 17:07:22 INFO  [main] INFO:23 - [OK] Skipping resource analysis
2017-03-09 17:08:50 INFO  [main] INFO:23 - Unpacking .apk...
2017-03-09 17:08:50 INFO  [main] INFO:23 - In-memory .apk decoder...
2017-03-09 17:09:23 INFO  [main] INFO:23 - Unpacking .apk...
2017-03-09 17:09:23 INFO  [main] INFO:23 - In-memory .apk decoder...
2017-03-09 17:09:23 INFO  [main] INFO:23 - 

Reading app metadata...

2017-03-09 17:09:23 INFO  [main] INFO:23 - 

Parsing AndroidManifest.xml...

2017-03-09 17:09:23 INFO  [main] INFO:23 - [OK] Skipping native .so files analysis cause no native code found inside
2017-03-09 17:09:23 INFO  [main] INFO:23 - 

Parsing Android Certificate...

2017-03-09 17:09:23 INFO  [main] INFO:23 - 

Parsing Android resource files...

2017-03-09 17:09:24 INFO  [main] INFO:23 - Loading .dex contents...
2017-03-09 17:09:24 INFO  [main] INFO:23 - Loading .dex contents...
2017-03-09 17:09:26 INFO  [main] INFO:23 - Matched rule: This application uses crypto algorithms
2017-03-09 17:09:26 INFO  [main] INFO:23 - Matched rule: Get's Android package manager
2017-03-09 17:09:26 INFO  [main] INFO:23 - Matched rule: Read assets
2017-03-09 17:11:58 INFO  [main] INFO:23 - Unpacking .apk...
2017-03-09 17:11:58 INFO  [main] INFO:23 - In-memory .apk decoder...
2017-03-09 17:11:58 INFO  [main] INFO:23 - 

Reading app metadata...

2017-03-09 17:11:58 INFO  [main] INFO:23 - 

Parsing AndroidManifest.xml...

2017-03-09 17:11:58 INFO  [main] INFO:23 - [OK] Skipping native .so files analysis cause no native code found inside
2017-03-09 17:11:58 INFO  [main] INFO:23 - 

Parsing Android Certificate...

2017-03-09 17:11:58 INFO  [main] INFO:23 - 

Parsing Android resource files...

2017-03-09 17:12:01 INFO  [main] INFO:23 - Loading .dex contents...
2017-03-09 17:12:01 INFO  [main] INFO:23 - Loading .dex contents...
2017-03-09 17:12:07 INFO  [main] INFO:23 - Matched rule: This application reads your device's installed applications.
2017-03-09 17:12:07 INFO  [main] INFO:23 - Matched rule: Get Information from Installed Applications
2017-03-09 17:12:07 INFO  [main] INFO:23 - Matched rule: Get Native Heap size
2017-03-09 17:12:07 INFO  [main] INFO:23 - Matched rule: Get's Android package manager
2017-03-12 14:00:37 INFO  [main] INFO:23 - Unpacking .apk...
2017-03-12 14:00:37 INFO  [main] INFO:23 - In-memory .apk decoder...
2017-03-12 14:00:37 INFO  [main] INFO:23 - 

Reading app metadata...

2017-03-12 14:00:37 INFO  [main] INFO:23 - 

Parsing AndroidManifest.xml...

2017-03-12 14:00:37 INFO  [main] INFO:23 - [OK] Skipping native .so files analysis cause no native code found inside
2017-03-12 14:00:37 INFO  [main] INFO:23 - 

Parsing Android Certificate...

2017-03-12 14:00:38 INFO  [main] INFO:23 - 

Parsing Android resource files...

2017-03-12 14:00:40 INFO  [main] INFO:23 - Loading .dex contents...
2017-03-12 14:00:40 INFO  [main] INFO:23 - Loading .dex contents...
2017-03-12 14:00:49 INFO  [main] INFO:23 - Matched rule: This application reads your device's installed applications.
2017-03-12 14:00:49 INFO  [main] INFO:23 - Matched rule: Get Information from Installed Applications
2017-03-12 14:00:49 INFO  [main] INFO:23 - Matched rule: Get Native Heap size
2017-03-12 14:00:49 INFO  [main] INFO:23 - Matched rule: Get's Android package manager
2017-03-12 14:01:23 INFO  [main] INFO:23 - Unpacking .apk...
2017-03-12 14:01:23 INFO  [main] INFO:23 - In-memory .apk decoder...
2017-03-12 14:02:46 INFO  [main] INFO:23 - Unpacking .apk...
2017-03-12 14:02:46 INFO  [main] INFO:23 - In-memory .apk decoder...
2017-03-12 14:06:23 INFO  [main] INFO:23 - Unpacking .apk...
2017-03-12 14:06:23 INFO  [main] INFO:23 - In-memory .apk decoder...
2017-03-12 14:07:01 INFO  [main] INFO:23 - Decoding file \/\res\drawable\empty.xml
2017-03-12 14:07:01 INFO  [main] INFO:23 - Decoding file \/\res\xml\device_admin_data.xml
2017-03-12 14:07:01 INFO  [main] INFO:23 - Decoding file \/\AndroidManifest.xml
2017-03-12 14:07:02 INFO  [main] INFO:23 - 

Reading app metadata...

2017-03-12 14:07:02 INFO  [main] INFO:23 - 

Parsing AndroidManifest.xml...

2017-03-12 14:07:02 INFO  [main] INFO:23 - [OK] Skipping native .so files analysis cause no native code found inside
2017-03-12 14:07:02 INFO  [main] INFO:23 - 

Parsing Android Certificate...

2017-03-12 14:07:02 INFO  [main] INFO:23 - 

Parsing Android resource files...

2017-03-12 14:08:39 INFO  [main] INFO:23 - Loading .dex contents...
2017-03-12 14:08:39 INFO  [main] INFO:23 - Loading .dex contents...
2017-03-12 14:08:51 INFO  [main] INFO:23 - Unpacking .apk...
2017-03-12 14:08:51 INFO  [main] INFO:23 - In-memory .apk decoder...
2017-03-12 14:08:51 INFO  [main] INFO:23 - Decoding file \/\res\drawable\empty.xml
2017-03-12 14:08:51 INFO  [main] INFO:23 - Decoding file \/\res\xml\device_admin_data.xml
2017-03-12 14:08:51 INFO  [main] INFO:23 - Decoding file \/\AndroidManifest.xml
2017-03-12 14:08:51 INFO  [main] INFO:23 - 

Reading app metadata...

2017-03-12 14:08:51 INFO  [main] INFO:23 - 

Parsing AndroidManifest.xml...

2017-03-12 14:08:51 INFO  [main] INFO:23 - [OK] Skipping native .so files analysis cause no native code found inside
2017-03-12 14:08:51 INFO  [main] INFO:23 - 

Parsing Android Certificate...

2017-03-12 14:08:51 INFO  [main] INFO:23 - 

Parsing Android resource files...

2017-03-12 14:08:52 INFO  [main] INFO:23 - Loading .dex contents...
2017-03-12 14:08:52 INFO  [main] INFO:23 - Loading .dex contents...
2017-03-12 14:08:55 INFO  [main] INFO:23 - Matched rule: This application reads your device's installed applications.
2017-03-12 14:08:55 INFO  [main] INFO:23 - Matched rule: Get Information from Installed Applications
2017-03-12 14:08:55 INFO  [main] INFO:23 - Matched rule: Get Native Heap size
2017-03-12 14:08:55 INFO  [main] INFO:23 - Matched rule: Get's Android package manager
2017-03-12 14:09:10 INFO  [main] INFO:23 - Unpacking .apk...
2017-03-12 14:09:10 INFO  [main] INFO:23 - In-memory .apk decoder...
2017-03-12 14:09:41 INFO  [main] INFO:23 - Decoding file \/\res\drawable\empty.xml
2017-03-12 14:09:41 INFO  [main] INFO:23 - Decoding file \/\res\xml\device_admin_data.xml
2017-03-12 14:09:42 INFO  [main] INFO:23 - Decoding file \/\AndroidManifest.xml
2017-03-12 14:09:42 INFO  [main] INFO:23 - 

Reading app metadata...

2017-03-12 14:09:42 INFO  [main] INFO:23 - 

Parsing AndroidManifest.xml...

2017-03-12 14:12:01 INFO  [main] INFO:23 - Unpacking .apk...
2017-03-12 14:12:01 INFO  [main] INFO:23 - In-memory .apk decoder...
2017-03-12 14:12:01 INFO  [main] INFO:23 - Decoding file \/\res\drawable\empty.xml
2017-03-12 14:14:03 INFO  [main] INFO:23 - Decoding file \/\res\xml\device_admin_data.xml
2017-03-12 14:15:17 INFO  [main] INFO:23 - Decoding file \/\AndroidManifest.xml
2017-03-12 14:15:17 INFO  [main] INFO:23 - 

Reading app metadata...

2017-03-12 14:15:17 INFO  [main] INFO:23 - 

Parsing AndroidManifest.xml...

2017-03-12 14:15:17 INFO  [main] INFO:23 - [OK] Skipping native .so files analysis cause no native code found inside
2017-03-12 14:15:17 INFO  [main] INFO:23 - 

Parsing Android Certificate...

2017-03-12 14:20:01 INFO  [main] INFO:23 - Unpacking .apk...
2017-03-12 14:20:02 INFO  [main] INFO:23 - In-memory .apk decoder...
2017-03-12 14:20:02 INFO  [main] INFO:23 - Decoding file \/\AndroidManifest.xml
2017-03-12 14:20:02 INFO  [main] INFO:23 - Decoding file \/\res\layout\videoview.xml
2017-03-12 14:20:02 INFO  [main] INFO:23 - Decoding file \/\res\layout\activity_main.xml
2017-03-12 14:20:02 INFO  [main] INFO:23 - Decoding file \/\res\layout\cameraview.xml
2017-03-12 14:20:02 INFO  [main] INFO:23 - 

Reading app metadata...

2017-03-12 14:20:03 INFO  [main] INFO:23 - 

Parsing AndroidManifest.xml...

2017-03-12 14:20:03 INFO  [main] INFO:23 - [OK] Skipping native .so files analysis cause no native code found inside
2017-03-12 14:20:03 INFO  [main] INFO:23 - 

Parsing Android Certificate...

2017-03-12 14:20:03 INFO  [main] INFO:23 - [OK] Skipping resource analysis
2017-03-12 14:20:04 INFO  [main] INFO:23 - Loading .dex contents...
2017-03-12 14:20:04 INFO  [main] INFO:23 - Loading .dex contents...
2017-03-12 14:20:14 INFO  [main] INFO:23 - Matched rule: Creates an SMS from scratch that later can be send via GSM or 4G
#author: @zerjioang
2017-03-12 14:20:14 INFO  [main] INFO:23 - Matched rule: This application uses crypto algorithms
2017-03-12 14:20:14 INFO  [main] INFO:23 - Matched rule: This application reads your device's installed applications.
2017-03-12 14:20:14 INFO  [main] INFO:23 - Matched rule: This application reads your device's ID, also known as IMEI
2017-03-12 14:20:14 INFO  [main] INFO:23 - Matched rule: This application reads your device's MAC address
2017-03-12 14:20:14 INFO  [main] INFO:23 - Matched rule: This application reads your device's SIM information, specifically, your network provider name
2017-03-12 14:20:14 INFO  [main] INFO:23 - Matched rule: This application reads your devices's running tasks
2017-03-12 14:20:14 INFO  [main] INFO:23 - Matched rule: Get Information from Installed Applications
2017-03-12 14:20:14 INFO  [main] INFO:23 - Matched rule: Get's Android package manager
2017-03-12 14:20:14 INFO  [main] INFO:23 - Matched rule: Re-locks the camera to prevent other processes from accessing it.
2017-03-12 14:20:14 INFO  [main] INFO:23 - Matched rule: Get the number of cameras installed on the device.
#author: @zerjioang
2017-03-12 14:20:14 INFO  [main] INFO:23 - Matched rule: Triggers an asynchronous image capture.
2017-03-12 14:20:14 INFO  [main] INFO:23 - Matched rule: This application is able to know your last location.
2017-03-12 14:20:14 INFO  [main] INFO:23 - Matched rule: This application reads your device's current GPS Location's latitude
2017-03-12 14:20:14 INFO  [main] INFO:23 - Matched rule: This application reads your device's current GPS Location's longitude
2017-03-12 14:20:14 INFO  [main] INFO:23 - Matched rule: Read incoming SMS source number
2017-03-12 14:20:14 INFO  [main] INFO:23 - Matched rule: Read incoming SMS text content without user interaction
2017-03-12 14:20:14 INFO  [main] INFO:23 - Matched rule: Send an SMS without user interaction
2017-03-12 14:20:14 INFO  [main] INFO:23 - Matched rule: This application open a Socket stream.
#author: @zerjioang
2017-03-12 14:20:14 INFO  [main] INFO:23 - Matched rule: This application is able to create system PIPES
2017-03-12 14:20:14 INFO  [main] INFO:23 - Matched rule: This application is able to get System File Descriptors
2017-03-12 14:28:23 INFO  [main] INFO:23 - Unpacking .apk...
2017-03-12 14:28:23 INFO  [main] INFO:23 - In-memory .apk decoder...
2017-03-12 14:28:23 INFO  [main] INFO:23 - Decoding file \/\AndroidManifest.xml
2017-03-12 14:28:24 INFO  [main] INFO:23 - Decoding file \/\res\layout\videoview.xml
2017-03-12 14:28:24 INFO  [main] INFO:23 - Decoding file \/\res\layout\activity_main.xml
2017-03-12 14:28:24 INFO  [main] INFO:23 - Decoding file \/\res\layout\cameraview.xml
2017-03-12 14:28:24 INFO  [main] INFO:23 - 

Reading app metadata...

2017-03-12 14:28:24 INFO  [main] INFO:23 - 

Parsing AndroidManifest.xml...

2017-03-12 14:28:24 INFO  [main] INFO:23 - [OK] Skipping native .so files analysis cause no native code found inside
2017-03-12 14:28:24 INFO  [main] INFO:23 - 

Parsing Android Certificate...

2017-03-12 14:28:24 INFO  [main] INFO:23 - [OK] Skipping resource analysis
2017-03-30 15:45:46 INFO  [main] INFO:23 - Unpacking .apk...
2017-03-30 15:45:47 INFO  [main] INFO:23 - In-memory .apk decoder...
2017-03-30 15:45:47 INFO  [main] INFO:23 - Decoding file \/\AndroidManifest.xml
2017-03-30 15:45:47 INFO  [main] INFO:23 - Decoding file \/\res\layout\videoview.xml
2017-03-30 15:45:47 INFO  [main] INFO:23 - Decoding file \/\res\layout\activity_main.xml
2017-03-30 15:45:47 INFO  [main] INFO:23 - Decoding file \/\res\layout\cameraview.xml
2017-03-30 15:45:48 INFO  [main] INFO:23 - 

Reading app metadata...

2017-03-30 15:45:49 INFO  [main] INFO:23 - 

Parsing AndroidManifest.xml...

2017-03-30 15:45:50 INFO  [main] INFO:23 - [OK] Skipping native .so files analysis cause no native code found inside
2017-03-30 15:45:50 INFO  [main] INFO:23 - 

Parsing Android Certificate...

2017-03-30 15:45:50 INFO  [main] INFO:23 - [OK] Skipping resource analysis
2017-03-30 15:49:18 INFO  [main] INFO:23 - Unpacking .apk...
2017-03-30 15:50:33 INFO  [main] INFO:23 - Unpacking .apk...
2017-03-30 15:50:33 INFO  [main] INFO:23 - In-memory .apk decoder...
2017-03-30 15:50:33 INFO  [main] INFO:23 - Decoding file \/\AndroidManifest.xml
2017-03-30 15:50:33 INFO  [main] INFO:23 - Decoding file \/\res\layout\videoview.xml
2017-03-30 15:50:33 INFO  [main] INFO:23 - Decoding file \/\res\layout\activity_main.xml
2017-03-30 15:50:34 INFO  [main] INFO:23 - Decoding file \/\res\layout\cameraview.xml
2017-04-05 14:45:09 INFO  [main] INFO:23 - Unpacking .apk...
2017-04-05 14:45:09 INFO  [main] INFO:23 - In-memory .apk decoder...
2017-04-05 14:45:09 INFO  [main] INFO:23 - Decoding file \/\AndroidManifest.xml
2017-04-05 14:45:09 INFO  [main] INFO:23 - Decoding file \/\res\layout\videoview.xml
2017-04-05 14:45:09 INFO  [main] INFO:23 - Decoding file \/\res\layout\activity_main.xml
2017-04-05 14:45:09 INFO  [main] INFO:23 - Decoding file \/\res\layout\cameraview.xml
2017-04-05 14:51:05 INFO  [main] INFO:23 - Unpacking .apk...
2017-04-05 14:51:05 INFO  [main] INFO:23 - In-memory .apk decoder...
2017-04-05 14:51:05 INFO  [main] INFO:23 - Decoding file \/\AndroidManifest.xml
2017-04-05 14:51:05 INFO  [main] INFO:23 - Decoding file \/\res\layout\videoview.xml
2017-04-05 14:51:05 INFO  [main] INFO:23 - Decoding file \/\res\layout\activity_main.xml
2017-04-05 14:51:05 INFO  [main] INFO:23 - Decoding file \/\res\layout\cameraview.xml
2017-04-05 14:53:08 INFO  [main] INFO:23 - Unpacking .apk...
2017-04-05 14:53:08 INFO  [main] INFO:23 - In-memory .apk decoder...
2017-04-05 14:53:08 INFO  [main] INFO:23 - Decoding file \/\AndroidManifest.xml
2017-04-05 14:53:08 INFO  [main] INFO:23 - Decoding file \/\res\layout\videoview.xml
2017-04-05 14:53:08 INFO  [main] INFO:23 - Decoding file \/\res\layout\activity_main.xml
2017-04-05 14:53:08 INFO  [main] INFO:23 - Decoding file \/\res\layout\cameraview.xml
2017-04-05 14:57:17 INFO  [main] INFO:23 - Unpacking .apk...
2017-04-05 14:57:17 INFO  [main] INFO:23 - In-memory .apk decoder...
2017-04-05 14:57:17 INFO  [main] INFO:23 - Decoding file \/\AndroidManifest.xml
2017-04-05 14:57:17 INFO  [main] INFO:23 - Decoding file \/\res\layout\videoview.xml
2017-04-05 14:57:17 INFO  [main] INFO:23 - Decoding file \/\res\layout\activity_main.xml
2017-04-05 14:57:17 INFO  [main] INFO:23 - Decoding file \/\res\layout\cameraview.xml
2017-04-05 17:34:20 INFO  [main] INFO:23 - Unpacking .apk...
2017-04-05 17:34:20 INFO  [main] INFO:23 - In-memory .apk decoder...
2017-04-05 17:34:20 INFO  [main] INFO:23 - Decoding file \/\AndroidManifest.xml
2017-04-05 17:34:20 INFO  [main] INFO:23 - Decoding file \/\res\layout\videoview.xml
2017-04-05 17:34:20 INFO  [main] INFO:23 - Decoding file \/\res\layout\activity_main.xml
2017-04-05 17:34:20 INFO  [main] INFO:23 - Decoding file \/\res\layout\cameraview.xml
2017-04-05 17:37:41 INFO  [main] INFO:23 - Unpacking .apk...
2017-04-05 17:37:41 INFO  [main] INFO:23 - In-memory .apk decoder...
2017-04-05 17:37:41 INFO  [main] INFO:23 - Decoding file \/\res\drawable\empty.xml
2017-04-05 17:37:41 INFO  [main] INFO:23 - Decoding file \/\res\xml\device_admin_data.xml
2017-04-05 17:37:41 INFO  [main] INFO:23 - Decoding file \/\AndroidManifest.xml
2017-04-05 17:37:41 INFO  [main] INFO:23 - 

Reading app metadata...

2017-04-05 17:37:42 INFO  [main] INFO:23 - 

Parsing AndroidManifest.xml...

2017-04-05 17:37:42 INFO  [main] INFO:23 - [OK] Skipping native .so files analysis cause no native code found inside
2017-04-05 17:37:42 INFO  [main] INFO:23 - 

Parsing Android Certificate...

2017-04-05 17:37:43 INFO  [main] INFO:23 - 

Parsing Android resource files...

2017-04-05 17:37:45 INFO  [main] INFO:23 - Loading .dex contents...
2017-04-05 17:37:45 INFO  [main] INFO:23 - Loading .dex contents...
2017-04-05 17:37:53 INFO  [main] INFO:23 - Matched rule: This application reads your device's installed applications.
2017-04-05 17:37:53 INFO  [main] INFO:23 - Matched rule: Get Information from Installed Applications
2017-04-05 17:37:53 INFO  [main] INFO:23 - Matched rule: Get Native Heap size
2017-04-05 17:37:53 INFO  [main] INFO:23 - Matched rule: Get's Android package manager
2017-04-05 17:49:03 INFO  [main] INFO:23 - Unpacking .apk...
2017-04-05 17:49:03 INFO  [main] INFO:23 - In-memory .apk decoder...
2017-04-05 17:49:03 INFO  [main] INFO:23 - Decoding file \/\res\drawable\empty.xml
2017-04-05 17:49:03 INFO  [main] INFO:23 - Decoding file \/\res\xml\device_admin_data.xml
2017-04-05 17:49:03 INFO  [main] INFO:23 - Decoding file \/\AndroidManifest.xml
2017-04-05 17:49:03 INFO  [main] INFO:23 - 

Reading app metadata...

2017-04-05 17:49:04 INFO  [main] INFO:23 - 

Parsing AndroidManifest.xml...

2017-04-05 17:49:04 INFO  [main] INFO:23 - [OK] Skipping native .so files analysis cause no native code found inside
2017-04-05 17:49:04 INFO  [main] INFO:23 - 

Parsing Android Certificate...

2017-04-05 17:49:04 INFO  [main] INFO:23 - 

Parsing Android resource files...

2017-04-05 17:49:07 INFO  [main] INFO:23 - Loading .dex contents...
2017-04-05 17:49:07 INFO  [main] INFO:23 - Loading .dex contents...
2017-04-05 17:49:14 INFO  [main] INFO:23 - Matched rule: This application reads your device's installed applications.
2017-04-05 17:49:14 INFO  [main] INFO:23 - Matched rule: Get Information from Installed Applications
2017-04-05 17:49:14 INFO  [main] INFO:23 - Matched rule: Get Native Heap size
2017-04-05 17:49:14 INFO  [main] INFO:23 - Matched rule: Get's Android package manager
2017-04-05 17:51:37 INFO  [main] INFO:23 - Unpacking .apk...
2017-04-05 17:51:37 INFO  [main] INFO:23 - In-memory .apk decoder...
2017-04-05 17:51:37 INFO  [main] INFO:23 - Decoding file \/\res\drawable\empty.xml
2017-04-05 17:51:37 INFO  [main] INFO:23 - Decoding file \/\res\xml\device_admin_data.xml
2017-04-05 17:51:37 INFO  [main] INFO:23 - Decoding file \/\AndroidManifest.xml
2017-04-05 17:51:37 INFO  [main] INFO:23 - 

Reading app metadata...

2017-04-05 17:51:38 INFO  [main] INFO:23 - 

Parsing AndroidManifest.xml...

2017-04-05 17:51:38 INFO  [main] INFO:23 - [OK] Skipping native .so files analysis cause no native code found inside
2017-04-05 17:51:38 INFO  [main] INFO:23 - 

Parsing Android Certificate...

2017-04-05 17:51:38 INFO  [main] INFO:23 - 

Parsing Android resource files...

2017-04-05 17:51:41 INFO  [main] INFO:23 - Loading .dex contents...
2017-04-05 17:51:41 INFO  [main] INFO:23 - Loading .dex contents...
2017-04-05 17:51:48 INFO  [main] INFO:23 - Matched rule: This application reads your device's installed applications.
2017-04-05 17:51:48 INFO  [main] INFO:23 - Matched rule: Get Information from Installed Applications
2017-04-05 17:51:48 INFO  [main] INFO:23 - Matched rule: Get Native Heap size
2017-04-05 17:51:48 INFO  [main] INFO:23 - Matched rule: Get's Android package manager
2017-04-05 17:53:40 INFO  [main] INFO:23 - Unpacking .apk...
2017-04-05 17:53:41 INFO  [main] INFO:23 - In-memory .apk decoder...
2017-04-05 17:53:41 INFO  [main] INFO:23 - Decoding file \/\res\drawable\empty.xml
2017-04-05 17:53:41 INFO  [main] INFO:23 - Decoding file \/\res\xml\device_admin_data.xml
2017-04-05 17:53:41 INFO  [main] INFO:23 - Decoding file \/\AndroidManifest.xml
2017-04-05 17:53:41 INFO  [main] INFO:23 - 

Reading app metadata...

2017-04-05 17:53:41 INFO  [main] INFO:23 - 

Parsing AndroidManifest.xml...

2017-04-05 17:53:42 INFO  [main] INFO:23 - [OK] Skipping native .so files analysis cause no native code found inside
2017-04-05 17:53:42 INFO  [main] INFO:23 - 

Parsing Android Certificate...

2017-04-05 17:53:42 INFO  [main] INFO:23 - 

Parsing Android resource files...

2017-04-05 17:53:45 INFO  [main] INFO:23 - Loading .dex contents...
2017-04-05 17:53:45 INFO  [main] INFO:23 - Loading .dex contents...
2017-04-05 17:53:54 INFO  [main] INFO:23 - Matched rule: This application reads your device's installed applications.
2017-04-05 17:53:54 INFO  [main] INFO:23 - Matched rule: Get Information from Installed Applications
2017-04-05 17:53:54 INFO  [main] INFO:23 - Matched rule: Get Native Heap size
2017-04-05 17:53:54 INFO  [main] INFO:23 - Matched rule: Get's Android package manager
2017-04-05 18:12:53 INFO  [main] INFO:23 - Unpacking .apk...
2017-04-05 18:12:54 INFO  [main] INFO:23 - In-memory .apk decoder...
2017-04-05 18:13:31 INFO  [main] INFO:23 - Decoding file \/\res\drawable\empty.xml
2017-04-05 18:13:31 INFO  [main] INFO:23 - Decoding file \/\res\xml\device_admin_data.xml
2017-04-05 18:13:31 INFO  [main] INFO:23 - Decoding file \/\AndroidManifest.xml
2017-04-05 18:13:32 INFO  [main] INFO:23 - 

Reading app metadata...

2017-04-05 18:13:32 INFO  [main] INFO:23 - 

Parsing AndroidManifest.xml...

2017-04-05 18:21:10 INFO  [main] INFO:23 - Unpacking .apk...
2017-04-05 18:21:10 INFO  [main] INFO:23 - In-memory .apk decoder...
2017-04-05 18:23:51 INFO  [main] INFO:23 - 

Reading app metadata...

2017-04-05 18:23:51 INFO  [main] INFO:23 - 

Parsing AndroidManifest.xml...

2017-04-30 12:36:20 INFO  [main] INFO:23 - Unpacking .apk...
2017-04-30 12:36:20 INFO  [main] INFO:23 - In-memory .apk decoder...
2017-04-30 12:36:21 INFO  [main] INFO:23 - 

Reading app metadata...

2017-04-30 12:36:21 INFO  [main] INFO:23 - 

Parsing AndroidManifest.xml...

2017-04-30 12:36:21 INFO  [main] INFO:23 - [OK] Skipping native .so files analysis cause no native code found inside
2017-04-30 12:36:21 INFO  [main] INFO:23 - 

Parsing Android Certificate...

2017-04-30 12:36:21 INFO  [main] INFO:23 - 

Parsing Android resource files...

2017-04-30 12:36:23 INFO  [main] INFO:23 - Loading .dex contents...
2017-04-30 12:36:23 INFO  [main] INFO:23 - Loading .dex contents...
2017-04-30 12:36:26 INFO  [main] INFO:23 - Matched rule: This application reads your device's installed applications.
2017-04-30 12:36:26 INFO  [main] INFO:23 - Matched rule: Get Information from Installed Applications
2017-04-30 12:36:26 INFO  [main] INFO:23 - Matched rule: Get Native Heap size
2017-04-30 12:36:26 INFO  [main] INFO:23 - Matched rule: Get's Android package manager
2017-04-30 18:55:10 INFO  [main] INFO:23 - Unpacking .apk...
2017-04-30 18:55:10 INFO  [main] INFO:23 - In-memory .apk decoder...
2017-04-30 18:55:11 INFO  [main] INFO:23 - 

Reading app metadata...

2017-04-30 18:55:11 INFO  [main] INFO:23 - 

Parsing AndroidManifest.xml...

2017-04-30 18:55:11 INFO  [main] INFO:23 - [OK] Skipping native .so files analysis cause no native code found inside
2017-04-30 18:55:11 INFO  [main] INFO:23 - 

Parsing Android Certificate...

2017-04-30 18:55:11 INFO  [main] INFO:23 - 

Parsing Android resource files...

2017-04-30 18:55:12 INFO  [main] INFO:23 - Loading .dex contents...
2017-04-30 18:55:12 INFO  [main] INFO:23 - Loading .dex contents...
2017-04-30 18:55:14 INFO  [main] INFO:23 - Matched rule: This application reads your device's installed applications.
2017-04-30 18:55:14 INFO  [main] INFO:23 - Matched rule: Get Information from Installed Applications
2017-04-30 18:55:14 INFO  [main] INFO:23 - Matched rule: Get Native Heap size
2017-04-30 18:55:14 INFO  [main] INFO:23 - Matched rule: Get's Android package manager
2017-04-30 19:01:00 INFO  [main] INFO:23 - Unpacking .apk...
2017-04-30 19:01:00 INFO  [main] INFO:23 - In-memory .apk decoder...
2017-04-30 19:01:00 INFO  [main] INFO:23 - 

Reading app metadata...

2017-04-30 19:01:00 INFO  [main] INFO:23 - 

Parsing AndroidManifest.xml...

2017-04-30 19:01:01 INFO  [main] INFO:23 - [OK] Skipping native .so files analysis cause no native code found inside
2017-04-30 19:01:01 INFO  [main] INFO:23 - 

Parsing Android Certificate...

2017-04-30 19:01:01 INFO  [main] INFO:23 - 

Parsing Android resource files...

2017-04-30 19:01:02 INFO  [main] INFO:23 - Loading .dex contents...
2017-04-30 19:01:02 INFO  [main] INFO:23 - Loading .dex contents...
2017-04-30 19:02:47 INFO  [main] INFO:23 - Unpacking .apk...
2017-04-30 19:02:47 INFO  [main] INFO:23 - In-memory .apk decoder...
2017-04-30 19:03:45 INFO  [main] INFO:23 - 

Reading app metadata...

2017-04-30 19:03:45 INFO  [main] INFO:23 - 

Parsing AndroidManifest.xml...

2017-04-30 19:03:45 INFO  [main] INFO:23 - [OK] Skipping native .so files analysis cause no native code found inside
2017-04-30 19:03:45 INFO  [main] INFO:23 - 

Parsing Android Certificate...

2017-04-30 19:03:45 INFO  [main] INFO:23 - 

Parsing Android resource files...

2017-04-30 19:03:48 INFO  [main] INFO:23 - Loading .dex contents...
2017-04-30 19:03:48 INFO  [main] INFO:23 - Loading .dex contents...
2017-04-30 19:05:06 INFO  [main] INFO:23 - Unpacking .apk...
2017-04-30 19:05:06 INFO  [main] INFO:23 - In-memory .apk decoder...
2017-04-30 19:05:13 INFO  [main] INFO:23 - 

Reading app metadata...

2017-04-30 19:05:13 INFO  [main] INFO:23 - 

Parsing AndroidManifest.xml...

2017-04-30 19:05:13 INFO  [main] INFO:23 - [OK] Skipping native .so files analysis cause no native code found inside
2017-04-30 19:05:13 INFO  [main] INFO:23 - 

Parsing Android Certificate...

2017-04-30 19:05:13 INFO  [main] INFO:23 - 

Parsing Android resource files...

2017-04-30 19:05:18 INFO  [main] INFO:23 - Loading .dex contents...
2017-04-30 19:05:18 INFO  [main] INFO:23 - Loading .dex contents...
2017-04-30 19:05:26 INFO  [main] INFO:23 - Matched rule: This application reads your device's installed applications.
2017-04-30 19:05:26 INFO  [main] INFO:23 - Matched rule: Get Information from Installed Applications
2017-04-30 19:05:26 INFO  [main] INFO:23 - Matched rule: Get Native Heap size
2017-04-30 19:05:26 INFO  [main] INFO:23 - Matched rule: Get's Android package manager
2017-04-30 19:06:19 INFO  [main] INFO:23 - Unpacking .apk...
2017-04-30 19:06:19 INFO  [main] INFO:23 - In-memory .apk decoder...
2017-04-30 19:06:20 INFO  [main] INFO:23 - 

Reading app metadata...

2017-04-30 19:06:20 INFO  [main] INFO:23 - 

Parsing AndroidManifest.xml...

2017-04-30 19:06:20 INFO  [main] INFO:23 - [OK] Skipping native .so files analysis cause no native code found inside
2017-04-30 19:06:20 INFO  [main] INFO:23 - 

Parsing Android Certificate...

2017-04-30 19:06:20 INFO  [main] INFO:23 - 

Parsing Android resource files...

2017-04-30 19:06:21 INFO  [main] INFO:23 - Loading .dex contents...
2017-04-30 19:06:21 INFO  [main] INFO:23 - Loading .dex contents...
2017-04-30 19:06:23 INFO  [main] INFO:23 - Matched rule: This application reads your device's installed applications.
2017-04-30 19:06:23 INFO  [main] INFO:23 - Matched rule: Get Information from Installed Applications
2017-04-30 19:06:23 INFO  [main] INFO:23 - Matched rule: Get Native Heap size
2017-04-30 19:06:23 INFO  [main] INFO:23 - Matched rule: Get's Android package manager
2017-04-30 19:08:01 INFO  [main] INFO:23 - Unpacking .apk...
2017-04-30 19:08:01 INFO  [main] INFO:23 - In-memory .apk decoder...
2017-04-30 19:08:01 INFO  [main] INFO:23 - 

Reading app metadata...

2017-04-30 19:08:01 INFO  [main] INFO:23 - 

Parsing AndroidManifest.xml...

2017-04-30 19:08:02 INFO  [main] INFO:23 - [OK] Skipping native .so files analysis cause no native code found inside
2017-04-30 19:08:02 INFO  [main] INFO:23 - 

Parsing Android Certificate...

2017-04-30 19:08:02 INFO  [main] INFO:23 - 

Parsing Android resource files...

2017-04-30 19:08:03 INFO  [main] INFO:23 - Loading .dex contents...
2017-04-30 19:08:03 INFO  [main] INFO:23 - Loading .dex contents...
2017-04-30 19:08:05 INFO  [main] INFO:23 - Matched rule: This application reads your device's installed applications.
2017-04-30 19:08:05 INFO  [main] INFO:23 - Matched rule: Get Information from Installed Applications
2017-04-30 19:08:05 INFO  [main] INFO:23 - Matched rule: Get Native Heap size
2017-04-30 19:08:05 INFO  [main] INFO:23 - Matched rule: Get's Android package manager
2017-04-30 19:09:31 INFO  [main] INFO:23 - Unpacking .apk...
2017-04-30 19:09:31 INFO  [main] INFO:23 - In-memory .apk decoder...
2017-04-30 19:09:31 INFO  [main] INFO:23 - 

Reading app metadata...

2017-04-30 19:09:31 INFO  [main] INFO:23 - 

Parsing AndroidManifest.xml...

2017-04-30 19:09:32 INFO  [main] INFO:23 - [OK] Skipping native .so files analysis cause no native code found inside
2017-04-30 19:09:32 INFO  [main] INFO:23 - 

Parsing Android Certificate...

2017-04-30 19:09:32 INFO  [main] INFO:23 - 

Parsing Android resource files...

2017-04-30 19:09:32 INFO  [main] INFO:23 - Loading .dex contents...
2017-04-30 19:09:33 INFO  [main] INFO:23 - Loading .dex contents...
2017-04-30 19:09:35 INFO  [main] INFO:23 - Matched rule: This application reads your device's installed applications.
2017-04-30 19:09:35 INFO  [main] INFO:23 - Matched rule: Get Information from Installed Applications
2017-04-30 19:09:35 INFO  [main] INFO:23 - Matched rule: Get Native Heap size
2017-04-30 19:09:35 INFO  [main] INFO:23 - Matched rule: Get's Android package manager
2017-04-30 19:10:12 INFO  [main] INFO:23 - Unpacking .apk...
2017-04-30 19:10:12 INFO  [main] INFO:23 - In-memory .apk decoder...
2017-04-30 19:10:12 INFO  [main] INFO:23 - 

Reading app metadata...

2017-04-30 19:10:12 INFO  [main] INFO:23 - 

Parsing AndroidManifest.xml...

2017-04-30 19:10:12 INFO  [main] INFO:23 - [OK] Skipping native .so files analysis cause no native code found inside
2017-04-30 19:10:12 INFO  [main] INFO:23 - 

Parsing Android Certificate...

2017-04-30 19:10:12 INFO  [main] INFO:23 - 

Parsing Android resource files...

2017-04-30 19:10:13 INFO  [main] INFO:23 - Loading .dex contents...
2017-04-30 19:10:13 INFO  [main] INFO:23 - Loading .dex contents...
2017-04-30 19:10:15 INFO  [main] INFO:23 - Matched rule: This application reads your device's installed applications.
2017-04-30 19:10:15 INFO  [main] INFO:23 - Matched rule: Get Information from Installed Applications
2017-04-30 19:10:15 INFO  [main] INFO:23 - Matched rule: Get Native Heap size
2017-04-30 19:10:15 INFO  [main] INFO:23 - Matched rule: Get's Android package manager
2017-04-30 19:11:07 INFO  [main] INFO:23 - Unpacking .apk...
2017-04-30 19:11:07 INFO  [main] INFO:23 - In-memory .apk decoder...
2017-04-30 19:11:07 INFO  [main] INFO:23 - 

Reading app metadata...

2017-04-30 19:11:08 INFO  [main] INFO:23 - 

Parsing AndroidManifest.xml...

2017-04-30 19:11:08 INFO  [main] INFO:23 - [OK] Skipping native .so files analysis cause no native code found inside
2017-04-30 19:11:08 INFO  [main] INFO:23 - 

Parsing Android Certificate...

2017-04-30 19:11:08 INFO  [main] INFO:23 - 

Parsing Android resource files...

2017-04-30 19:11:09 INFO  [main] INFO:23 - Loading .dex contents...
2017-04-30 19:11:09 INFO  [main] INFO:23 - Loading .dex contents...
2017-04-30 19:11:11 INFO  [main] INFO:23 - Matched rule: This application reads your device's installed applications.
2017-04-30 19:11:11 INFO  [main] INFO:23 - Matched rule: Get Information from Installed Applications
2017-04-30 19:11:11 INFO  [main] INFO:23 - Matched rule: Get Native Heap size
2017-04-30 19:11:11 INFO  [main] INFO:23 - Matched rule: Get's Android package manager
