2016-10-02 17:23:38,213 - Log4JLogChute initialized using file 'velocity.log'
2016-10-02 17:23:38,214 - Starting Apache Velocity v1.5 (compiled: 2007-02-22 08:52:29)
2016-10-02 17:23:38,214 - Default Properties File: org\apache\velocity\runtime\defaults\velocity.properties
2016-10-02 17:23:38,214 - Trying to use logger class org.apache.velocity.runtime.log.AvalonLogChute
2016-10-02 17:23:38,216 - Couldn't find class org.apache.velocity.runtime.log.AvalonLogChute or necessary supporting classes in classpath.
java.lang.NoClassDefFoundError: org/apache/log/format/Formatter
	at java.lang.Class.forName0(Native Method)
	at java.lang.Class.forName(Class.java:348)
	at org.apache.velocity.util.ClassUtils.getClass(ClassUtils.java:63)
	at org.apache.velocity.util.ClassUtils.getNewInstance(ClassUtils.java:95)
	at org.apache.velocity.runtime.log.LogManager.createLogChute(LogManager.java:147)
	at org.apache.velocity.runtime.log.LogManager.updateLog(LogManager.java:208)
	at org.apache.velocity.runtime.RuntimeInstance.initializeLog(RuntimeInstance.java:728)
	at org.apache.velocity.runtime.RuntimeInstance.init(RuntimeInstance.java:240)
	at org.apache.velocity.app.VelocityEngine.init(VelocityEngine.java:116)
	at com.zerjioang.apkr.v1.common.datamodel.base.ApkrProject.generateReportTemplate(ApkrProject.java:671)
	at com.zerjioang.apkr.v1.common.datamodel.base.ApkrProject.finish(ApkrProject.java:647)
	at com.zerjioang.apkr._main.ApkrScanner.stop(ApkrScanner.java:50)
	at com.zerjioang.apkr._main.ApkrScanner.initScan(ApkrScanner.java:76)
	at com.zerjioang.apkr._main.ApkrScanner.<init>(ApkrScanner.java:37)
	at com.zerjioang.apkr._main.ApkrScanner.main(ApkrScanner.java:44)
Caused by: java.lang.ClassNotFoundException: org.apache.log.format.Formatter
	at java.net.URLClassLoader.findClass(URLClassLoader.java:381)
	at java.lang.ClassLoader.loadClass(ClassLoader.java:424)
	at sun.misc.Launcher$AppClassLoader.loadClass(Launcher.java:331)
	at java.lang.ClassLoader.loadClass(ClassLoader.java:357)
	... 15 more
2016-10-02 17:23:38,225 - Trying to use logger class org.apache.velocity.runtime.log.Log4JLogChute
2016-10-02 17:23:38,225 - Using logger class org.apache.velocity.runtime.log.Log4JLogChute
2016-10-02 17:23:38,232 - Default ResourceManager initializing. (class org.apache.velocity.runtime.resource.ResourceManagerImpl)
2016-10-02 17:23:38,247 - ResourceLoader instantiated: org.apache.velocity.runtime.resource.loader.FileResourceLoader
2016-10-02 17:23:38,254 - Do unicode file recognition:  false
2016-10-02 17:23:38,254 - FileResourceLoader : adding path '.'
2016-10-02 17:23:38,310 - ResourceCache: initialized (class org.apache.velocity.runtime.resource.ResourceCacheImpl)
2016-10-02 17:23:38,316 - Loaded System Directive: org.apache.velocity.runtime.directive.Literal
2016-10-02 17:23:38,326 - Loaded System Directive: org.apache.velocity.runtime.directive.Macro
2016-10-02 17:23:38,335 - Loaded System Directive: org.apache.velocity.runtime.directive.Parse
2016-10-02 17:23:38,341 - Loaded System Directive: org.apache.velocity.runtime.directive.Include
2016-10-02 17:23:38,344 - Loaded System Directive: org.apache.velocity.runtime.directive.Foreach
2016-10-02 17:23:38,435 - Created '20' parsers.
2016-10-02 17:23:38,456 - Velocimacro : "velocimacro.library" is not set.  Trying default library: VM_global_library.vm
2016-10-02 17:23:38,457 - Velocimacro : Default library not found.
2016-10-02 17:23:38,458 - Velocimacro : allowInline = true : VMs can be defined inline in templates
2016-10-02 17:23:38,458 - Velocimacro : allowInlineToOverride = false : VMs defined inline may NOT replace previous VM definitions
2016-10-02 17:23:38,458 - Velocimacro : allowInlineLocal = false : VMs defined inline will be global in scope if allowed.
2016-10-02 17:23:38,458 - Velocimacro : autoload off : VM system will not automatically reload global library macros
2016-10-02 17:23:38,461 - ResourceManager : unable to find resource 'src/main/resources/report.vm' in any resource loader.
2016-10-02 17:24:53,359 - Log4JLogChute initialized using file 'velocity.log'
2016-10-02 17:24:53,360 - Starting Apache Velocity v1.5 (compiled: 2007-02-22 08:52:29)
2016-10-02 17:24:53,360 - Default Properties File: org\apache\velocity\runtime\defaults\velocity.properties
2016-10-02 17:24:53,360 - Trying to use logger class org.apache.velocity.runtime.log.AvalonLogChute
2016-10-02 17:24:53,361 - Couldn't find class org.apache.velocity.runtime.log.AvalonLogChute or necessary supporting classes in classpath.
java.lang.NoClassDefFoundError: org/apache/log/format/Formatter
	at java.lang.Class.forName0(Native Method)
	at java.lang.Class.forName(Class.java:348)
	at org.apache.velocity.util.ClassUtils.getClass(ClassUtils.java:63)
	at org.apache.velocity.util.ClassUtils.getNewInstance(ClassUtils.java:95)
	at org.apache.velocity.runtime.log.LogManager.createLogChute(LogManager.java:147)
	at org.apache.velocity.runtime.log.LogManager.updateLog(LogManager.java:208)
	at org.apache.velocity.runtime.RuntimeInstance.initializeLog(RuntimeInstance.java:728)
	at org.apache.velocity.runtime.RuntimeInstance.init(RuntimeInstance.java:240)
	at org.apache.velocity.app.VelocityEngine.init(VelocityEngine.java:116)
	at com.zerjioang.apkr.v1.common.datamodel.base.ApkrProject.generateReportTemplate(ApkrProject.java:671)
	at com.zerjioang.apkr.v1.common.datamodel.base.ApkrProject.finish(ApkrProject.java:647)
	at com.zerjioang.apkr._main.ApkrScanner.stop(ApkrScanner.java:50)
	at com.zerjioang.apkr._main.ApkrScanner.initScan(ApkrScanner.java:76)
	at com.zerjioang.apkr._main.ApkrScanner.<init>(ApkrScanner.java:37)
	at com.zerjioang.apkr._main.ApkrScanner.main(ApkrScanner.java:44)
Caused by: java.lang.ClassNotFoundException: org.apache.log.format.Formatter
	at java.net.URLClassLoader.findClass(URLClassLoader.java:381)
	at java.lang.ClassLoader.loadClass(ClassLoader.java:424)
	at sun.misc.Launcher$AppClassLoader.loadClass(Launcher.java:331)
	at java.lang.ClassLoader.loadClass(ClassLoader.java:357)
	... 15 more
2016-10-02 17:24:53,367 - Trying to use logger class org.apache.velocity.runtime.log.Log4JLogChute
2016-10-02 17:24:53,367 - Using logger class org.apache.velocity.runtime.log.Log4JLogChute
2016-10-02 17:24:53,373 - Default ResourceManager initializing. (class org.apache.velocity.runtime.resource.ResourceManagerImpl)
2016-10-02 17:24:53,381 - ResourceLoader instantiated: org.apache.velocity.runtime.resource.loader.FileResourceLoader
2016-10-02 17:24:53,385 - Do unicode file recognition:  false
2016-10-02 17:24:53,385 - FileResourceLoader : adding path '.'
2016-10-02 17:24:53,413 - ResourceCache: initialized (class org.apache.velocity.runtime.resource.ResourceCacheImpl)
2016-10-02 17:24:53,418 - Loaded System Directive: org.apache.velocity.runtime.directive.Literal
2016-10-02 17:24:53,421 - Loaded System Directive: org.apache.velocity.runtime.directive.Macro
2016-10-02 17:24:53,426 - Loaded System Directive: org.apache.velocity.runtime.directive.Parse
2016-10-02 17:24:53,430 - Loaded System Directive: org.apache.velocity.runtime.directive.Include
2016-10-02 17:24:53,433 - Loaded System Directive: org.apache.velocity.runtime.directive.Foreach
2016-10-02 17:24:53,483 - Created '20' parsers.
2016-10-02 17:24:53,507 - Velocimacro : "velocimacro.library" is not set.  Trying default library: VM_global_library.vm
2016-10-02 17:24:53,507 - Velocimacro : Default library not found.
2016-10-02 17:24:53,507 - Velocimacro : allowInline = true : VMs can be defined inline in templates
2016-10-02 17:24:53,508 - Velocimacro : allowInlineToOverride = false : VMs defined inline may NOT replace previous VM definitions
2016-10-02 17:24:53,508 - Velocimacro : allowInlineLocal = false : VMs defined inline will be global in scope if allowed.
2016-10-02 17:24:53,508 - Velocimacro : autoload off : VM system will not automatically reload global library macros
2016-10-02 17:24:59,962 - ResourceManager : unable to find resource 'src/main/resources/report.vm' in any resource loader.
2016-10-02 17:25:43,832 - Log4JLogChute initialized using file 'velocity.log'
2016-10-02 17:25:43,833 - Starting Apache Velocity v1.5 (compiled: 2007-02-22 08:52:29)
2016-10-02 17:25:43,834 - Default Properties File: org\apache\velocity\runtime\defaults\velocity.properties
2016-10-02 17:25:43,834 - Trying to use logger class org.apache.velocity.runtime.log.AvalonLogChute
2016-10-02 17:25:43,841 - Couldn't find class org.apache.velocity.runtime.log.AvalonLogChute or necessary supporting classes in classpath.
java.lang.NoClassDefFoundError: org/apache/log/format/Formatter
	at java.lang.Class.forName0(Native Method)
	at java.lang.Class.forName(Class.java:348)
	at org.apache.velocity.util.ClassUtils.getClass(ClassUtils.java:63)
	at org.apache.velocity.util.ClassUtils.getNewInstance(ClassUtils.java:95)
	at org.apache.velocity.runtime.log.LogManager.createLogChute(LogManager.java:147)
	at org.apache.velocity.runtime.log.LogManager.updateLog(LogManager.java:208)
	at org.apache.velocity.runtime.RuntimeInstance.initializeLog(RuntimeInstance.java:728)
	at org.apache.velocity.runtime.RuntimeInstance.init(RuntimeInstance.java:240)
	at org.apache.velocity.app.VelocityEngine.init(VelocityEngine.java:116)
	at com.zerjioang.apkr.v1.common.datamodel.base.ApkrProject.generateReportTemplate(ApkrProject.java:671)
	at com.zerjioang.apkr.v1.common.datamodel.base.ApkrProject.finish(ApkrProject.java:647)
	at com.zerjioang.apkr._main.ApkrScanner.stop(ApkrScanner.java:50)
	at com.zerjioang.apkr._main.ApkrScanner.initScan(ApkrScanner.java:76)
	at com.zerjioang.apkr._main.ApkrScanner.<init>(ApkrScanner.java:37)
	at com.zerjioang.apkr._main.ApkrScanner.main(ApkrScanner.java:44)
Caused by: java.lang.ClassNotFoundException: org.apache.log.format.Formatter
	at java.net.URLClassLoader.findClass(URLClassLoader.java:381)
	at java.lang.ClassLoader.loadClass(ClassLoader.java:424)
	at sun.misc.Launcher$AppClassLoader.loadClass(Launcher.java:331)
	at java.lang.ClassLoader.loadClass(ClassLoader.java:357)
	... 15 more
2016-10-02 17:25:43,869 - Trying to use logger class org.apache.velocity.runtime.log.Log4JLogChute
2016-10-02 17:25:43,870 - Using logger class org.apache.velocity.runtime.log.Log4JLogChute
2016-10-02 17:25:43,890 - Default ResourceManager initializing. (class org.apache.velocity.runtime.resource.ResourceManagerImpl)
2016-10-02 17:25:43,914 - ResourceLoader instantiated: org.apache.velocity.runtime.resource.loader.FileResourceLoader
2016-10-02 17:25:43,925 - Do unicode file recognition:  false
2016-10-02 17:25:43,925 - FileResourceLoader : adding path '.'
2016-10-02 17:25:44,017 - ResourceCache: initialized (class org.apache.velocity.runtime.resource.ResourceCacheImpl)
2016-10-02 17:25:44,032 - Loaded System Directive: org.apache.velocity.runtime.directive.Literal
2016-10-02 17:25:44,044 - Loaded System Directive: org.apache.velocity.runtime.directive.Macro
2016-10-02 17:25:44,059 - Loaded System Directive: org.apache.velocity.runtime.directive.Parse
2016-10-02 17:25:44,070 - Loaded System Directive: org.apache.velocity.runtime.directive.Include
2016-10-02 17:25:44,077 - Loaded System Directive: org.apache.velocity.runtime.directive.Foreach
2016-10-02 17:25:44,230 - Created '20' parsers.
2016-10-02 17:25:44,306 - Velocimacro : "velocimacro.library" is not set.  Trying default library: VM_global_library.vm
2016-10-02 17:25:44,308 - Velocimacro : Default library not found.
2016-10-02 17:25:44,308 - Velocimacro : allowInline = true : VMs can be defined inline in templates
2016-10-02 17:25:44,309 - Velocimacro : allowInlineToOverride = false : VMs defined inline may NOT replace previous VM definitions
2016-10-02 17:25:44,309 - Velocimacro : allowInlineLocal = false : VMs defined inline will be global in scope if allowed.
2016-10-02 17:25:44,309 - Velocimacro : autoload off : VM system will not automatically reload global library macros
2016-10-02 17:25:49,271 - ResourceManager : unable to find resource 'src/main/resources/report.vm' in any resource loader.
2016-10-02 17:25:59,323 - ResourceManager : unable to find resource '/src/main/resources/report.vm' in any resource loader.
2016-10-02 17:26:05,928 - ResourceManager : unable to find resource 'main/resources/report.vm' in any resource loader.
2016-10-02 17:26:10,976 - ResourceManager : unable to find resource 'resources/report.vm' in any resource loader.
2016-10-02 17:26:18,852 - ResourceManager : unable to find resource 'src/main/resources/report.vm' in any resource loader.
2016-10-02 17:26:55,269 - Log4JLogChute initialized using file 'velocity.log'
2016-10-02 17:26:55,270 - Starting Apache Velocity v1.5 (compiled: 2007-02-22 08:52:29)
2016-10-02 17:26:55,270 - Default Properties File: org\apache\velocity\runtime\defaults\velocity.properties
2016-10-02 17:26:55,270 - Trying to use logger class org.apache.velocity.runtime.log.AvalonLogChute
2016-10-02 17:26:55,271 - Couldn't find class org.apache.velocity.runtime.log.AvalonLogChute or necessary supporting classes in classpath.
java.lang.NoClassDefFoundError: org/apache/log/format/Formatter
	at java.lang.Class.forName0(Native Method)
	at java.lang.Class.forName(Class.java:348)
	at org.apache.velocity.util.ClassUtils.getClass(ClassUtils.java:63)
	at org.apache.velocity.util.ClassUtils.getNewInstance(ClassUtils.java:95)
	at org.apache.velocity.runtime.log.LogManager.createLogChute(LogManager.java:147)
	at org.apache.velocity.runtime.log.LogManager.updateLog(LogManager.java:208)
	at org.apache.velocity.runtime.RuntimeInstance.initializeLog(RuntimeInstance.java:728)
	at org.apache.velocity.runtime.RuntimeInstance.init(RuntimeInstance.java:240)
	at org.apache.velocity.app.VelocityEngine.init(VelocityEngine.java:116)
	at com.zerjioang.velocity.TestVelocityConfig.test00_init(TestVelocityConfig.java:33)
	at sun.reflect.NativeMethodAccessorImpl.invoke0(Native Method)
	at sun.reflect.NativeMethodAccessorImpl.invoke(NativeMethodAccessorImpl.java:62)
	at sun.reflect.DelegatingMethodAccessorImpl.invoke(DelegatingMethodAccessorImpl.java:43)
	at java.lang.reflect.Method.invoke(Method.java:498)
	at org.junit.runners.model.FrameworkMethod$1.runReflectiveCall(FrameworkMethod.java:50)
	at org.junit.internal.runners.model.ReflectiveCallable.run(ReflectiveCallable.java:12)
	at org.junit.runners.model.FrameworkMethod.invokeExplosively(FrameworkMethod.java:47)
	at org.junit.internal.runners.statements.InvokeMethod.evaluate(InvokeMethod.java:17)
	at org.junit.internal.runners.statements.RunBefores.evaluate(RunBefores.java:26)
	at org.junit.runners.ParentRunner.runLeaf(ParentRunner.java:325)
	at org.junit.runners.BlockJUnit4ClassRunner.runChild(BlockJUnit4ClassRunner.java:78)
	at org.junit.runners.BlockJUnit4ClassRunner.runChild(BlockJUnit4ClassRunner.java:57)
	at org.junit.runners.ParentRunner$3.run(ParentRunner.java:290)
	at org.junit.runners.ParentRunner$1.schedule(ParentRunner.java:71)
	at org.junit.runners.ParentRunner.runChildren(ParentRunner.java:288)
	at org.junit.runners.ParentRunner.access$000(ParentRunner.java:58)
	at org.junit.runners.ParentRunner$2.evaluate(ParentRunner.java:268)
	at org.junit.runners.ParentRunner.run(ParentRunner.java:363)
	at org.junit.runners.Suite.runChild(Suite.java:128)
	at org.junit.runners.Suite.runChild(Suite.java:27)
	at org.junit.runners.ParentRunner$3.run(ParentRunner.java:290)
	at org.junit.runners.ParentRunner$1.schedule(ParentRunner.java:71)
	at org.junit.runners.ParentRunner.runChildren(ParentRunner.java:288)
	at org.junit.runners.ParentRunner.access$000(ParentRunner.java:58)
	at org.junit.runners.ParentRunner$2.evaluate(ParentRunner.java:268)
	at org.junit.runners.ParentRunner.run(ParentRunner.java:363)
	at org.junit.runner.JUnitCore.run(JUnitCore.java:137)
	at com.intellij.junit4.JUnit4IdeaTestRunner.startRunnerWithArgs(JUnit4IdeaTestRunner.java:117)
	at com.intellij.junit4.JUnit4IdeaTestRunner.startRunnerWithArgs(JUnit4IdeaTestRunner.java:42)
	at com.intellij.rt.execution.junit.JUnitStarter.prepareStreamsAndStart(JUnitStarter.java:262)
	at com.intellij.rt.execution.junit.JUnitStarter.main(JUnitStarter.java:84)
	at sun.reflect.NativeMethodAccessorImpl.invoke0(Native Method)
	at sun.reflect.NativeMethodAccessorImpl.invoke(NativeMethodAccessorImpl.java:62)
	at sun.reflect.DelegatingMethodAccessorImpl.invoke(DelegatingMethodAccessorImpl.java:43)
	at java.lang.reflect.Method.invoke(Method.java:498)
	at com.intellij.rt.execution.application.AppMain.main(AppMain.java:147)
Caused by: java.lang.ClassNotFoundException: org.apache.log.format.Formatter
	at java.net.URLClassLoader.findClass(URLClassLoader.java:381)
	at java.lang.ClassLoader.loadClass(ClassLoader.java:424)
	at sun.misc.Launcher$AppClassLoader.loadClass(Launcher.java:331)
	at java.lang.ClassLoader.loadClass(ClassLoader.java:357)
	... 46 more
2016-10-02 17:26:55,276 - Trying to use logger class org.apache.velocity.runtime.log.Log4JLogChute
2016-10-02 17:26:55,276 - Using logger class org.apache.velocity.runtime.log.Log4JLogChute
2016-10-02 17:26:55,280 - Default ResourceManager initializing. (class org.apache.velocity.runtime.resource.ResourceManagerImpl)
2016-10-02 17:26:55,287 - ResourceLoader instantiated: org.apache.velocity.runtime.resource.loader.FileResourceLoader
2016-10-02 17:26:55,288 - Do unicode file recognition:  false
2016-10-02 17:26:55,288 - FileResourceLoader : adding path '.'
2016-10-02 17:26:55,305 - ResourceCache: initialized (class org.apache.velocity.runtime.resource.ResourceCacheImpl)
2016-10-02 17:26:55,307 - Loaded System Directive: org.apache.velocity.runtime.directive.Literal
2016-10-02 17:26:55,310 - Loaded System Directive: org.apache.velocity.runtime.directive.Macro
2016-10-02 17:26:55,312 - Loaded System Directive: org.apache.velocity.runtime.directive.Parse
2016-10-02 17:26:55,314 - Loaded System Directive: org.apache.velocity.runtime.directive.Include
2016-10-02 17:26:55,315 - Loaded System Directive: org.apache.velocity.runtime.directive.Foreach
2016-10-02 17:26:55,358 - Created '20' parsers.
2016-10-02 17:26:55,366 - Velocimacro : "velocimacro.library" is not set.  Trying default library: VM_global_library.vm
2016-10-02 17:26:55,367 - Velocimacro : Default library not found.
2016-10-02 17:26:55,367 - Velocimacro : allowInline = true : VMs can be defined inline in templates
2016-10-02 17:26:55,367 - Velocimacro : allowInlineToOverride = false : VMs defined inline may NOT replace previous VM definitions
2016-10-02 17:26:55,367 - Velocimacro : allowInlineLocal = false : VMs defined inline will be global in scope if allowed.
2016-10-02 17:26:55,367 - Velocimacro : autoload off : VM system will not automatically reload global library macros
2016-10-02 17:26:55,371 - Log4JLogChute initialized using file 'velocity.log'
2016-10-02 17:26:55,371 - Log4JLogChute initialized using file 'velocity.log'
2016-10-02 17:26:55,371 - Velocity not initialized yet. Calling init()...
2016-10-02 17:26:55,371 - Velocity not initialized yet. Calling init()...
2016-10-02 17:26:55,371 - Starting Apache Velocity v1.5 (compiled: 2007-02-22 08:52:29)
2016-10-02 17:26:55,371 - Starting Apache Velocity v1.5 (compiled: 2007-02-22 08:52:29)
2016-10-02 17:26:55,371 - Default Properties File: org\apache\velocity\runtime\defaults\velocity.properties
2016-10-02 17:26:55,371 - Default Properties File: org\apache\velocity\runtime\defaults\velocity.properties
2016-10-02 17:26:55,373 - Trying to use logger class org.apache.velocity.runtime.log.AvalonLogChute
2016-10-02 17:26:55,373 - Trying to use logger class org.apache.velocity.runtime.log.AvalonLogChute
2016-10-02 17:26:55,373 - Couldn't find class org.apache.velocity.runtime.log.AvalonLogChute or necessary supporting classes in classpath.
java.lang.NoClassDefFoundError: org/apache/log/format/Formatter
	at java.lang.Class.forName0(Native Method)
	at java.lang.Class.forName(Class.java:348)
	at org.apache.velocity.util.ClassUtils.getClass(ClassUtils.java:63)
	at org.apache.velocity.util.ClassUtils.getNewInstance(ClassUtils.java:95)
	at org.apache.velocity.runtime.log.LogManager.createLogChute(LogManager.java:147)
	at org.apache.velocity.runtime.log.LogManager.updateLog(LogManager.java:208)
	at org.apache.velocity.runtime.RuntimeInstance.initializeLog(RuntimeInstance.java:728)
	at org.apache.velocity.runtime.RuntimeInstance.init(RuntimeInstance.java:240)
	at org.apache.velocity.runtime.RuntimeInstance.getTemplate(RuntimeInstance.java:1099)
	at org.apache.velocity.app.VelocityEngine.getTemplate(VelocityEngine.java:549)
	at com.zerjioang.velocity.TestVelocityConfig.test01_getTemplate(TestVelocityConfig.java:60)
	at sun.reflect.NativeMethodAccessorImpl.invoke0(Native Method)
	at sun.reflect.NativeMethodAccessorImpl.invoke(NativeMethodAccessorImpl.java:62)
	at sun.reflect.DelegatingMethodAccessorImpl.invoke(DelegatingMethodAccessorImpl.java:43)
	at java.lang.reflect.Method.invoke(Method.java:498)
	at org.junit.runners.model.FrameworkMethod$1.runReflectiveCall(FrameworkMethod.java:50)
	at org.junit.internal.runners.model.ReflectiveCallable.run(ReflectiveCallable.java:12)
	at org.junit.runners.model.FrameworkMethod.invokeExplosively(FrameworkMethod.java:47)
	at org.junit.internal.runners.statements.InvokeMethod.evaluate(InvokeMethod.java:17)
	at org.junit.internal.runners.statements.RunBefores.evaluate(RunBefores.java:26)
	at org.junit.runners.ParentRunner.runLeaf(ParentRunner.java:325)
	at org.junit.runners.BlockJUnit4ClassRunner.runChild(BlockJUnit4ClassRunner.java:78)
	at org.junit.runners.BlockJUnit4ClassRunner.runChild(BlockJUnit4ClassRunner.java:57)
	at org.junit.runners.ParentRunner$3.run(ParentRunner.java:290)
	at org.junit.runners.ParentRunner$1.schedule(ParentRunner.java:71)
	at org.junit.runners.ParentRunner.runChildren(ParentRunner.java:288)
	at org.junit.runners.ParentRunner.access$000(ParentRunner.java:58)
	at org.junit.runners.ParentRunner$2.evaluate(ParentRunner.java:268)
	at org.junit.runners.ParentRunner.run(ParentRunner.java:363)
	at org.junit.runners.Suite.runChild(Suite.java:128)
	at org.junit.runners.Suite.runChild(Suite.java:27)
	at org.junit.runners.ParentRunner$3.run(ParentRunner.java:290)
	at org.junit.runners.ParentRunner$1.schedule(ParentRunner.java:71)
	at org.junit.runners.ParentRunner.runChildren(ParentRunner.java:288)
	at org.junit.runners.ParentRunner.access$000(ParentRunner.java:58)
	at org.junit.runners.ParentRunner$2.evaluate(ParentRunner.java:268)
	at org.junit.runners.ParentRunner.run(ParentRunner.java:363)
	at org.junit.runner.JUnitCore.run(JUnitCore.java:137)
	at com.intellij.junit4.JUnit4IdeaTestRunner.startRunnerWithArgs(JUnit4IdeaTestRunner.java:117)
	at com.intellij.junit4.JUnit4IdeaTestRunner.startRunnerWithArgs(JUnit4IdeaTestRunner.java:42)
	at com.intellij.rt.execution.junit.JUnitStarter.prepareStreamsAndStart(JUnitStarter.java:262)
	at com.intellij.rt.execution.junit.JUnitStarter.main(JUnitStarter.java:84)
	at sun.reflect.NativeMethodAccessorImpl.invoke0(Native Method)
	at sun.reflect.NativeMethodAccessorImpl.invoke(NativeMethodAccessorImpl.java:62)
	at sun.reflect.DelegatingMethodAccessorImpl.invoke(DelegatingMethodAccessorImpl.java:43)
	at java.lang.reflect.Method.invoke(Method.java:498)
	at com.intellij.rt.execution.application.AppMain.main(AppMain.java:147)
Caused by: java.lang.ClassNotFoundException: org.apache.log.format.Formatter
	at java.net.URLClassLoader.findClass(URLClassLoader.java:381)
	at java.lang.ClassLoader.loadClass(ClassLoader.java:424)
	at sun.misc.Launcher$AppClassLoader.loadClass(Launcher.java:331)
	at java.lang.ClassLoader.loadClass(ClassLoader.java:357)
	... 47 more
2016-10-02 17:26:55,373 - Couldn't find class org.apache.velocity.runtime.log.AvalonLogChute or necessary supporting classes in classpath.
java.lang.NoClassDefFoundError: org/apache/log/format/Formatter
	at java.lang.Class.forName0(Native Method)
	at java.lang.Class.forName(Class.java:348)
	at org.apache.velocity.util.ClassUtils.getClass(ClassUtils.java:63)
	at org.apache.velocity.util.ClassUtils.getNewInstance(ClassUtils.java:95)
	at org.apache.velocity.runtime.log.LogManager.createLogChute(LogManager.java:147)
	at org.apache.velocity.runtime.log.LogManager.updateLog(LogManager.java:208)
	at org.apache.velocity.runtime.RuntimeInstance.initializeLog(RuntimeInstance.java:728)
	at org.apache.velocity.runtime.RuntimeInstance.init(RuntimeInstance.java:240)
	at org.apache.velocity.runtime.RuntimeInstance.getTemplate(RuntimeInstance.java:1099)
	at org.apache.velocity.app.VelocityEngine.getTemplate(VelocityEngine.java:549)
	at com.zerjioang.velocity.TestVelocityConfig.test01_getTemplate(TestVelocityConfig.java:60)
	at sun.reflect.NativeMethodAccessorImpl.invoke0(Native Method)
	at sun.reflect.NativeMethodAccessorImpl.invoke(NativeMethodAccessorImpl.java:62)
	at sun.reflect.DelegatingMethodAccessorImpl.invoke(DelegatingMethodAccessorImpl.java:43)
	at java.lang.reflect.Method.invoke(Method.java:498)
	at org.junit.runners.model.FrameworkMethod$1.runReflectiveCall(FrameworkMethod.java:50)
	at org.junit.internal.runners.model.ReflectiveCallable.run(ReflectiveCallable.java:12)
	at org.junit.runners.model.FrameworkMethod.invokeExplosively(FrameworkMethod.java:47)
	at org.junit.internal.runners.statements.InvokeMethod.evaluate(InvokeMethod.java:17)
	at org.junit.internal.runners.statements.RunBefores.evaluate(RunBefores.java:26)
	at org.junit.runners.ParentRunner.runLeaf(ParentRunner.java:325)
	at org.junit.runners.BlockJUnit4ClassRunner.runChild(BlockJUnit4ClassRunner.java:78)
	at org.junit.runners.BlockJUnit4ClassRunner.runChild(BlockJUnit4ClassRunner.java:57)
	at org.junit.runners.ParentRunner$3.run(ParentRunner.java:290)
	at org.junit.runners.ParentRunner$1.schedule(ParentRunner.java:71)
	at org.junit.runners.ParentRunner.runChildren(ParentRunner.java:288)
	at org.junit.runners.ParentRunner.access$000(ParentRunner.java:58)
	at org.junit.runners.ParentRunner$2.evaluate(ParentRunner.java:268)
	at org.junit.runners.ParentRunner.run(ParentRunner.java:363)
	at org.junit.runners.Suite.runChild(Suite.java:128)
	at org.junit.runners.Suite.runChild(Suite.java:27)
	at org.junit.runners.ParentRunner$3.run(ParentRunner.java:290)
	at org.junit.runners.ParentRunner$1.schedule(ParentRunner.java:71)
	at org.junit.runners.ParentRunner.runChildren(ParentRunner.java:288)
	at org.junit.runners.ParentRunner.access$000(ParentRunner.java:58)
	at org.junit.runners.ParentRunner$2.evaluate(ParentRunner.java:268)
	at org.junit.runners.ParentRunner.run(ParentRunner.java:363)
	at org.junit.runner.JUnitCore.run(JUnitCore.java:137)
	at com.intellij.junit4.JUnit4IdeaTestRunner.startRunnerWithArgs(JUnit4IdeaTestRunner.java:117)
	at com.intellij.junit4.JUnit4IdeaTestRunner.startRunnerWithArgs(JUnit4IdeaTestRunner.java:42)
	at com.intellij.rt.execution.junit.JUnitStarter.prepareStreamsAndStart(JUnitStarter.java:262)
	at com.intellij.rt.execution.junit.JUnitStarter.main(JUnitStarter.java:84)
	at sun.reflect.NativeMethodAccessorImpl.invoke0(Native Method)
	at sun.reflect.NativeMethodAccessorImpl.invoke(NativeMethodAccessorImpl.java:62)
	at sun.reflect.DelegatingMethodAccessorImpl.invoke(DelegatingMethodAccessorImpl.java:43)
	at java.lang.reflect.Method.invoke(Method.java:498)
	at com.intellij.rt.execution.application.AppMain.main(AppMain.java:147)
Caused by: java.lang.ClassNotFoundException: org.apache.log.format.Formatter
	at java.net.URLClassLoader.findClass(URLClassLoader.java:381)
	at java.lang.ClassLoader.loadClass(ClassLoader.java:424)
	at sun.misc.Launcher$AppClassLoader.loadClass(Launcher.java:331)
	at java.lang.ClassLoader.loadClass(ClassLoader.java:357)
	... 47 more
2016-10-02 17:26:55,375 - Trying to use logger class org.apache.velocity.runtime.log.Log4JLogChute
2016-10-02 17:26:55,375 - Trying to use logger class org.apache.velocity.runtime.log.Log4JLogChute
2016-10-02 17:26:55,375 - Using logger class org.apache.velocity.runtime.log.Log4JLogChute
2016-10-02 17:26:55,375 - Using logger class org.apache.velocity.runtime.log.Log4JLogChute
2016-10-02 17:26:55,376 - Default ResourceManager initializing. (class org.apache.velocity.runtime.resource.ResourceManagerImpl)
2016-10-02 17:26:55,376 - Default ResourceManager initializing. (class org.apache.velocity.runtime.resource.ResourceManagerImpl)
2016-10-02 17:26:55,376 - ResourceLoader instantiated: org.apache.velocity.runtime.resource.loader.FileResourceLoader
2016-10-02 17:26:55,376 - ResourceLoader instantiated: org.apache.velocity.runtime.resource.loader.FileResourceLoader
2016-10-02 17:26:55,376 - Do unicode file recognition:  false
2016-10-02 17:26:55,376 - Do unicode file recognition:  false
2016-10-02 17:26:55,376 - FileResourceLoader : adding path '.'
2016-10-02 17:26:55,376 - FileResourceLoader : adding path '.'
2016-10-02 17:26:55,376 - ResourceCache: initialized (class org.apache.velocity.runtime.resource.ResourceCacheImpl)
2016-10-02 17:26:55,376 - ResourceCache: initialized (class org.apache.velocity.runtime.resource.ResourceCacheImpl)
2016-10-02 17:26:55,377 - Loaded System Directive: org.apache.velocity.runtime.directive.Literal
2016-10-02 17:26:55,377 - Loaded System Directive: org.apache.velocity.runtime.directive.Literal
2016-10-02 17:26:55,377 - Loaded System Directive: org.apache.velocity.runtime.directive.Macro
2016-10-02 17:26:55,377 - Loaded System Directive: org.apache.velocity.runtime.directive.Macro
2016-10-02 17:26:55,377 - Loaded System Directive: org.apache.velocity.runtime.directive.Parse
2016-10-02 17:26:55,377 - Loaded System Directive: org.apache.velocity.runtime.directive.Parse
2016-10-02 17:26:55,377 - Loaded System Directive: org.apache.velocity.runtime.directive.Include
2016-10-02 17:26:55,377 - Loaded System Directive: org.apache.velocity.runtime.directive.Include
2016-10-02 17:26:55,378 - Loaded System Directive: org.apache.velocity.runtime.directive.Foreach
2016-10-02 17:26:55,378 - Loaded System Directive: org.apache.velocity.runtime.directive.Foreach
2016-10-02 17:26:55,380 - Created '20' parsers.
2016-10-02 17:26:55,380 - Created '20' parsers.
2016-10-02 17:26:55,380 - Velocimacro : "velocimacro.library" is not set.  Trying default library: VM_global_library.vm
2016-10-02 17:26:55,380 - Velocimacro : "velocimacro.library" is not set.  Trying default library: VM_global_library.vm
2016-10-02 17:26:55,380 - Velocimacro : Default library not found.
2016-10-02 17:26:55,380 - Velocimacro : Default library not found.
2016-10-02 17:26:55,380 - Velocimacro : allowInline = true : VMs can be defined inline in templates
2016-10-02 17:26:55,380 - Velocimacro : allowInline = true : VMs can be defined inline in templates
2016-10-02 17:26:55,380 - Velocimacro : allowInlineToOverride = false : VMs defined inline may NOT replace previous VM definitions
2016-10-02 17:26:55,380 - Velocimacro : allowInlineToOverride = false : VMs defined inline may NOT replace previous VM definitions
2016-10-02 17:26:55,380 - Velocimacro : allowInlineLocal = false : VMs defined inline will be global in scope if allowed.
2016-10-02 17:26:55,380 - Velocimacro : allowInlineLocal = false : VMs defined inline will be global in scope if allowed.
2016-10-02 17:26:55,381 - Velocimacro : autoload off : VM system will not automatically reload global library macros
2016-10-02 17:26:55,381 - Velocimacro : autoload off : VM system will not automatically reload global library macros
2016-10-02 17:26:55,390 - ResourceManager : found src/main/resources/templates/helloworld.vm with loader org.apache.velocity.runtime.resource.loader.FileResourceLoader
2016-10-02 17:26:55,390 - ResourceManager : found src/main/resources/templates/helloworld.vm with loader org.apache.velocity.runtime.resource.loader.FileResourceLoader
2016-10-02 17:26:55,395 - Log4JLogChute initialized using file 'velocity.log'
2016-10-02 17:26:55,395 - Log4JLogChute initialized using file 'velocity.log'
2016-10-02 17:26:55,395 - Log4JLogChute initialized using file 'velocity.log'
2016-10-02 17:26:55,396 - Velocity not initialized yet. Calling init()...
2016-10-02 17:26:55,396 - Velocity not initialized yet. Calling init()...
2016-10-02 17:26:55,396 - Velocity not initialized yet. Calling init()...
2016-10-02 17:26:55,396 - Starting Apache Velocity v1.5 (compiled: 2007-02-22 08:52:29)
2016-10-02 17:26:55,396 - Starting Apache Velocity v1.5 (compiled: 2007-02-22 08:52:29)
2016-10-02 17:26:55,396 - Starting Apache Velocity v1.5 (compiled: 2007-02-22 08:52:29)
2016-10-02 17:26:55,396 - Default Properties File: org\apache\velocity\runtime\defaults\velocity.properties
2016-10-02 17:26:55,396 - Default Properties File: org\apache\velocity\runtime\defaults\velocity.properties
2016-10-02 17:26:55,396 - Default Properties File: org\apache\velocity\runtime\defaults\velocity.properties
2016-10-02 17:26:55,397 - Trying to use logger class org.apache.velocity.runtime.log.AvalonLogChute
2016-10-02 17:26:55,397 - Trying to use logger class org.apache.velocity.runtime.log.AvalonLogChute
2016-10-02 17:26:55,397 - Trying to use logger class org.apache.velocity.runtime.log.AvalonLogChute
2016-10-02 17:26:55,397 - Couldn't find class org.apache.velocity.runtime.log.AvalonLogChute or necessary supporting classes in classpath.
java.lang.NoClassDefFoundError: org/apache/log/format/Formatter
	at java.lang.Class.forName0(Native Method)
	at java.lang.Class.forName(Class.java:348)
	at org.apache.velocity.util.ClassUtils.getClass(ClassUtils.java:63)
	at org.apache.velocity.util.ClassUtils.getNewInstance(ClassUtils.java:95)
	at org.apache.velocity.runtime.log.LogManager.createLogChute(LogManager.java:147)
	at org.apache.velocity.runtime.log.LogManager.updateLog(LogManager.java:208)
	at org.apache.velocity.runtime.RuntimeInstance.initializeLog(RuntimeInstance.java:728)
	at org.apache.velocity.runtime.RuntimeInstance.init(RuntimeInstance.java:240)
	at org.apache.velocity.runtime.RuntimeInstance.getTemplate(RuntimeInstance.java:1099)
	at org.apache.velocity.app.VelocityEngine.getTemplate(VelocityEngine.java:549)
	at com.zerjioang.velocity.TestVelocityConfig.test01_getTemplate(TestVelocityConfig.java:60)
	at com.zerjioang.velocity.TestVelocityConfig.test03_getWriter(TestVelocityConfig.java:48)
	at sun.reflect.NativeMethodAccessorImpl.invoke0(Native Method)
	at sun.reflect.NativeMethodAccessorImpl.invoke(NativeMethodAccessorImpl.java:62)
	at sun.reflect.DelegatingMethodAccessorImpl.invoke(DelegatingMethodAccessorImpl.java:43)
	at java.lang.reflect.Method.invoke(Method.java:498)
	at org.junit.runners.model.FrameworkMethod$1.runReflectiveCall(FrameworkMethod.java:50)
	at org.junit.internal.runners.model.ReflectiveCallable.run(ReflectiveCallable.java:12)
	at org.junit.runners.model.FrameworkMethod.invokeExplosively(FrameworkMethod.java:47)
	at org.junit.internal.runners.statements.InvokeMethod.evaluate(InvokeMethod.java:17)
	at org.junit.internal.runners.statements.RunBefores.evaluate(RunBefores.java:26)
	at org.junit.runners.ParentRunner.runLeaf(ParentRunner.java:325)
	at org.junit.runners.BlockJUnit4ClassRunner.runChild(BlockJUnit4ClassRunner.java:78)
	at org.junit.runners.BlockJUnit4ClassRunner.runChild(BlockJUnit4ClassRunner.java:57)
	at org.junit.runners.ParentRunner$3.run(ParentRunner.java:290)
	at org.junit.runners.ParentRunner$1.schedule(ParentRunner.java:71)
	at org.junit.runners.ParentRunner.runChildren(ParentRunner.java:288)
	at org.junit.runners.ParentRunner.access$000(ParentRunner.java:58)
	at org.junit.runners.ParentRunner$2.evaluate(ParentRunner.java:268)
	at org.junit.runners.ParentRunner.run(ParentRunner.java:363)
	at org.junit.runners.Suite.runChild(Suite.java:128)
	at org.junit.runners.Suite.runChild(Suite.java:27)
	at org.junit.runners.ParentRunner$3.run(ParentRunner.java:290)
	at org.junit.runners.ParentRunner$1.schedule(ParentRunner.java:71)
	at org.junit.runners.ParentRunner.runChildren(ParentRunner.java:288)
	at org.junit.runners.ParentRunner.access$000(ParentRunner.java:58)
	at org.junit.runners.ParentRunner$2.evaluate(ParentRunner.java:268)
	at org.junit.runners.ParentRunner.run(ParentRunner.java:363)
	at org.junit.runner.JUnitCore.run(JUnitCore.java:137)
	at com.intellij.junit4.JUnit4IdeaTestRunner.startRunnerWithArgs(JUnit4IdeaTestRunner.java:117)
	at com.intellij.junit4.JUnit4IdeaTestRunner.startRunnerWithArgs(JUnit4IdeaTestRunner.java:42)
	at com.intellij.rt.execution.junit.JUnitStarter.prepareStreamsAndStart(JUnitStarter.java:262)
	at com.intellij.rt.execution.junit.JUnitStarter.main(JUnitStarter.java:84)
	at sun.reflect.NativeMethodAccessorImpl.invoke0(Native Method)
	at sun.reflect.NativeMethodAccessorImpl.invoke(NativeMethodAccessorImpl.java:62)
	at sun.reflect.DelegatingMethodAccessorImpl.invoke(DelegatingMethodAccessorImpl.java:43)
	at java.lang.reflect.Method.invoke(Method.java:498)
	at com.intellij.rt.execution.application.AppMain.main(AppMain.java:147)
Caused by: java.lang.ClassNotFoundException: org.apache.log.format.Formatter
	at java.net.URLClassLoader.findClass(URLClassLoader.java:381)
	at java.lang.ClassLoader.loadClass(ClassLoader.java:424)
	at sun.misc.Launcher$AppClassLoader.loadClass(Launcher.java:331)
	at java.lang.ClassLoader.loadClass(ClassLoader.java:357)
	... 48 more
2016-10-02 17:26:55,397 - Couldn't find class org.apache.velocity.runtime.log.AvalonLogChute or necessary supporting classes in classpath.
java.lang.NoClassDefFoundError: org/apache/log/format/Formatter
	at java.lang.Class.forName0(Native Method)
	at java.lang.Class.forName(Class.java:348)
	at org.apache.velocity.util.ClassUtils.getClass(ClassUtils.java:63)
	at org.apache.velocity.util.ClassUtils.getNewInstance(ClassUtils.java:95)
	at org.apache.velocity.runtime.log.LogManager.createLogChute(LogManager.java:147)
	at org.apache.velocity.runtime.log.LogManager.updateLog(LogManager.java:208)
	at org.apache.velocity.runtime.RuntimeInstance.initializeLog(RuntimeInstance.java:728)
	at org.apache.velocity.runtime.RuntimeInstance.init(RuntimeInstance.java:240)
	at org.apache.velocity.runtime.RuntimeInstance.getTemplate(RuntimeInstance.java:1099)
	at org.apache.velocity.app.VelocityEngine.getTemplate(VelocityEngine.java:549)
	at com.zerjioang.velocity.TestVelocityConfig.test01_getTemplate(TestVelocityConfig.java:60)
	at com.zerjioang.velocity.TestVelocityConfig.test03_getWriter(TestVelocityConfig.java:48)
	at sun.reflect.NativeMethodAccessorImpl.invoke0(Native Method)
	at sun.reflect.NativeMethodAccessorImpl.invoke(NativeMethodAccessorImpl.java:62)
	at sun.reflect.DelegatingMethodAccessorImpl.invoke(DelegatingMethodAccessorImpl.java:43)
	at java.lang.reflect.Method.invoke(Method.java:498)
	at org.junit.runners.model.FrameworkMethod$1.runReflectiveCall(FrameworkMethod.java:50)
	at org.junit.internal.runners.model.ReflectiveCallable.run(ReflectiveCallable.java:12)
	at org.junit.runners.model.FrameworkMethod.invokeExplosively(FrameworkMethod.java:47)
	at org.junit.internal.runners.statements.InvokeMethod.evaluate(InvokeMethod.java:17)
	at org.junit.internal.runners.statements.RunBefores.evaluate(RunBefores.java:26)
	at org.junit.runners.ParentRunner.runLeaf(ParentRunner.java:325)
	at org.junit.runners.BlockJUnit4ClassRunner.runChild(BlockJUnit4ClassRunner.java:78)
	at org.junit.runners.BlockJUnit4ClassRunner.runChild(BlockJUnit4ClassRunner.java:57)
	at org.junit.runners.ParentRunner$3.run(ParentRunner.java:290)
	at org.junit.runners.ParentRunner$1.schedule(ParentRunner.java:71)
	at org.junit.runners.ParentRunner.runChildren(ParentRunner.java:288)
	at org.junit.runners.ParentRunner.access$000(ParentRunner.java:58)
	at org.junit.runners.ParentRunner$2.evaluate(ParentRunner.java:268)
	at org.junit.runners.ParentRunner.run(ParentRunner.java:363)
	at org.junit.runners.Suite.runChild(Suite.java:128)
	at org.junit.runners.Suite.runChild(Suite.java:27)
	at org.junit.runners.ParentRunner$3.run(ParentRunner.java:290)
	at org.junit.runners.ParentRunner$1.schedule(ParentRunner.java:71)
	at org.junit.runners.ParentRunner.runChildren(ParentRunner.java:288)
	at org.junit.runners.ParentRunner.access$000(ParentRunner.java:58)
	at org.junit.runners.ParentRunner$2.evaluate(ParentRunner.java:268)
	at org.junit.runners.ParentRunner.run(ParentRunner.java:363)
	at org.junit.runner.JUnitCore.run(JUnitCore.java:137)
	at com.intellij.junit4.JUnit4IdeaTestRunner.startRunnerWithArgs(JUnit4IdeaTestRunner.java:117)
	at com.intellij.junit4.JUnit4IdeaTestRunner.startRunnerWithArgs(JUnit4IdeaTestRunner.java:42)
	at com.intellij.rt.execution.junit.JUnitStarter.prepareStreamsAndStart(JUnitStarter.java:262)
	at com.intellij.rt.execution.junit.JUnitStarter.main(JUnitStarter.java:84)
	at sun.reflect.NativeMethodAccessorImpl.invoke0(Native Method)
	at sun.reflect.NativeMethodAccessorImpl.invoke(NativeMethodAccessorImpl.java:62)
	at sun.reflect.DelegatingMethodAccessorImpl.invoke(DelegatingMethodAccessorImpl.java:43)
	at java.lang.reflect.Method.invoke(Method.java:498)
	at com.intellij.rt.execution.application.AppMain.main(AppMain.java:147)
Caused by: java.lang.ClassNotFoundException: org.apache.log.format.Formatter
	at java.net.URLClassLoader.findClass(URLClassLoader.java:381)
	at java.lang.ClassLoader.loadClass(ClassLoader.java:424)
	at sun.misc.Launcher$AppClassLoader.loadClass(Launcher.java:331)
	at java.lang.ClassLoader.loadClass(ClassLoader.java:357)
	... 48 more
2016-10-02 17:26:55,397 - Couldn't find class org.apache.velocity.runtime.log.AvalonLogChute or necessary supporting classes in classpath.
java.lang.NoClassDefFoundError: org/apache/log/format/Formatter
	at java.lang.Class.forName0(Native Method)
	at java.lang.Class.forName(Class.java:348)
	at org.apache.velocity.util.ClassUtils.getClass(ClassUtils.java:63)
	at org.apache.velocity.util.ClassUtils.getNewInstance(ClassUtils.java:95)
	at org.apache.velocity.runtime.log.LogManager.createLogChute(LogManager.java:147)
	at org.apache.velocity.runtime.log.LogManager.updateLog(LogManager.java:208)
	at org.apache.velocity.runtime.RuntimeInstance.initializeLog(RuntimeInstance.java:728)
	at org.apache.velocity.runtime.RuntimeInstance.init(RuntimeInstance.java:240)
	at org.apache.velocity.runtime.RuntimeInstance.getTemplate(RuntimeInstance.java:1099)
	at org.apache.velocity.app.VelocityEngine.getTemplate(VelocityEngine.java:549)
	at com.zerjioang.velocity.TestVelocityConfig.test01_getTemplate(TestVelocityConfig.java:60)
	at com.zerjioang.velocity.TestVelocityConfig.test03_getWriter(TestVelocityConfig.java:48)
	at sun.reflect.NativeMethodAccessorImpl.invoke0(Native Method)
	at sun.reflect.NativeMethodAccessorImpl.invoke(NativeMethodAccessorImpl.java:62)
	at sun.reflect.DelegatingMethodAccessorImpl.invoke(DelegatingMethodAccessorImpl.java:43)
	at java.lang.reflect.Method.invoke(Method.java:498)
	at org.junit.runners.model.FrameworkMethod$1.runReflectiveCall(FrameworkMethod.java:50)
	at org.junit.internal.runners.model.ReflectiveCallable.run(ReflectiveCallable.java:12)
	at org.junit.runners.model.FrameworkMethod.invokeExplosively(FrameworkMethod.java:47)
	at org.junit.internal.runners.statements.InvokeMethod.evaluate(InvokeMethod.java:17)
	at org.junit.internal.runners.statements.RunBefores.evaluate(RunBefores.java:26)
	at org.junit.runners.ParentRunner.runLeaf(ParentRunner.java:325)
	at org.junit.runners.BlockJUnit4ClassRunner.runChild(BlockJUnit4ClassRunner.java:78)
	at org.junit.runners.BlockJUnit4ClassRunner.runChild(BlockJUnit4ClassRunner.java:57)
	at org.junit.runners.ParentRunner$3.run(ParentRunner.java:290)
	at org.junit.runners.ParentRunner$1.schedule(ParentRunner.java:71)
	at org.junit.runners.ParentRunner.runChildren(ParentRunner.java:288)
	at org.junit.runners.ParentRunner.access$000(ParentRunner.java:58)
	at org.junit.runners.ParentRunner$2.evaluate(ParentRunner.java:268)
	at org.junit.runners.ParentRunner.run(ParentRunner.java:363)
	at org.junit.runners.Suite.runChild(Suite.java:128)
	at org.junit.runners.Suite.runChild(Suite.java:27)
	at org.junit.runners.ParentRunner$3.run(ParentRunner.java:290)
	at org.junit.runners.ParentRunner$1.schedule(ParentRunner.java:71)
	at org.junit.runners.ParentRunner.runChildren(ParentRunner.java:288)
	at org.junit.runners.ParentRunner.access$000(ParentRunner.java:58)
	at org.junit.runners.ParentRunner$2.evaluate(ParentRunner.java:268)
	at org.junit.runners.ParentRunner.run(ParentRunner.java:363)
	at org.junit.runner.JUnitCore.run(JUnitCore.java:137)
	at com.intellij.junit4.JUnit4IdeaTestRunner.startRunnerWithArgs(JUnit4IdeaTestRunner.java:117)
	at com.intellij.junit4.JUnit4IdeaTestRunner.startRunnerWithArgs(JUnit4IdeaTestRunner.java:42)
	at com.intellij.rt.execution.junit.JUnitStarter.prepareStreamsAndStart(JUnitStarter.java:262)
	at com.intellij.rt.execution.junit.JUnitStarter.main(JUnitStarter.java:84)
	at sun.reflect.NativeMethodAccessorImpl.invoke0(Native Method)
	at sun.reflect.NativeMethodAccessorImpl.invoke(NativeMethodAccessorImpl.java:62)
	at sun.reflect.DelegatingMethodAccessorImpl.invoke(DelegatingMethodAccessorImpl.java:43)
	at java.lang.reflect.Method.invoke(Method.java:498)
	at com.intellij.rt.execution.application.AppMain.main(AppMain.java:147)
Caused by: java.lang.ClassNotFoundException: org.apache.log.format.Formatter
	at java.net.URLClassLoader.findClass(URLClassLoader.java:381)
	at java.lang.ClassLoader.loadClass(ClassLoader.java:424)
	at sun.misc.Launcher$AppClassLoader.loadClass(Launcher.java:331)
	at java.lang.ClassLoader.loadClass(ClassLoader.java:357)
	... 48 more
2016-10-02 17:26:55,400 - Trying to use logger class org.apache.velocity.runtime.log.Log4JLogChute
2016-10-02 17:26:55,400 - Trying to use logger class org.apache.velocity.runtime.log.Log4JLogChute
2016-10-02 17:26:55,400 - Trying to use logger class org.apache.velocity.runtime.log.Log4JLogChute
2016-10-02 17:26:55,401 - Using logger class org.apache.velocity.runtime.log.Log4JLogChute
2016-10-02 17:26:55,401 - Using logger class org.apache.velocity.runtime.log.Log4JLogChute
2016-10-02 17:26:55,401 - Using logger class org.apache.velocity.runtime.log.Log4JLogChute
2016-10-02 17:26:55,401 - Default ResourceManager initializing. (class org.apache.velocity.runtime.resource.ResourceManagerImpl)
2016-10-02 17:26:55,401 - Default ResourceManager initializing. (class org.apache.velocity.runtime.resource.ResourceManagerImpl)
2016-10-02 17:26:55,401 - Default ResourceManager initializing. (class org.apache.velocity.runtime.resource.ResourceManagerImpl)
2016-10-02 17:26:55,403 - ResourceLoader instantiated: org.apache.velocity.runtime.resource.loader.FileResourceLoader
2016-10-02 17:26:55,403 - ResourceLoader instantiated: org.apache.velocity.runtime.resource.loader.FileResourceLoader
2016-10-02 17:26:55,403 - ResourceLoader instantiated: org.apache.velocity.runtime.resource.loader.FileResourceLoader
2016-10-02 17:26:55,403 - Do unicode file recognition:  false
2016-10-02 17:26:55,403 - Do unicode file recognition:  false
2016-10-02 17:26:55,403 - Do unicode file recognition:  false
2016-10-02 17:26:55,403 - FileResourceLoader : adding path '.'
2016-10-02 17:26:55,403 - FileResourceLoader : adding path '.'
2016-10-02 17:26:55,403 - FileResourceLoader : adding path '.'
2016-10-02 17:26:55,403 - ResourceCache: initialized (class org.apache.velocity.runtime.resource.ResourceCacheImpl)
2016-10-02 17:26:55,403 - ResourceCache: initialized (class org.apache.velocity.runtime.resource.ResourceCacheImpl)
2016-10-02 17:26:55,403 - ResourceCache: initialized (class org.apache.velocity.runtime.resource.ResourceCacheImpl)
2016-10-02 17:26:55,404 - Loaded System Directive: org.apache.velocity.runtime.directive.Literal
2016-10-02 17:26:55,404 - Loaded System Directive: org.apache.velocity.runtime.directive.Literal
2016-10-02 17:26:55,404 - Loaded System Directive: org.apache.velocity.runtime.directive.Literal
2016-10-02 17:26:55,404 - Loaded System Directive: org.apache.velocity.runtime.directive.Macro
2016-10-02 17:26:55,404 - Loaded System Directive: org.apache.velocity.runtime.directive.Macro
2016-10-02 17:26:55,404 - Loaded System Directive: org.apache.velocity.runtime.directive.Macro
2016-10-02 17:26:55,404 - Loaded System Directive: org.apache.velocity.runtime.directive.Parse
2016-10-02 17:26:55,404 - Loaded System Directive: org.apache.velocity.runtime.directive.Parse
2016-10-02 17:26:55,404 - Loaded System Directive: org.apache.velocity.runtime.directive.Parse
2016-10-02 17:26:55,405 - Loaded System Directive: org.apache.velocity.runtime.directive.Include
2016-10-02 17:26:55,405 - Loaded System Directive: org.apache.velocity.runtime.directive.Include
2016-10-02 17:26:55,405 - Loaded System Directive: org.apache.velocity.runtime.directive.Include
2016-10-02 17:26:55,405 - Loaded System Directive: org.apache.velocity.runtime.directive.Foreach
2016-10-02 17:26:55,405 - Loaded System Directive: org.apache.velocity.runtime.directive.Foreach
2016-10-02 17:26:55,405 - Loaded System Directive: org.apache.velocity.runtime.directive.Foreach
2016-10-02 17:26:55,422 - Created '20' parsers.
2016-10-02 17:26:55,422 - Created '20' parsers.
2016-10-02 17:26:55,422 - Created '20' parsers.
2016-10-02 17:26:55,422 - Velocimacro : "velocimacro.library" is not set.  Trying default library: VM_global_library.vm
2016-10-02 17:26:55,422 - Velocimacro : "velocimacro.library" is not set.  Trying default library: VM_global_library.vm
2016-10-02 17:26:55,422 - Velocimacro : "velocimacro.library" is not set.  Trying default library: VM_global_library.vm
2016-10-02 17:26:55,422 - Velocimacro : Default library not found.
2016-10-02 17:26:55,422 - Velocimacro : Default library not found.
2016-10-02 17:26:55,422 - Velocimacro : Default library not found.
2016-10-02 17:26:55,422 - Velocimacro : allowInline = true : VMs can be defined inline in templates
2016-10-02 17:26:55,422 - Velocimacro : allowInline = true : VMs can be defined inline in templates
2016-10-02 17:26:55,422 - Velocimacro : allowInline = true : VMs can be defined inline in templates
2016-10-02 17:26:55,422 - Velocimacro : allowInlineToOverride = false : VMs defined inline may NOT replace previous VM definitions
2016-10-02 17:26:55,422 - Velocimacro : allowInlineToOverride = false : VMs defined inline may NOT replace previous VM definitions
2016-10-02 17:26:55,422 - Velocimacro : allowInlineToOverride = false : VMs defined inline may NOT replace previous VM definitions
2016-10-02 17:26:55,422 - Velocimacro : allowInlineLocal = false : VMs defined inline will be global in scope if allowed.
2016-10-02 17:26:55,422 - Velocimacro : allowInlineLocal = false : VMs defined inline will be global in scope if allowed.
2016-10-02 17:26:55,422 - Velocimacro : allowInlineLocal = false : VMs defined inline will be global in scope if allowed.
2016-10-02 17:26:55,422 - Velocimacro : autoload off : VM system will not automatically reload global library macros
2016-10-02 17:26:55,422 - Velocimacro : autoload off : VM system will not automatically reload global library macros
2016-10-02 17:26:55,422 - Velocimacro : autoload off : VM system will not automatically reload global library macros
2016-10-02 17:26:55,423 - ResourceManager : found src/main/resources/templates/helloworld.vm with loader org.apache.velocity.runtime.resource.loader.FileResourceLoader
2016-10-02 17:26:55,423 - ResourceManager : found src/main/resources/templates/helloworld.vm with loader org.apache.velocity.runtime.resource.loader.FileResourceLoader
2016-10-02 17:26:55,423 - ResourceManager : found src/main/resources/templates/helloworld.vm with loader org.apache.velocity.runtime.resource.loader.FileResourceLoader
2016-10-02 17:27:42,862 - Log4JLogChute initialized using file 'velocity.log'
2016-10-02 17:27:42,863 - Velocity not initialized yet. Calling init()...
2016-10-02 17:27:42,863 - Starting Apache Velocity v1.5 (compiled: 2007-02-22 08:52:29)
2016-10-02 17:27:42,863 - Default Properties File: org\apache\velocity\runtime\defaults\velocity.properties
2016-10-02 17:27:42,863 - Trying to use logger class org.apache.velocity.runtime.log.AvalonLogChute
2016-10-02 17:27:42,866 - Couldn't find class org.apache.velocity.runtime.log.AvalonLogChute or necessary supporting classes in classpath.
java.lang.NoClassDefFoundError: org/apache/log/format/Formatter
	at java.lang.Class.forName0(Native Method)
	at java.lang.Class.forName(Class.java:348)
	at org.apache.velocity.util.ClassUtils.getClass(ClassUtils.java:63)
	at org.apache.velocity.util.ClassUtils.getNewInstance(ClassUtils.java:95)
	at org.apache.velocity.runtime.log.LogManager.createLogChute(LogManager.java:147)
	at org.apache.velocity.runtime.log.LogManager.updateLog(LogManager.java:208)
	at org.apache.velocity.runtime.RuntimeInstance.initializeLog(RuntimeInstance.java:728)
	at org.apache.velocity.runtime.RuntimeInstance.init(RuntimeInstance.java:240)
	at org.apache.velocity.runtime.RuntimeInstance.getTemplate(RuntimeInstance.java:1099)
	at org.apache.velocity.app.VelocityEngine.getTemplate(VelocityEngine.java:549)
	at com.zerjioang.apkr.v1.common.datamodel.base.ApkrProject.generateReportTemplate(ApkrProject.java:671)
	at com.zerjioang.apkr.v1.common.datamodel.base.ApkrProject.finish(ApkrProject.java:647)
	at com.zerjioang.apkr._main.ApkrScanner.stop(ApkrScanner.java:50)
	at com.zerjioang.apkr._main.ApkrScanner.initScan(ApkrScanner.java:76)
	at com.zerjioang.apkr._main.ApkrScanner.<init>(ApkrScanner.java:37)
	at com.zerjioang.apkr._main.ApkrScanner.main(ApkrScanner.java:44)
Caused by: java.lang.ClassNotFoundException: org.apache.log.format.Formatter
	at java.net.URLClassLoader.findClass(URLClassLoader.java:381)
	at java.lang.ClassLoader.loadClass(ClassLoader.java:424)
	at sun.misc.Launcher$AppClassLoader.loadClass(Launcher.java:331)
	at java.lang.ClassLoader.loadClass(ClassLoader.java:357)
	... 16 more
2016-10-02 17:27:42,872 - Trying to use logger class org.apache.velocity.runtime.log.Log4JLogChute
2016-10-02 17:27:42,872 - Using logger class org.apache.velocity.runtime.log.Log4JLogChute
2016-10-02 17:27:42,882 - Default ResourceManager initializing. (class org.apache.velocity.runtime.resource.ResourceManagerImpl)
2016-10-02 17:27:42,894 - ResourceLoader instantiated: org.apache.velocity.runtime.resource.loader.FileResourceLoader
2016-10-02 17:27:42,900 - Do unicode file recognition:  false
2016-10-02 17:27:42,900 - FileResourceLoader : adding path '.'
2016-10-02 17:27:42,940 - ResourceCache: initialized (class org.apache.velocity.runtime.resource.ResourceCacheImpl)
2016-10-02 17:27:42,948 - Loaded System Directive: org.apache.velocity.runtime.directive.Literal
2016-10-02 17:27:42,952 - Loaded System Directive: org.apache.velocity.runtime.directive.Macro
2016-10-02 17:27:42,958 - Loaded System Directive: org.apache.velocity.runtime.directive.Parse
2016-10-02 17:27:42,961 - Loaded System Directive: org.apache.velocity.runtime.directive.Include
2016-10-02 17:27:42,965 - Loaded System Directive: org.apache.velocity.runtime.directive.Foreach
2016-10-02 17:27:43,035 - Created '20' parsers.
2016-10-02 17:27:43,059 - Velocimacro : "velocimacro.library" is not set.  Trying default library: VM_global_library.vm
2016-10-02 17:27:43,061 - Velocimacro : Default library not found.
2016-10-02 17:27:43,061 - Velocimacro : allowInline = true : VMs can be defined inline in templates
2016-10-02 17:27:43,061 - Velocimacro : allowInlineToOverride = false : VMs defined inline may NOT replace previous VM definitions
2016-10-02 17:27:43,061 - Velocimacro : allowInlineLocal = false : VMs defined inline will be global in scope if allowed.
2016-10-02 17:27:43,061 - Velocimacro : autoload off : VM system will not automatically reload global library macros
2016-10-02 17:27:43,065 - ResourceManager : unable to find resource 'resources/report.vm' in any resource loader.
2016-10-02 17:27:43,365 - ResourceManager : unable to find resource 'resources/report.vm' in any resource loader.
2016-10-02 17:27:46,343 - ResourceManager : found src/main/resources/templates/report.vm with loader org.apache.velocity.runtime.resource.loader.FileResourceLoader
2016-10-02 17:27:46,438 - ResourceManager : unable to find resource 'resources/report.vm' in any resource loader.
2016-10-02 17:27:50,006 - ResourceManager : unable to find resource 'resources/report.vm' in any resource loader.
2016-10-02 17:27:54,350 - ResourceManager : unable to find resource 'resources/report.vm' in any resource loader.
2016-10-02 17:27:55,304 - ResourceManager : unable to find resource 'resources/report.vm' in any resource loader.
2016-10-02 17:27:56,166 - Null reference [template 'src/main/resources/templates/report.vm', line 118, column 41] : $sha256 cannot be resolved.
2016-10-02 17:27:56,280 - ResourceManager : unable to find resource 'resources/report.vm' in any resource loader.
2016-10-02 17:27:57,165 - ResourceManager : unable to find resource 'resources/report.vm' in any resource loader.
2016-10-02 17:29:52,425 - Log4JLogChute initialized using file 'velocity.log'
2016-10-02 17:29:52,425 - Starting Apache Velocity v1.5 (compiled: 2007-02-22 08:52:29)
2016-10-02 17:29:52,425 - Default Properties File: org\apache\velocity\runtime\defaults\velocity.properties
2016-10-02 17:29:52,425 - Trying to use logger class org.apache.velocity.runtime.log.AvalonLogChute
2016-10-02 17:29:52,426 - Couldn't find class org.apache.velocity.runtime.log.AvalonLogChute or necessary supporting classes in classpath.
java.lang.NoClassDefFoundError: org/apache/log/format/Formatter
	at java.lang.Class.forName0(Native Method)
	at java.lang.Class.forName(Class.java:348)
	at org.apache.velocity.util.ClassUtils.getClass(ClassUtils.java:63)
	at org.apache.velocity.util.ClassUtils.getNewInstance(ClassUtils.java:95)
	at org.apache.velocity.runtime.log.LogManager.createLogChute(LogManager.java:147)
	at org.apache.velocity.runtime.log.LogManager.updateLog(LogManager.java:208)
	at org.apache.velocity.runtime.RuntimeInstance.initializeLog(RuntimeInstance.java:728)
	at org.apache.velocity.runtime.RuntimeInstance.init(RuntimeInstance.java:240)
	at org.apache.velocity.app.VelocityEngine.init(VelocityEngine.java:116)
	at com.zerjioang.apkr.v1.common.datamodel.base.ApkrProject.generateReportTemplate(ApkrProject.java:671)
	at com.zerjioang.apkr.v1.common.datamodel.base.ApkrProject.finish(ApkrProject.java:647)
	at com.zerjioang.apkr._main.ApkrScanner.stop(ApkrScanner.java:50)
	at com.zerjioang.apkr._main.ApkrScanner.initScan(ApkrScanner.java:76)
	at com.zerjioang.apkr._main.ApkrScanner.<init>(ApkrScanner.java:37)
	at com.zerjioang.apkr._main.ApkrScanner.main(ApkrScanner.java:44)
	at sun.reflect.NativeMethodAccessorImpl.invoke0(Native Method)
	at sun.reflect.NativeMethodAccessorImpl.invoke(NativeMethodAccessorImpl.java:62)
	at sun.reflect.DelegatingMethodAccessorImpl.invoke(DelegatingMethodAccessorImpl.java:43)
	at java.lang.reflect.Method.invoke(Method.java:498)
	at com.intellij.rt.execution.application.AppMain.main(AppMain.java:147)
Caused by: java.lang.ClassNotFoundException: org.apache.log.format.Formatter
	at java.net.URLClassLoader.findClass(URLClassLoader.java:381)
	at java.lang.ClassLoader.loadClass(ClassLoader.java:424)
	at sun.misc.Launcher$AppClassLoader.loadClass(Launcher.java:331)
	at java.lang.ClassLoader.loadClass(ClassLoader.java:357)
	... 20 more
2016-10-02 17:29:52,428 - Trying to use logger class org.apache.velocity.runtime.log.Log4JLogChute
2016-10-02 17:29:52,428 - Using logger class org.apache.velocity.runtime.log.Log4JLogChute
2016-10-02 17:29:52,430 - Default ResourceManager initializing. (class org.apache.velocity.runtime.resource.ResourceManagerImpl)
2016-10-02 17:29:52,432 - ResourceLoader instantiated: org.apache.velocity.runtime.resource.loader.FileResourceLoader
2016-10-02 17:29:52,434 - Do unicode file recognition:  false
2016-10-02 17:29:52,434 - FileResourceLoader : adding path '.'
2016-10-02 17:29:52,447 - ResourceCache: initialized (class org.apache.velocity.runtime.resource.ResourceCacheImpl)
2016-10-02 17:29:52,449 - Loaded System Directive: org.apache.velocity.runtime.directive.Literal
2016-10-02 17:29:52,451 - Loaded System Directive: org.apache.velocity.runtime.directive.Macro
2016-10-02 17:29:52,453 - Loaded System Directive: org.apache.velocity.runtime.directive.Parse
2016-10-02 17:29:52,454 - Loaded System Directive: org.apache.velocity.runtime.directive.Include
2016-10-02 17:29:52,455 - Loaded System Directive: org.apache.velocity.runtime.directive.Foreach
2016-10-02 17:29:52,484 - Created '20' parsers.
2016-10-02 17:29:52,491 - Velocimacro : "velocimacro.library" is not set.  Trying default library: VM_global_library.vm
2016-10-02 17:29:52,491 - Velocimacro : Default library not found.
2016-10-02 17:29:52,491 - Velocimacro : allowInline = true : VMs can be defined inline in templates
2016-10-02 17:29:52,491 - Velocimacro : allowInlineToOverride = false : VMs defined inline may NOT replace previous VM definitions
2016-10-02 17:29:52,491 - Velocimacro : allowInlineLocal = false : VMs defined inline will be global in scope if allowed.
2016-10-02 17:29:52,491 - Velocimacro : autoload off : VM system will not automatically reload global library macros
2016-10-02 17:29:52,587 - ResourceManager : found src/main/resources/templates/report.vm with loader org.apache.velocity.runtime.resource.loader.FileResourceLoader
2016-10-02 17:29:52,672 - Null reference [template 'src/main/resources/templates/report.vm', line 118, column 41] : $sha256 cannot be resolved.
2016-10-02 17:33:35,605 - Log4JLogChute initialized using file 'velocity.log'
2016-10-02 17:33:35,605 - Starting Apache Velocity v1.5 (compiled: 2007-02-22 08:52:29)
2016-10-02 17:33:35,605 - Default Properties File: org\apache\velocity\runtime\defaults\velocity.properties
2016-10-02 17:33:35,605 - Trying to use logger class org.apache.velocity.runtime.log.AvalonLogChute
2016-10-02 17:33:35,607 - Couldn't find class org.apache.velocity.runtime.log.AvalonLogChute or necessary supporting classes in classpath.
java.lang.NoClassDefFoundError: org/apache/log/format/Formatter
	at java.lang.Class.forName0(Native Method)
	at java.lang.Class.forName(Class.java:348)
	at org.apache.velocity.util.ClassUtils.getClass(ClassUtils.java:63)
	at org.apache.velocity.util.ClassUtils.getNewInstance(ClassUtils.java:95)
	at org.apache.velocity.runtime.log.LogManager.createLogChute(LogManager.java:147)
	at org.apache.velocity.runtime.log.LogManager.updateLog(LogManager.java:208)
	at org.apache.velocity.runtime.RuntimeInstance.initializeLog(RuntimeInstance.java:728)
	at org.apache.velocity.runtime.RuntimeInstance.init(RuntimeInstance.java:240)
	at org.apache.velocity.app.VelocityEngine.init(VelocityEngine.java:116)
	at com.zerjioang.apkr.v1.common.datamodel.base.ApkrProject.generateReportTemplate(ApkrProject.java:671)
	at com.zerjioang.apkr.v1.common.datamodel.base.ApkrProject.finish(ApkrProject.java:647)
	at com.zerjioang.apkr._main.ApkrScanner.stop(ApkrScanner.java:50)
	at com.zerjioang.apkr._main.ApkrScanner.initScan(ApkrScanner.java:76)
	at com.zerjioang.apkr._main.ApkrScanner.<init>(ApkrScanner.java:37)
	at com.zerjioang.apkr._main.ApkrScanner.main(ApkrScanner.java:44)
	at sun.reflect.NativeMethodAccessorImpl.invoke0(Native Method)
	at sun.reflect.NativeMethodAccessorImpl.invoke(NativeMethodAccessorImpl.java:62)
	at sun.reflect.DelegatingMethodAccessorImpl.invoke(DelegatingMethodAccessorImpl.java:43)
	at java.lang.reflect.Method.invoke(Method.java:498)
	at com.intellij.rt.execution.application.AppMain.main(AppMain.java:147)
Caused by: java.lang.ClassNotFoundException: org.apache.log.format.Formatter
	at java.net.URLClassLoader.findClass(URLClassLoader.java:381)
	at java.lang.ClassLoader.loadClass(ClassLoader.java:424)
	at sun.misc.Launcher$AppClassLoader.loadClass(Launcher.java:331)
	at java.lang.ClassLoader.loadClass(ClassLoader.java:357)
	... 20 more
2016-10-02 17:33:35,611 - Trying to use logger class org.apache.velocity.runtime.log.Log4JLogChute
2016-10-02 17:33:35,611 - Using logger class org.apache.velocity.runtime.log.Log4JLogChute
2016-10-02 17:33:35,616 - Default ResourceManager initializing. (class org.apache.velocity.runtime.resource.ResourceManagerImpl)
2016-10-02 17:33:35,623 - ResourceLoader instantiated: org.apache.velocity.runtime.resource.loader.FileResourceLoader
2016-10-02 17:33:35,626 - Do unicode file recognition:  false
2016-10-02 17:33:35,627 - FileResourceLoader : adding path '.'
2016-10-02 17:33:35,656 - ResourceCache: initialized (class org.apache.velocity.runtime.resource.ResourceCacheImpl)
2016-10-02 17:33:35,663 - Loaded System Directive: org.apache.velocity.runtime.directive.Literal
2016-10-02 17:33:35,667 - Loaded System Directive: org.apache.velocity.runtime.directive.Macro
2016-10-02 17:33:35,673 - Loaded System Directive: org.apache.velocity.runtime.directive.Parse
2016-10-02 17:33:35,679 - Loaded System Directive: org.apache.velocity.runtime.directive.Include
2016-10-02 17:33:35,682 - Loaded System Directive: org.apache.velocity.runtime.directive.Foreach
2016-10-02 17:33:35,767 - Created '20' parsers.
2016-10-02 17:33:35,789 - Velocimacro : "velocimacro.library" is not set.  Trying default library: VM_global_library.vm
2016-10-02 17:33:35,791 - Velocimacro : Default library not found.
2016-10-02 17:33:35,791 - Velocimacro : allowInline = true : VMs can be defined inline in templates
2016-10-02 17:33:35,791 - Velocimacro : allowInlineToOverride = false : VMs defined inline may NOT replace previous VM definitions
2016-10-02 17:33:35,791 - Velocimacro : allowInlineLocal = false : VMs defined inline will be global in scope if allowed.
2016-10-02 17:33:35,791 - Velocimacro : autoload off : VM system will not automatically reload global library macros
2016-10-02 17:33:36,081 - ResourceManager : found src/main/resources/templates/report.vm with loader org.apache.velocity.runtime.resource.loader.FileResourceLoader
2016-10-02 17:33:36,282 - Null reference [template 'src/main/resources/templates/report.vm', line 118, column 41] : $sha256 cannot be resolved.
2016-10-02 17:43:22,250 - Log4JLogChute initialized using file 'velocity.log'
2016-10-02 17:43:22,251 - Starting Apache Velocity v1.5 (compiled: 2007-02-22 08:52:29)
2016-10-02 17:43:22,251 - Default Properties File: org\apache\velocity\runtime\defaults\velocity.properties
2016-10-02 17:43:22,251 - Trying to use logger class org.apache.velocity.runtime.log.AvalonLogChute
2016-10-02 17:43:22,253 - Couldn't find class org.apache.velocity.runtime.log.AvalonLogChute or necessary supporting classes in classpath.
java.lang.NoClassDefFoundError: org/apache/log/format/Formatter
	at java.lang.Class.forName0(Native Method)
	at java.lang.Class.forName(Class.java:348)
	at org.apache.velocity.util.ClassUtils.getClass(ClassUtils.java:63)
	at org.apache.velocity.util.ClassUtils.getNewInstance(ClassUtils.java:95)
	at org.apache.velocity.runtime.log.LogManager.createLogChute(LogManager.java:147)
	at org.apache.velocity.runtime.log.LogManager.updateLog(LogManager.java:208)
	at org.apache.velocity.runtime.RuntimeInstance.initializeLog(RuntimeInstance.java:728)
	at org.apache.velocity.runtime.RuntimeInstance.init(RuntimeInstance.java:240)
	at org.apache.velocity.app.VelocityEngine.init(VelocityEngine.java:116)
	at com.zerjioang.apkr.v1.common.datamodel.base.ApkrProject.generateReportTemplate(ApkrProject.java:671)
	at com.zerjioang.apkr.v1.common.datamodel.base.ApkrProject.finish(ApkrProject.java:647)
	at com.zerjioang.apkr._main.ApkrScanner.stop(ApkrScanner.java:50)
	at com.zerjioang.apkr._main.ApkrScanner.initScan(ApkrScanner.java:76)
	at com.zerjioang.apkr._main.ApkrScanner.<init>(ApkrScanner.java:37)
	at com.zerjioang.apkr._main.ApkrScanner.main(ApkrScanner.java:44)
	at sun.reflect.NativeMethodAccessorImpl.invoke0(Native Method)
	at sun.reflect.NativeMethodAccessorImpl.invoke(NativeMethodAccessorImpl.java:62)
	at sun.reflect.DelegatingMethodAccessorImpl.invoke(DelegatingMethodAccessorImpl.java:43)
	at java.lang.reflect.Method.invoke(Method.java:498)
	at com.intellij.rt.execution.application.AppMain.main(AppMain.java:147)
Caused by: java.lang.ClassNotFoundException: org.apache.log.format.Formatter
	at java.net.URLClassLoader.findClass(URLClassLoader.java:381)
	at java.lang.ClassLoader.loadClass(ClassLoader.java:424)
	at sun.misc.Launcher$AppClassLoader.loadClass(Launcher.java:331)
	at java.lang.ClassLoader.loadClass(ClassLoader.java:357)
	... 20 more
2016-10-02 17:43:22,257 - Trying to use logger class org.apache.velocity.runtime.log.Log4JLogChute
2016-10-02 17:43:22,257 - Using logger class org.apache.velocity.runtime.log.Log4JLogChute
2016-10-02 17:43:22,265 - Default ResourceManager initializing. (class org.apache.velocity.runtime.resource.ResourceManagerImpl)
2016-10-02 17:43:22,274 - ResourceLoader instantiated: org.apache.velocity.runtime.resource.loader.FileResourceLoader
2016-10-02 17:43:22,278 - Do unicode file recognition:  false
2016-10-02 17:43:22,278 - FileResourceLoader : adding path '.'
2016-10-02 17:43:22,324 - ResourceCache: initialized (class org.apache.velocity.runtime.resource.ResourceCacheImpl)
2016-10-02 17:43:22,327 - Loaded System Directive: org.apache.velocity.runtime.directive.Literal
2016-10-02 17:43:22,332 - Loaded System Directive: org.apache.velocity.runtime.directive.Macro
2016-10-02 17:43:22,337 - Loaded System Directive: org.apache.velocity.runtime.directive.Parse
2016-10-02 17:43:22,342 - Loaded System Directive: org.apache.velocity.runtime.directive.Include
2016-10-02 17:43:22,345 - Loaded System Directive: org.apache.velocity.runtime.directive.Foreach
2016-10-02 17:43:22,443 - Created '20' parsers.
2016-10-02 17:43:22,460 - Velocimacro : "velocimacro.library" is not set.  Trying default library: VM_global_library.vm
2016-10-02 17:43:22,461 - Velocimacro : Default library not found.
2016-10-02 17:43:22,461 - Velocimacro : allowInline = true : VMs can be defined inline in templates
2016-10-02 17:43:22,461 - Velocimacro : allowInlineToOverride = false : VMs defined inline may NOT replace previous VM definitions
2016-10-02 17:43:22,461 - Velocimacro : allowInlineLocal = false : VMs defined inline will be global in scope if allowed.
2016-10-02 17:43:22,461 - Velocimacro : autoload off : VM system will not automatically reload global library macros
2016-10-02 17:43:22,807 - ResourceManager : found src/main/resources/templates/report.vm with loader org.apache.velocity.runtime.resource.loader.FileResourceLoader
2016-10-02 17:43:23,014 - Null reference [template 'src/main/resources/templates/report.vm', line 118, column 41] : $sha256 cannot be resolved.
