2016-09-21 18:53:46 INFO  [main] INFO:23 - Starting apkr http server...
2016-09-21 18:53:46 INFO  [main] INFO:23 - Server running at custom port: 
2016-09-21 18:53:46 INFO  [main] INFO:23 - 1234
2016-09-21 18:53:46 INFO  [Thread-0] INFO:23 - Loading Atom environment variables...
2016-09-21 18:53:46 INFO  [Thread-0] INFO:23 - OPEN apkr http server socket...
2016-09-21 18:53:46 INFO  [Thread-0] INFO:23 - Server socket OPEN and LISTENING
2016-09-21 18:54:43 INFO  [main] INFO:23 - Starting apkr http server...
2016-09-21 18:54:43 INFO  [main] INFO:23 - Server running at custom port: 
2016-09-21 18:54:43 INFO  [main] INFO:23 - 1234
2016-09-21 18:54:43 INFO  [Thread-0] INFO:23 - Loading Atom environment variables...
2016-09-21 18:54:43 INFO  [Thread-0] INFO:23 - OPEN apkr http server socket...
2016-09-21 18:54:43 INFO  [Thread-0] INFO:23 - Server socket OPEN and LISTENING
2016-09-21 19:19:55 INFO  [main] INFO:23 - Starting apkr http server...
2016-09-21 19:19:55 INFO  [main] INFO:23 - Server running at custom port: 
2016-09-21 19:19:55 INFO  [main] INFO:23 - 1234
2016-09-21 19:19:55 INFO  [Thread-0] INFO:23 - Loading Atom environment variables...
2016-09-21 19:19:55 INFO  [Thread-0] INFO:23 - OPEN apkr http server socket...
2016-09-21 19:19:55 INFO  [Thread-0] INFO:23 - Server socket OPEN and LISTENING
2016-09-21 19:24:14 INFO  [main] INFO:23 - Starting apkr http server...
2016-09-21 19:24:14 INFO  [main] INFO:23 - Server running at custom port: 
2016-09-21 19:24:14 INFO  [main] INFO:23 - 1234
2016-09-21 19:24:14 INFO  [Thread-0] INFO:23 - Loading Atom environment variables...
2016-09-21 19:24:14 INFO  [Thread-0] INFO:23 - OPEN apkr http server socket...
2016-09-21 19:24:14 INFO  [Thread-0] INFO:23 - Server socket OPEN and LISTENING
2016-09-21 19:27:54 INFO  [main] INFO:23 - Starting apkr http server...
2016-09-21 19:27:54 INFO  [main] INFO:23 - Server running at custom port: 
2016-09-21 19:27:54 INFO  [main] INFO:23 - 1234
2016-09-21 19:27:54 INFO  [Thread-0] INFO:23 - Loading Atom environment variables...
2016-09-21 19:27:54 INFO  [Thread-0] INFO:23 - OPEN apkr http server socket...
2016-09-21 19:27:54 INFO  [Thread-0] INFO:23 - Server socket OPEN and LISTENING
2016-09-21 19:31:47 INFO  [main] INFO:23 - Starting apkr http server...
2016-09-21 19:31:47 INFO  [main] INFO:23 - Server running at custom port: 
2016-09-21 19:31:47 INFO  [main] INFO:23 - 1234
2016-09-21 19:31:47 INFO  [Thread-0] INFO:23 - Loading Atom environment variables...
2016-09-21 19:31:47 INFO  [Thread-0] INFO:23 - OPEN apkr http server socket...
2016-09-21 19:31:47 INFO  [Thread-0] INFO:23 - Server socket OPEN and LISTENING
2016-09-21 19:32:56 INFO  [main] INFO:23 - Starting apkr http server...
2016-09-21 19:32:56 INFO  [main] INFO:23 - Server running at custom port: 
2016-09-21 19:32:56 INFO  [main] INFO:23 - 1234
2016-09-21 19:32:56 INFO  [Thread-0] INFO:23 - Loading Atom environment variables...
2016-09-21 19:32:56 INFO  [Thread-0] INFO:23 - OPEN apkr http server socket...
2016-09-21 19:32:56 INFO  [Thread-0] INFO:23 - Server socket OPEN and LISTENING
2016-09-21 19:34:44 INFO  [main] INFO:23 - Starting apkr http server...
2016-09-21 19:34:44 INFO  [main] INFO:23 - Server running at custom port: 
2016-09-21 19:34:44 INFO  [main] INFO:23 - 1234
2016-09-21 19:34:44 INFO  [Thread-0] INFO:23 - Loading Atom environment variables...
2016-09-21 19:34:44 INFO  [Thread-0] INFO:23 - OPEN apkr http server socket...
2016-09-21 19:34:44 INFO  [Thread-0] INFO:23 - Server socket OPEN and LISTENING
2016-09-21 19:37:09 INFO  [main] INFO:23 - Starting apkr http server...
2016-09-21 19:37:09 INFO  [main] INFO:23 - Server running at custom port: 
2016-09-21 19:37:09 INFO  [main] INFO:23 - 1234
2016-09-21 19:37:09 INFO  [Thread-0] INFO:23 - Loading Atom environment variables...
2016-09-21 19:37:10 INFO  [Thread-0] INFO:23 - OPEN apkr http server socket...
2016-09-21 19:37:10 INFO  [Thread-0] INFO:23 - Server socket OPEN and LISTENING
2016-09-21 19:37:57 INFO  [main] INFO:23 - Starting apkr http server...
2016-09-21 19:37:57 INFO  [main] INFO:23 - Server running at custom port: 
2016-09-21 19:37:57 INFO  [main] INFO:23 - 1234
2016-09-21 19:37:57 INFO  [Thread-0] INFO:23 - Loading Atom environment variables...
2016-09-21 19:37:57 INFO  [Thread-0] INFO:23 - OPEN apkr http server socket...
2016-09-21 19:37:57 INFO  [Thread-0] INFO:23 - Server socket OPEN and LISTENING
2016-09-21 19:38:18 INFO  [main] INFO:23 - Starting apkr http server...
2016-09-21 19:38:18 INFO  [main] INFO:23 - Server running at custom port: 
2016-09-21 19:38:18 INFO  [main] INFO:23 - 1234
2016-09-21 19:38:18 INFO  [Thread-0] INFO:23 - Loading Atom environment variables...
2016-09-21 19:38:18 INFO  [Thread-0] INFO:23 - OPEN apkr http server socket...
2016-09-21 19:38:18 INFO  [Thread-0] INFO:23 - Server socket OPEN and LISTENING
2016-09-21 19:39:13 INFO  [main] INFO:23 - Starting apkr http server...
2016-09-21 19:39:13 INFO  [main] INFO:23 - Server running at custom port: 
2016-09-21 19:39:13 INFO  [main] INFO:23 - 1234
2016-09-21 19:39:13 INFO  [Thread-0] INFO:23 - Loading Atom environment variables...
2016-09-21 19:39:13 INFO  [Thread-0] INFO:23 - OPEN apkr http server socket...
2016-09-21 19:39:13 INFO  [Thread-0] INFO:23 - Server socket OPEN and LISTENING
2016-09-21 19:46:27 INFO  [main] INFO:23 - Starting apkr http server...
2016-09-21 19:46:27 INFO  [main] INFO:23 - Server running at custom port: 
2016-09-21 19:46:27 INFO  [main] INFO:23 - 1234
2016-09-21 19:46:27 INFO  [Thread-0] INFO:23 - Loading Atom environment variables...
2016-09-21 19:46:27 INFO  [Thread-0] INFO:23 - OPEN apkr http server socket...
2016-09-21 19:46:27 INFO  [Thread-0] INFO:23 - Server socket OPEN and LISTENING
