2016-09-21 18:53:46 TRACE [Thread-0] TRACE:13 - Loading apkr data structs...
2016-09-21 18:53:46 TRACE [Thread-0] TRACE:13 - Data loaded!!
2016-09-21 18:54:43 TRACE [Thread-0] TRACE:13 - Loading apkr data structs...
2016-09-21 18:54:43 TRACE [Thread-0] TRACE:13 - Java whitelisted dataset length: 7716
2016-09-21 18:54:43 TRACE [Thread-0] TRACE:13 - Android whitelisted dataset length: 11261
2016-09-21 18:54:43 TRACE [Thread-0] TRACE:13 - Android support whitelisted dataset length: 436
2016-09-21 18:54:43 TRACE [Thread-0] TRACE:13 - Data loaded!!
2016-09-21 19:19:55 TRACE [Thread-0] TRACE:13 - Loading apkr data structs...
2016-09-21 19:19:55 TRACE [Thread-0] TRACE:13 - Java whitelisted dataset length: 7716
2016-09-21 19:19:55 TRACE [Thread-0] TRACE:13 - Android whitelisted dataset length: 11261
2016-09-21 19:19:55 TRACE [Thread-0] TRACE:13 - Android support whitelisted dataset length: 436
2016-09-21 19:19:55 TRACE [Thread-0] TRACE:13 - Data loaded!!
2016-09-21 19:24:14 TRACE [Thread-0] TRACE:13 - Loading apkr data structs...
2016-09-21 19:24:14 TRACE [Thread-0] TRACE:13 - Java whitelisted dataset length: 7716
2016-09-21 19:24:14 TRACE [Thread-0] TRACE:13 - Android whitelisted dataset length: 11261
2016-09-21 19:24:14 TRACE [Thread-0] TRACE:13 - Android support whitelisted dataset length: 436
2016-09-21 19:24:14 TRACE [Thread-0] TRACE:13 - Data loaded!!
2016-09-21 19:27:54 TRACE [Thread-0] TRACE:13 - Loading apkr data structs...
2016-09-21 19:27:54 TRACE [Thread-0] TRACE:13 - Java whitelisted dataset length: 7716
2016-09-21 19:27:54 TRACE [Thread-0] TRACE:13 - Android whitelisted dataset length: 11261
2016-09-21 19:27:54 TRACE [Thread-0] TRACE:13 - Android support whitelisted dataset length: 436
2016-09-21 19:27:54 TRACE [Thread-0] TRACE:13 - Data loaded!!
2016-09-21 19:31:47 TRACE [Thread-0] TRACE:13 - Loading apkr data structs...
2016-09-21 19:31:47 TRACE [Thread-0] TRACE:13 - Java whitelisted dataset length: 7716
2016-09-21 19:31:47 TRACE [Thread-0] TRACE:13 - Android whitelisted dataset length: 11261
2016-09-21 19:31:47 TRACE [Thread-0] TRACE:13 - Android support whitelisted dataset length: 436
2016-09-21 19:31:47 TRACE [Thread-0] TRACE:13 - Data loaded!!
2016-09-21 19:32:56 TRACE [Thread-0] TRACE:13 - Loading apkr data structs...
2016-09-21 19:32:56 TRACE [Thread-0] TRACE:13 - Java whitelisted dataset length: 7716
2016-09-21 19:32:56 TRACE [Thread-0] TRACE:13 - Android whitelisted dataset length: 11261
2016-09-21 19:32:56 TRACE [Thread-0] TRACE:13 - Android support whitelisted dataset length: 436
2016-09-21 19:32:56 TRACE [Thread-0] TRACE:13 - Data loaded!!
2016-09-21 19:34:44 TRACE [Thread-0] TRACE:13 - Loading apkr data structs...
2016-09-21 19:34:44 TRACE [Thread-0] TRACE:13 - Java whitelisted dataset length: 7716
2016-09-21 19:34:44 TRACE [Thread-0] TRACE:13 - Android whitelisted dataset length: 11261
2016-09-21 19:34:44 TRACE [Thread-0] TRACE:13 - Android support whitelisted dataset length: 436
2016-09-21 19:34:44 TRACE [Thread-0] TRACE:13 - Data loaded!!
2016-09-21 19:37:09 TRACE [Thread-0] TRACE:13 - Loading apkr data structs...
2016-09-21 19:37:09 TRACE [Thread-0] TRACE:13 - Java whitelisted dataset length: 7716
2016-09-21 19:37:10 TRACE [Thread-0] TRACE:13 - Android whitelisted dataset length: 11261
2016-09-21 19:37:10 TRACE [Thread-0] TRACE:13 - Android support whitelisted dataset length: 436
2016-09-21 19:37:10 TRACE [Thread-0] TRACE:13 - Data loaded!!
2016-09-21 19:37:57 TRACE [Thread-0] TRACE:13 - Loading apkr data structs...
2016-09-21 19:37:57 TRACE [Thread-0] TRACE:13 - Java whitelisted dataset length: 7716
2016-09-21 19:37:57 TRACE [Thread-0] TRACE:13 - Android whitelisted dataset length: 11261
2016-09-21 19:37:57 TRACE [Thread-0] TRACE:13 - Android support whitelisted dataset length: 436
2016-09-21 19:37:57 TRACE [Thread-0] TRACE:13 - Data loaded!!
2016-09-21 19:38:18 TRACE [Thread-0] TRACE:13 - Loading apkr data structs...
2016-09-21 19:38:18 TRACE [Thread-0] TRACE:13 - Java whitelisted dataset length: 7716
2016-09-21 19:38:18 TRACE [Thread-0] TRACE:13 - Android whitelisted dataset length: 11261
2016-09-21 19:38:18 TRACE [Thread-0] TRACE:13 - Android support whitelisted dataset length: 436
2016-09-21 19:38:18 TRACE [Thread-0] TRACE:13 - Data loaded!!
2016-09-21 19:39:13 TRACE [Thread-0] TRACE:13 - Loading apkr data structs...
2016-09-21 19:39:13 TRACE [Thread-0] TRACE:13 - Java whitelisted dataset length: 7716
2016-09-21 19:39:13 TRACE [Thread-0] TRACE:13 - Android whitelisted dataset length: 11261
2016-09-21 19:39:13 TRACE [Thread-0] TRACE:13 - Android support whitelisted dataset length: 436
2016-09-21 19:39:13 TRACE [Thread-0] TRACE:13 - Data loaded!!
2016-09-21 19:46:27 TRACE [Thread-0] TRACE:13 - Loading apkr data structs...
2016-09-21 19:46:27 TRACE [Thread-0] TRACE:13 - Java whitelisted dataset length: 7716
2016-09-21 19:46:27 TRACE [Thread-0] TRACE:13 - Android whitelisted dataset length: 11261
2016-09-21 19:46:27 TRACE [Thread-0] TRACE:13 - Android support whitelisted dataset length: 436
2016-09-21 19:46:27 TRACE [Thread-0] TRACE:13 - Data loaded!!
